[0.017s] Invoking command in '/home/loki/ros2_ws/build/spider_msgs': CMAKE_PREFIX_PATH=${CMAKE_PREFIX_PATH}:/opt/ros/kilted /usr/bin/cmake --build /home/loki/ros2_ws/build/spider_msgs -- -j16 -l16
[0.089s] -- Found ament_cmake: 2.7.3 (/opt/ros/kilted/share/ament_cmake/cmake)
[0.122s] -- Found Python3: /usr/bin/python3 (found version "3.12.3") found components: Interpreter 
[0.218s] -- Found std_msgs: 5.5.1 (/opt/ros/kilted/share/std_msgs/cmake)
[0.260s] -- Found rosidl_generator_c: 4.9.5 (/opt/ros/kilted/share/rosidl_generator_c/cmake)
[0.272s] -- Found rosidl_generator_cpp: 4.9.5 (/opt/ros/kilted/share/rosidl_generator_cpp/cmake)
[0.290s] -- Using all available rosidl_typesupport_c: rosidl_typesupport_fastrtps_c;rosidl_typesupport_introspection_c
[0.308s] -- Using all available rosidl_typesupport_cpp: rosidl_typesupport_fastrtps_cpp;rosidl_typesupport_introspection_cpp
[0.348s] -- Found geometry_msgs: 5.5.1 (/opt/ros/kilted/share/geometry_msgs/cmake)
[0.370s] -- Found rosidl_default_generators: 1.7.1 (/opt/ros/kilted/share/rosidl_default_generators/cmake)
[0.385s] -- Found rosidl_adapter: 4.9.5 (/opt/ros/kilted/share/rosidl_adapter/cmake)
[0.695s] -- Found ament_cmake_ros_core: 0.14.3 (/opt/ros/kilted/share/ament_cmake_ros_core/cmake)
[0.933s] -- Using all available rosidl_typesupport_c: rosidl_typesupport_fastrtps_c;rosidl_typesupport_introspection_c
[1.027s] -- Using all available rosidl_typesupport_cpp: rosidl_typesupport_fastrtps_cpp;rosidl_typesupport_introspection_cpp
[1.315s] -- Found Python3: /usr/bin/python3 (found version "3.12.3") found components: Interpreter Development NumPy Development.Module Development.Embed 
[1.348s] -- Found ament_lint_auto: 0.19.2 (/opt/ros/kilted/share/ament_lint_auto/cmake)
[1.370s] -- Added test 'lint_cmake' to check CMake code style
[1.372s] -- Added test 'xmllint' to check XML markup files
[1.374s] -- Configuring done (1.3s)
[1.421s] -- Generating done (0.0s)
[1.432s] -- Build files have been written to: /home/loki/ros2_ws/build/spider_msgs
[1.473s] [  1%] Built target spider_msgs__rosidl_generator_type_description
[1.484s] [  1%] Built target ament_cmake_python_copy_spider_msgs
[1.496s] [  2%] Built target spider_msgs__cpp
[1.515s] [ 26%] Built target spider_msgs__rosidl_generator_c
[1.546s] [ 36%] Built target spider_msgs__rosidl_typesupport_introspection_c
[1.548s] [ 45%] Built target spider_msgs__rosidl_typesupport_c
[1.551s] [ 84%] Built target spider_msgs__rosidl_typesupport_fastrtps_c
[1.551s] [ 84%] Built target spider_msgs__rosidl_typesupport_fastrtps_cpp
[1.551s] [ 84%] Built target spider_msgs__rosidl_typesupport_cpp
[1.551s] [ 84%] Built target spider_msgs__rosidl_typesupport_introspection_cpp
[1.575s] [ 84%] Built target spider_msgs
[1.602s] [ 85%] Built target spider_msgs__py
[1.641s] [ 93%] Built target spider_msgs__rosidl_generator_py
[1.668s] [100%] Built target spider_msgs_s__rosidl_typesupport_fastrtps_c
[1.668s] [100%] Built target spider_msgs_s__rosidl_typesupport_introspection_c
[1.669s] [100%] Built target spider_msgs_s__rosidl_typesupport_c
[1.685s] running egg_info
[1.703s] writing spider_msgs.egg-info/PKG-INFO
[1.703s] writing dependency_links to spider_msgs.egg-info/dependency_links.txt
[1.703s] writing top-level names to spider_msgs.egg-info/top_level.txt
[1.755s] reading manifest file 'spider_msgs.egg-info/SOURCES.txt'
[1.755s] writing manifest file 'spider_msgs.egg-info/SOURCES.txt'
[1.784s] [100%] Built target ament_cmake_python_build_spider_msgs_egg
[1.798s] Invoked command in '/home/loki/ros2_ws/build/spider_msgs' returned '0': CMAKE_PREFIX_PATH=${CMAKE_PREFIX_PATH}:/opt/ros/kilted /usr/bin/cmake --build /home/loki/ros2_ws/build/spider_msgs -- -j16 -l16
[1.809s] Invoking command in '/home/loki/ros2_ws/build/spider_msgs': CMAKE_PREFIX_PATH=${CMAKE_PREFIX_PATH}:/opt/ros/kilted /usr/bin/cmake --install /home/loki/ros2_ws/build/spider_msgs
[1.820s] -- Install configuration: ""
[1.820s] -- Up-to-date: /home/loki/ros2_ws/install/spider_msgs/share/ament_index/resource_index/rosidl_interfaces/spider_msgs
[1.820s] -- Up-to-date: /home/loki/ros2_ws/install/spider_msgs/share/spider_msgs/msg/ServoPosition.json
[1.820s] -- Up-to-date: /home/loki/ros2_ws/install/spider_msgs/share/spider_msgs/msg/ServoArray.json
[1.820s] -- Up-to-date: /home/loki/ros2_ws/install/spider_msgs/share/spider_msgs/msg/LegPosition.json
[1.820s] -- Up-to-date: /home/loki/ros2_ws/install/spider_msgs/share/spider_msgs/msg/LegPositions.json
[1.820s] -- Up-to-date: /home/loki/ros2_ws/install/spider_msgs/share/spider_msgs/msg/RobotState.json
[1.820s] -- Up-to-date: /home/loki/ros2_ws/install/spider_msgs/share/spider_msgs/srv/ExecuteBehavior.json
[1.820s] -- Up-to-date: /home/loki/ros2_ws/install/spider_msgs/share/spider_msgs/srv/SetPose.json
[1.820s] -- Up-to-date: /home/loki/ros2_ws/install/spider_msgs/include/spider_msgs/spider_msgs
[1.820s] -- Up-to-date: /home/loki/ros2_ws/install/spider_msgs/include/spider_msgs/spider_msgs/srv
[1.820s] -- Up-to-date: /home/loki/ros2_ws/install/spider_msgs/include/spider_msgs/spider_msgs/srv/detail
[1.821s] -- Up-to-date: /home/loki/ros2_ws/install/spider_msgs/include/spider_msgs/spider_msgs/srv/detail/execute_behavior__functions.h
[1.821s] -- Up-to-date: /home/loki/ros2_ws/install/spider_msgs/include/spider_msgs/spider_msgs/srv/detail/set_pose__struct.h
[1.821s] -- Up-to-date: /home/loki/ros2_ws/install/spider_msgs/include/spider_msgs/spider_msgs/srv/detail/set_pose__type_support.h
[1.821s] -- Up-to-date: /home/loki/ros2_ws/install/spider_msgs/include/spider_msgs/spider_msgs/srv/detail/set_pose__functions.h
[1.821s] -- Up-to-date: /home/loki/ros2_ws/install/spider_msgs/include/spider_msgs/spider_msgs/srv/detail/set_pose__type_support.c
[1.821s] -- Up-to-date: /home/loki/ros2_ws/install/spider_msgs/include/spider_msgs/spider_msgs/srv/detail/execute_behavior__struct.h
[1.821s] -- Up-to-date: /home/loki/ros2_ws/install/spider_msgs/include/spider_msgs/spider_msgs/srv/detail/execute_behavior__description.c
[1.821s] -- Up-to-date: /home/loki/ros2_ws/install/spider_msgs/include/spider_msgs/spider_msgs/srv/detail/execute_behavior__type_support.h
[1.821s] -- Up-to-date: /home/loki/ros2_ws/install/spider_msgs/include/spider_msgs/spider_msgs/srv/detail/execute_behavior__type_support.c
[1.822s] -- Up-to-date: /home/loki/ros2_ws/install/spider_msgs/include/spider_msgs/spider_msgs/srv/detail/set_pose__functions.c
[1.822s] -- Up-to-date: /home/loki/ros2_ws/install/spider_msgs/include/spider_msgs/spider_msgs/srv/detail/execute_behavior__functions.c
[1.822s] -- Up-to-date: /home/loki/ros2_ws/install/spider_msgs/include/spider_msgs/spider_msgs/srv/detail/set_pose__description.c
[1.822s] -- Up-to-date: /home/loki/ros2_ws/install/spider_msgs/include/spider_msgs/spider_msgs/srv/execute_behavior.h
[1.822s] -- Up-to-date: /home/loki/ros2_ws/install/spider_msgs/include/spider_msgs/spider_msgs/srv/set_pose.h
[1.822s] -- Up-to-date: /home/loki/ros2_ws/install/spider_msgs/include/spider_msgs/spider_msgs/msg
[1.822s] -- Up-to-date: /home/loki/ros2_ws/install/spider_msgs/include/spider_msgs/spider_msgs/msg/rosidl_generator_c__visibility_control.h
[1.823s] -- Up-to-date: /home/loki/ros2_ws/install/spider_msgs/include/spider_msgs/spider_msgs/msg/robot_state.h
[1.823s] -- Up-to-date: /home/loki/ros2_ws/install/spider_msgs/include/spider_msgs/spider_msgs/msg/servo_array.h
[1.823s] -- Up-to-date: /home/loki/ros2_ws/install/spider_msgs/include/spider_msgs/spider_msgs/msg/servo_position.h
[1.823s] -- Up-to-date: /home/loki/ros2_ws/install/spider_msgs/include/spider_msgs/spider_msgs/msg/leg_positions.h
[1.823s] -- Up-to-date: /home/loki/ros2_ws/install/spider_msgs/include/spider_msgs/spider_msgs/msg/leg_position.h
[1.823s] -- Up-to-date: /home/loki/ros2_ws/install/spider_msgs/include/spider_msgs/spider_msgs/msg/detail
[1.823s] -- Up-to-date: /home/loki/ros2_ws/install/spider_msgs/include/spider_msgs/spider_msgs/msg/detail/servo_position__type_support.c
[1.823s] -- Up-to-date: /home/loki/ros2_ws/install/spider_msgs/include/spider_msgs/spider_msgs/msg/detail/robot_state__struct.h
[1.823s] -- Up-to-date: /home/loki/ros2_ws/install/spider_msgs/include/spider_msgs/spider_msgs/msg/detail/leg_position__struct.h
[1.823s] -- Up-to-date: /home/loki/ros2_ws/install/spider_msgs/include/spider_msgs/spider_msgs/msg/detail/servo_position__struct.h
[1.823s] -- Up-to-date: /home/loki/ros2_ws/install/spider_msgs/include/spider_msgs/spider_msgs/msg/detail/servo_array__functions.c
[1.823s] -- Up-to-date: /home/loki/ros2_ws/install/spider_msgs/include/spider_msgs/spider_msgs/msg/detail/leg_position__type_support.c
[1.823s] -- Up-to-date: /home/loki/ros2_ws/install/spider_msgs/include/spider_msgs/spider_msgs/msg/detail/leg_positions__functions.c
[1.823s] -- Up-to-date: /home/loki/ros2_ws/install/spider_msgs/include/spider_msgs/spider_msgs/msg/detail/leg_positions__description.c
[1.823s] -- Up-to-date: /home/loki/ros2_ws/install/spider_msgs/include/spider_msgs/spider_msgs/msg/detail/servo_position__functions.h
[1.823s] -- Up-to-date: /home/loki/ros2_ws/install/spider_msgs/include/spider_msgs/spider_msgs/msg/detail/servo_array__type_support.c
[1.823s] -- Up-to-date: /home/loki/ros2_ws/install/spider_msgs/include/spider_msgs/spider_msgs/msg/detail/leg_positions__type_support.h
[1.823s] -- Up-to-date: /home/loki/ros2_ws/install/spider_msgs/include/spider_msgs/spider_msgs/msg/detail/servo_array__struct.h
[1.824s] -- Up-to-date: /home/loki/ros2_ws/install/spider_msgs/include/spider_msgs/spider_msgs/msg/detail/servo_array__functions.h
[1.824s] -- Up-to-date: /home/loki/ros2_ws/install/spider_msgs/include/spider_msgs/spider_msgs/msg/detail/robot_state__description.c
[1.824s] -- Up-to-date: /home/loki/ros2_ws/install/spider_msgs/include/spider_msgs/spider_msgs/msg/detail/robot_state__functions.h
[1.824s] -- Up-to-date: /home/loki/ros2_ws/install/spider_msgs/include/spider_msgs/spider_msgs/msg/detail/leg_position__description.c
[1.824s] -- Up-to-date: /home/loki/ros2_ws/install/spider_msgs/include/spider_msgs/spider_msgs/msg/detail/leg_positions__functions.h
[1.824s] -- Up-to-date: /home/loki/ros2_ws/install/spider_msgs/include/spider_msgs/spider_msgs/msg/detail/robot_state__type_support.h
[1.824s] -- Up-to-date: /home/loki/ros2_ws/install/spider_msgs/include/spider_msgs/spider_msgs/msg/detail/leg_position__functions.c
[1.824s] -- Up-to-date: /home/loki/ros2_ws/install/spider_msgs/include/spider_msgs/spider_msgs/msg/detail/leg_position__type_support.h
[1.824s] -- Up-to-date: /home/loki/ros2_ws/install/spider_msgs/include/spider_msgs/spider_msgs/msg/detail/leg_positions__type_support.c
[1.824s] -- Up-to-date: /home/loki/ros2_ws/install/spider_msgs/include/spider_msgs/spider_msgs/msg/detail/leg_positions__struct.h
[1.824s] -- Up-to-date: /home/loki/ros2_ws/install/spider_msgs/include/spider_msgs/spider_msgs/msg/detail/servo_position__type_support.h
[1.824s] -- Up-to-date: /home/loki/ros2_ws/install/spider_msgs/include/spider_msgs/spider_msgs/msg/detail/servo_array__type_support.h
[1.824s] -- Up-to-date: /home/loki/ros2_ws/install/spider_msgs/include/spider_msgs/spider_msgs/msg/detail/robot_state__functions.c
[1.824s] -- Up-to-date: /home/loki/ros2_ws/install/spider_msgs/include/spider_msgs/spider_msgs/msg/detail/servo_array__description.c
[1.824s] -- Up-to-date: /home/loki/ros2_ws/install/spider_msgs/include/spider_msgs/spider_msgs/msg/detail/leg_position__functions.h
[1.824s] -- Up-to-date: /home/loki/ros2_ws/install/spider_msgs/include/spider_msgs/spider_msgs/msg/detail/servo_position__description.c
[1.824s] -- Up-to-date: /home/loki/ros2_ws/install/spider_msgs/include/spider_msgs/spider_msgs/msg/detail/robot_state__type_support.c
[1.824s] -- Up-to-date: /home/loki/ros2_ws/install/spider_msgs/include/spider_msgs/spider_msgs/msg/detail/servo_position__functions.c
[1.825s] -- Up-to-date: /home/loki/ros2_ws/install/spider_msgs/share/spider_msgs/environment/library_path.sh
[1.825s] -- Up-to-date: /home/loki/ros2_ws/install/spider_msgs/share/spider_msgs/environment/library_path.dsv
[1.825s] -- Up-to-date: /home/loki/ros2_ws/install/spider_msgs/lib/libspider_msgs__rosidl_generator_c.so
[1.825s] -- Up-to-date: /home/loki/ros2_ws/install/spider_msgs/include/spider_msgs/spider_msgs
[1.825s] -- Up-to-date: /home/loki/ros2_ws/install/spider_msgs/include/spider_msgs/spider_msgs/srv
[1.825s] -- Up-to-date: /home/loki/ros2_ws/install/spider_msgs/include/spider_msgs/spider_msgs/srv/detail
[1.825s] -- Up-to-date: /home/loki/ros2_ws/install/spider_msgs/include/spider_msgs/spider_msgs/srv/detail/set_pose__rosidl_typesupport_fastrtps_c.h
[1.825s] -- Up-to-date: /home/loki/ros2_ws/install/spider_msgs/include/spider_msgs/spider_msgs/srv/detail/execute_behavior__rosidl_typesupport_fastrtps_c.h
[1.825s] -- Up-to-date: /home/loki/ros2_ws/install/spider_msgs/include/spider_msgs/spider_msgs/msg
[1.825s] -- Up-to-date: /home/loki/ros2_ws/install/spider_msgs/include/spider_msgs/spider_msgs/msg/rosidl_typesupport_fastrtps_c__visibility_control.h
[1.826s] -- Up-to-date: /home/loki/ros2_ws/install/spider_msgs/include/spider_msgs/spider_msgs/msg/detail
[1.826s] -- Up-to-date: /home/loki/ros2_ws/install/spider_msgs/include/spider_msgs/spider_msgs/msg/detail/leg_positions__rosidl_typesupport_fastrtps_c.h
[1.826s] -- Up-to-date: /home/loki/ros2_ws/install/spider_msgs/include/spider_msgs/spider_msgs/msg/detail/servo_position__rosidl_typesupport_fastrtps_c.h
[1.826s] -- Up-to-date: /home/loki/ros2_ws/install/spider_msgs/include/spider_msgs/spider_msgs/msg/detail/servo_array__rosidl_typesupport_fastrtps_c.h
[1.826s] -- Up-to-date: /home/loki/ros2_ws/install/spider_msgs/include/spider_msgs/spider_msgs/msg/detail/robot_state__rosidl_typesupport_fastrtps_c.h
[1.826s] -- Up-to-date: /home/loki/ros2_ws/install/spider_msgs/include/spider_msgs/spider_msgs/msg/detail/leg_position__rosidl_typesupport_fastrtps_c.h
[1.826s] -- Up-to-date: /home/loki/ros2_ws/install/spider_msgs/lib/libspider_msgs__rosidl_typesupport_fastrtps_c.so
[1.826s] -- Up-to-date: /home/loki/ros2_ws/install/spider_msgs/include/spider_msgs/spider_msgs
[1.826s] -- Up-to-date: /home/loki/ros2_ws/install/spider_msgs/include/spider_msgs/spider_msgs/srv
[1.826s] -- Up-to-date: /home/loki/ros2_ws/install/spider_msgs/include/spider_msgs/spider_msgs/srv/set_pose.hpp
[1.827s] -- Up-to-date: /home/loki/ros2_ws/install/spider_msgs/include/spider_msgs/spider_msgs/srv/detail
[1.827s] -- Up-to-date: /home/loki/ros2_ws/install/spider_msgs/include/spider_msgs/spider_msgs/srv/detail/execute_behavior__type_support.hpp
[1.827s] -- Up-to-date: /home/loki/ros2_ws/install/spider_msgs/include/spider_msgs/spider_msgs/srv/detail/execute_behavior__struct.hpp
[1.827s] -- Up-to-date: /home/loki/ros2_ws/install/spider_msgs/include/spider_msgs/spider_msgs/srv/detail/execute_behavior__builder.hpp
[1.827s] -- Up-to-date: /home/loki/ros2_ws/install/spider_msgs/include/spider_msgs/spider_msgs/srv/detail/set_pose__traits.hpp
[1.827s] -- Up-to-date: /home/loki/ros2_ws/install/spider_msgs/include/spider_msgs/spider_msgs/srv/detail/set_pose__struct.hpp
[1.827s] -- Up-to-date: /home/loki/ros2_ws/install/spider_msgs/include/spider_msgs/spider_msgs/srv/detail/execute_behavior__traits.hpp
[1.827s] -- Up-to-date: /home/loki/ros2_ws/install/spider_msgs/include/spider_msgs/spider_msgs/srv/detail/set_pose__type_support.hpp
[1.827s] -- Up-to-date: /home/loki/ros2_ws/install/spider_msgs/include/spider_msgs/spider_msgs/srv/detail/set_pose__builder.hpp
[1.827s] -- Up-to-date: /home/loki/ros2_ws/install/spider_msgs/include/spider_msgs/spider_msgs/srv/execute_behavior.hpp
[1.827s] -- Up-to-date: /home/loki/ros2_ws/install/spider_msgs/include/spider_msgs/spider_msgs/msg
[1.827s] -- Up-to-date: /home/loki/ros2_ws/install/spider_msgs/include/spider_msgs/spider_msgs/msg/servo_array.hpp
[1.827s] -- Up-to-date: /home/loki/ros2_ws/install/spider_msgs/include/spider_msgs/spider_msgs/msg/robot_state.hpp
[1.827s] -- Up-to-date: /home/loki/ros2_ws/install/spider_msgs/include/spider_msgs/spider_msgs/msg/rosidl_generator_cpp__visibility_control.hpp
[1.827s] -- Up-to-date: /home/loki/ros2_ws/install/spider_msgs/include/spider_msgs/spider_msgs/msg/leg_positions.hpp
[1.827s] -- Up-to-date: /home/loki/ros2_ws/install/spider_msgs/include/spider_msgs/spider_msgs/msg/leg_position.hpp
[1.827s] -- Up-to-date: /home/loki/ros2_ws/install/spider_msgs/include/spider_msgs/spider_msgs/msg/detail
[1.827s] -- Up-to-date: /home/loki/ros2_ws/install/spider_msgs/include/spider_msgs/spider_msgs/msg/detail/leg_positions__builder.hpp
[1.828s] -- Up-to-date: /home/loki/ros2_ws/install/spider_msgs/include/spider_msgs/spider_msgs/msg/detail/servo_array__traits.hpp
[1.828s] -- Up-to-date: /home/loki/ros2_ws/install/spider_msgs/include/spider_msgs/spider_msgs/msg/detail/leg_position__builder.hpp
[1.828s] -- Up-to-date: /home/loki/ros2_ws/install/spider_msgs/include/spider_msgs/spider_msgs/msg/detail/servo_position__type_support.hpp
[1.828s] -- Up-to-date: /home/loki/ros2_ws/install/spider_msgs/include/spider_msgs/spider_msgs/msg/detail/leg_position__traits.hpp
[1.828s] -- Up-to-date: /home/loki/ros2_ws/install/spider_msgs/include/spider_msgs/spider_msgs/msg/detail/leg_position__type_support.hpp
[1.828s] -- Up-to-date: /home/loki/ros2_ws/install/spider_msgs/include/spider_msgs/spider_msgs/msg/detail/servo_position__traits.hpp
[1.828s] -- Up-to-date: /home/loki/ros2_ws/install/spider_msgs/include/spider_msgs/spider_msgs/msg/detail/robot_state__traits.hpp
[1.828s] -- Up-to-date: /home/loki/ros2_ws/install/spider_msgs/include/spider_msgs/spider_msgs/msg/detail/servo_array__type_support.hpp
[1.828s] -- Up-to-date: /home/loki/ros2_ws/install/spider_msgs/include/spider_msgs/spider_msgs/msg/detail/leg_positions__traits.hpp
[1.829s] -- Up-to-date: /home/loki/ros2_ws/install/spider_msgs/include/spider_msgs/spider_msgs/msg/detail/servo_array__struct.hpp
[1.829s] -- Up-to-date: /home/loki/ros2_ws/install/spider_msgs/include/spider_msgs/spider_msgs/msg/detail/servo_position__struct.hpp
[1.829s] -- Up-to-date: /home/loki/ros2_ws/install/spider_msgs/include/spider_msgs/spider_msgs/msg/detail/servo_array__builder.hpp
[1.829s] -- Up-to-date: /home/loki/ros2_ws/install/spider_msgs/include/spider_msgs/spider_msgs/msg/detail/leg_position__struct.hpp
[1.829s] -- Up-to-date: /home/loki/ros2_ws/install/spider_msgs/include/spider_msgs/spider_msgs/msg/detail/leg_positions__type_support.hpp
[1.829s] -- Up-to-date: /home/loki/ros2_ws/install/spider_msgs/include/spider_msgs/spider_msgs/msg/detail/robot_state__struct.hpp
[1.829s] -- Up-to-date: /home/loki/ros2_ws/install/spider_msgs/include/spider_msgs/spider_msgs/msg/detail/leg_positions__struct.hpp
[1.829s] -- Up-to-date: /home/loki/ros2_ws/install/spider_msgs/include/spider_msgs/spider_msgs/msg/detail/robot_state__builder.hpp
[1.829s] -- Up-to-date: /home/loki/ros2_ws/install/spider_msgs/include/spider_msgs/spider_msgs/msg/detail/robot_state__type_support.hpp
[1.829s] -- Up-to-date: /home/loki/ros2_ws/install/spider_msgs/include/spider_msgs/spider_msgs/msg/detail/servo_position__builder.hpp
[1.829s] -- Up-to-date: /home/loki/ros2_ws/install/spider_msgs/include/spider_msgs/spider_msgs/msg/servo_position.hpp
[1.829s] -- Up-to-date: /home/loki/ros2_ws/install/spider_msgs/include/spider_msgs/spider_msgs
[1.829s] -- Up-to-date: /home/loki/ros2_ws/install/spider_msgs/include/spider_msgs/spider_msgs/srv
[1.829s] -- Up-to-date: /home/loki/ros2_ws/install/spider_msgs/include/spider_msgs/spider_msgs/srv/detail
[1.829s] -- Up-to-date: /home/loki/ros2_ws/install/spider_msgs/include/spider_msgs/spider_msgs/srv/detail/execute_behavior__rosidl_typesupport_fastrtps_cpp.hpp
[1.829s] -- Up-to-date: /home/loki/ros2_ws/install/spider_msgs/include/spider_msgs/spider_msgs/srv/detail/dds_fastrtps
[1.830s] -- Up-to-date: /home/loki/ros2_ws/install/spider_msgs/include/spider_msgs/spider_msgs/srv/detail/set_pose__rosidl_typesupport_fastrtps_cpp.hpp
[1.830s] -- Up-to-date: /home/loki/ros2_ws/install/spider_msgs/include/spider_msgs/spider_msgs/msg
[1.830s] -- Up-to-date: /home/loki/ros2_ws/install/spider_msgs/include/spider_msgs/spider_msgs/msg/rosidl_typesupport_fastrtps_cpp__visibility_control.h
[1.830s] -- Up-to-date: /home/loki/ros2_ws/install/spider_msgs/include/spider_msgs/spider_msgs/msg/detail
[1.830s] -- Up-to-date: /home/loki/ros2_ws/install/spider_msgs/include/spider_msgs/spider_msgs/msg/detail/robot_state__rosidl_typesupport_fastrtps_cpp.hpp
[1.830s] -- Up-to-date: /home/loki/ros2_ws/install/spider_msgs/include/spider_msgs/spider_msgs/msg/detail/dds_fastrtps
[1.830s] -- Up-to-date: /home/loki/ros2_ws/install/spider_msgs/include/spider_msgs/spider_msgs/msg/detail/leg_position__rosidl_typesupport_fastrtps_cpp.hpp
[1.830s] -- Up-to-date: /home/loki/ros2_ws/install/spider_msgs/include/spider_msgs/spider_msgs/msg/detail/servo_position__rosidl_typesupport_fastrtps_cpp.hpp
[1.830s] -- Up-to-date: /home/loki/ros2_ws/install/spider_msgs/include/spider_msgs/spider_msgs/msg/detail/servo_array__rosidl_typesupport_fastrtps_cpp.hpp
[1.830s] -- Up-to-date: /home/loki/ros2_ws/install/spider_msgs/include/spider_msgs/spider_msgs/msg/detail/leg_positions__rosidl_typesupport_fastrtps_cpp.hpp
[1.830s] -- Up-to-date: /home/loki/ros2_ws/install/spider_msgs/lib/libspider_msgs__rosidl_typesupport_fastrtps_cpp.so
[1.830s] -- Up-to-date: /home/loki/ros2_ws/install/spider_msgs/include/spider_msgs/spider_msgs
[1.830s] -- Up-to-date: /home/loki/ros2_ws/install/spider_msgs/include/spider_msgs/spider_msgs/srv
[1.830s] -- Up-to-date: /home/loki/ros2_ws/install/spider_msgs/include/spider_msgs/spider_msgs/srv/detail
[1.830s] -- Up-to-date: /home/loki/ros2_ws/install/spider_msgs/include/spider_msgs/spider_msgs/srv/detail/set_pose__type_support.c
[1.830s] -- Up-to-date: /home/loki/ros2_ws/install/spider_msgs/include/spider_msgs/spider_msgs/srv/detail/execute_behavior__type_support.c
[1.830s] -- Up-to-date: /home/loki/ros2_ws/install/spider_msgs/include/spider_msgs/spider_msgs/srv/detail/execute_behavior__rosidl_typesupport_introspection_c.h
[1.830s] -- Up-to-date: /home/loki/ros2_ws/install/spider_msgs/include/spider_msgs/spider_msgs/srv/detail/set_pose__rosidl_typesupport_introspection_c.h
[1.830s] -- Up-to-date: /home/loki/ros2_ws/install/spider_msgs/include/spider_msgs/spider_msgs/msg
[1.831s] -- Up-to-date: /home/loki/ros2_ws/install/spider_msgs/include/spider_msgs/spider_msgs/msg/rosidl_typesupport_introspection_c__visibility_control.h
[1.831s] -- Up-to-date: /home/loki/ros2_ws/install/spider_msgs/include/spider_msgs/spider_msgs/msg/detail
[1.831s] -- Up-to-date: /home/loki/ros2_ws/install/spider_msgs/include/spider_msgs/spider_msgs/msg/detail/robot_state__rosidl_typesupport_introspection_c.h
[1.831s] -- Up-to-date: /home/loki/ros2_ws/install/spider_msgs/include/spider_msgs/spider_msgs/msg/detail/leg_position__rosidl_typesupport_introspection_c.h
[1.831s] -- Up-to-date: /home/loki/ros2_ws/install/spider_msgs/include/spider_msgs/spider_msgs/msg/detail/servo_position__type_support.c
[1.831s] -- Up-to-date: /home/loki/ros2_ws/install/spider_msgs/include/spider_msgs/spider_msgs/msg/detail/leg_position__type_support.c
[1.831s] -- Up-to-date: /home/loki/ros2_ws/install/spider_msgs/include/spider_msgs/spider_msgs/msg/detail/servo_position__rosidl_typesupport_introspection_c.h
[1.831s] -- Up-to-date: /home/loki/ros2_ws/install/spider_msgs/include/spider_msgs/spider_msgs/msg/detail/servo_array__type_support.c
[1.831s] -- Up-to-date: /home/loki/ros2_ws/install/spider_msgs/include/spider_msgs/spider_msgs/msg/detail/servo_array__rosidl_typesupport_introspection_c.h
[1.831s] -- Up-to-date: /home/loki/ros2_ws/install/spider_msgs/include/spider_msgs/spider_msgs/msg/detail/leg_positions__rosidl_typesupport_introspection_c.h
[1.831s] -- Up-to-date: /home/loki/ros2_ws/install/spider_msgs/include/spider_msgs/spider_msgs/msg/detail/leg_positions__type_support.c
[1.831s] -- Up-to-date: /home/loki/ros2_ws/install/spider_msgs/include/spider_msgs/spider_msgs/msg/detail/robot_state__type_support.c
[1.831s] -- Up-to-date: /home/loki/ros2_ws/install/spider_msgs/lib/libspider_msgs__rosidl_typesupport_introspection_c.so
[1.831s] -- Up-to-date: /home/loki/ros2_ws/install/spider_msgs/lib/libspider_msgs__rosidl_typesupport_c.so
[1.831s] -- Up-to-date: /home/loki/ros2_ws/install/spider_msgs/include/spider_msgs/spider_msgs
[1.831s] -- Up-to-date: /home/loki/ros2_ws/install/spider_msgs/include/spider_msgs/spider_msgs/srv
[1.831s] -- Up-to-date: /home/loki/ros2_ws/install/spider_msgs/include/spider_msgs/spider_msgs/srv/detail
[1.831s] -- Up-to-date: /home/loki/ros2_ws/install/spider_msgs/include/spider_msgs/spider_msgs/srv/detail/set_pose__type_support.cpp
[1.831s] -- Up-to-date: /home/loki/ros2_ws/install/spider_msgs/include/spider_msgs/spider_msgs/srv/detail/set_pose__rosidl_typesupport_introspection_cpp.hpp
[1.831s] -- Up-to-date: /home/loki/ros2_ws/install/spider_msgs/include/spider_msgs/spider_msgs/srv/detail/execute_behavior__rosidl_typesupport_introspection_cpp.hpp
[1.832s] -- Up-to-date: /home/loki/ros2_ws/install/spider_msgs/include/spider_msgs/spider_msgs/srv/detail/execute_behavior__type_support.cpp
[1.832s] -- Up-to-date: /home/loki/ros2_ws/install/spider_msgs/include/spider_msgs/spider_msgs/msg
[1.832s] -- Up-to-date: /home/loki/ros2_ws/install/spider_msgs/include/spider_msgs/spider_msgs/msg/detail
[1.832s] -- Up-to-date: /home/loki/ros2_ws/install/spider_msgs/include/spider_msgs/spider_msgs/msg/detail/leg_position__type_support.cpp
[1.832s] -- Up-to-date: /home/loki/ros2_ws/install/spider_msgs/include/spider_msgs/spider_msgs/msg/detail/robot_state__type_support.cpp
[1.832s] -- Up-to-date: /home/loki/ros2_ws/install/spider_msgs/include/spider_msgs/spider_msgs/msg/detail/servo_array__type_support.cpp
[1.832s] -- Up-to-date: /home/loki/ros2_ws/install/spider_msgs/include/spider_msgs/spider_msgs/msg/detail/servo_position__type_support.cpp
[1.832s] -- Up-to-date: /home/loki/ros2_ws/install/spider_msgs/include/spider_msgs/spider_msgs/msg/detail/leg_positions__rosidl_typesupport_introspection_cpp.hpp
[1.832s] -- Up-to-date: /home/loki/ros2_ws/install/spider_msgs/include/spider_msgs/spider_msgs/msg/detail/robot_state__rosidl_typesupport_introspection_cpp.hpp
[1.832s] -- Up-to-date: /home/loki/ros2_ws/install/spider_msgs/include/spider_msgs/spider_msgs/msg/detail/leg_positions__type_support.cpp
[1.832s] -- Up-to-date: /home/loki/ros2_ws/install/spider_msgs/include/spider_msgs/spider_msgs/msg/detail/leg_position__rosidl_typesupport_introspection_cpp.hpp
[1.832s] -- Up-to-date: /home/loki/ros2_ws/install/spider_msgs/include/spider_msgs/spider_msgs/msg/detail/servo_position__rosidl_typesupport_introspection_cpp.hpp
[1.832s] -- Up-to-date: /home/loki/ros2_ws/install/spider_msgs/include/spider_msgs/spider_msgs/msg/detail/servo_array__rosidl_typesupport_introspection_cpp.hpp
[1.832s] -- Up-to-date: /home/loki/ros2_ws/install/spider_msgs/lib/libspider_msgs__rosidl_typesupport_introspection_cpp.so
[1.832s] -- Up-to-date: /home/loki/ros2_ws/install/spider_msgs/lib/libspider_msgs__rosidl_typesupport_cpp.so
[1.832s] -- Up-to-date: /home/loki/ros2_ws/install/spider_msgs/share/spider_msgs/environment/pythonpath.sh
[1.832s] -- Up-to-date: /home/loki/ros2_ws/install/spider_msgs/share/spider_msgs/environment/pythonpath.dsv
[1.832s] -- Up-to-date: /home/loki/ros2_ws/install/spider_msgs/lib/python3.12/site-packages/spider_msgs-0.0.0-py3.12.egg-info
[1.832s] -- Installing: /home/loki/ros2_ws/install/spider_msgs/lib/python3.12/site-packages/spider_msgs-0.0.0-py3.12.egg-info/dependency_links.txt
[1.832s] -- Installing: /home/loki/ros2_ws/install/spider_msgs/lib/python3.12/site-packages/spider_msgs-0.0.0-py3.12.egg-info/top_level.txt
[1.833s] -- Installing: /home/loki/ros2_ws/install/spider_msgs/lib/python3.12/site-packages/spider_msgs-0.0.0-py3.12.egg-info/PKG-INFO
[1.833s] -- Installing: /home/loki/ros2_ws/install/spider_msgs/lib/python3.12/site-packages/spider_msgs-0.0.0-py3.12.egg-info/SOURCES.txt
[1.833s] -- Up-to-date: /home/loki/ros2_ws/install/spider_msgs/lib/python3.12/site-packages/spider_msgs
[1.833s] -- Installing: /home/loki/ros2_ws/install/spider_msgs/lib/python3.12/site-packages/spider_msgs/__init__.py
[1.833s] -- Up-to-date: /home/loki/ros2_ws/install/spider_msgs/lib/python3.12/site-packages/spider_msgs/spider_msgs_s__rosidl_typesupport_fastrtps_c.so
[1.833s] -- Up-to-date: /home/loki/ros2_ws/install/spider_msgs/lib/python3.12/site-packages/spider_msgs/_spider_msgs_s.ep.rosidl_typesupport_fastrtps_c.c
[1.833s] -- Up-to-date: /home/loki/ros2_ws/install/spider_msgs/lib/python3.12/site-packages/spider_msgs/srv
[1.833s] -- Up-to-date: /home/loki/ros2_ws/install/spider_msgs/lib/python3.12/site-packages/spider_msgs/srv/__init__.py
[1.833s] -- Up-to-date: /home/loki/ros2_ws/install/spider_msgs/lib/python3.12/site-packages/spider_msgs/srv/_execute_behavior.py
[1.833s] -- Up-to-date: /home/loki/ros2_ws/install/spider_msgs/lib/python3.12/site-packages/spider_msgs/srv/_set_pose_s.c
[1.833s] -- Up-to-date: /home/loki/ros2_ws/install/spider_msgs/lib/python3.12/site-packages/spider_msgs/srv/_execute_behavior_s.c
[1.833s] -- Up-to-date: /home/loki/ros2_ws/install/spider_msgs/lib/python3.12/site-packages/spider_msgs/srv/_set_pose.py
[1.833s] -- Up-to-date: /home/loki/ros2_ws/install/spider_msgs/lib/python3.12/site-packages/spider_msgs/spider_msgs_s__rosidl_typesupport_c.so
[1.833s] -- Up-to-date: /home/loki/ros2_ws/install/spider_msgs/lib/python3.12/site-packages/spider_msgs/_spider_msgs_s.ep.rosidl_typesupport_introspection_c.c
[1.833s] -- Up-to-date: /home/loki/ros2_ws/install/spider_msgs/lib/python3.12/site-packages/spider_msgs/msg
[1.833s] -- Up-to-date: /home/loki/ros2_ws/install/spider_msgs/lib/python3.12/site-packages/spider_msgs/msg/_servo_position.py
[1.833s] -- Up-to-date: /home/loki/ros2_ws/install/spider_msgs/lib/python3.12/site-packages/spider_msgs/msg/__init__.py
[1.833s] -- Up-to-date: /home/loki/ros2_ws/install/spider_msgs/lib/python3.12/site-packages/spider_msgs/msg/_servo_position_s.c
[1.833s] -- Up-to-date: /home/loki/ros2_ws/install/spider_msgs/lib/python3.12/site-packages/spider_msgs/msg/_leg_position_s.c
[1.833s] -- Up-to-date: /home/loki/ros2_ws/install/spider_msgs/lib/python3.12/site-packages/spider_msgs/msg/_leg_position.py
[1.833s] -- Up-to-date: /home/loki/ros2_ws/install/spider_msgs/lib/python3.12/site-packages/spider_msgs/msg/_leg_positions_s.c
[1.834s] -- Up-to-date: /home/loki/ros2_ws/install/spider_msgs/lib/python3.12/site-packages/spider_msgs/msg/_robot_state_s.c
[1.834s] -- Up-to-date: /home/loki/ros2_ws/install/spider_msgs/lib/python3.12/site-packages/spider_msgs/msg/_leg_positions.py
[1.834s] -- Up-to-date: /home/loki/ros2_ws/install/spider_msgs/lib/python3.12/site-packages/spider_msgs/msg/_servo_array.py
[1.834s] -- Up-to-date: /home/loki/ros2_ws/install/spider_msgs/lib/python3.12/site-packages/spider_msgs/msg/_servo_array_s.c
[1.834s] -- Up-to-date: /home/loki/ros2_ws/install/spider_msgs/lib/python3.12/site-packages/spider_msgs/msg/_robot_state.py
[1.834s] -- Up-to-date: /home/loki/ros2_ws/install/spider_msgs/lib/python3.12/site-packages/spider_msgs/_spider_msgs_s.ep.rosidl_typesupport_c.c
[1.834s] -- Up-to-date: /home/loki/ros2_ws/install/spider_msgs/lib/python3.12/site-packages/spider_msgs/spider_msgs_s__rosidl_typesupport_introspection_c.so
[1.858s] Listing '/home/loki/ros2_ws/install/spider_msgs/lib/python3.12/site-packages/spider_msgs'...
[1.858s] Compiling '/home/loki/ros2_ws/install/spider_msgs/lib/python3.12/site-packages/spider_msgs/__init__.py'...
[1.858s] Listing '/home/loki/ros2_ws/install/spider_msgs/lib/python3.12/site-packages/spider_msgs/msg'...
[1.859s] Listing '/home/loki/ros2_ws/install/spider_msgs/lib/python3.12/site-packages/spider_msgs/srv'...
[1.863s] -- Up-to-date: /home/loki/ros2_ws/install/spider_msgs/lib/python3.12/site-packages/spider_msgs/spider_msgs_s__rosidl_typesupport_fastrtps_c.so
[1.863s] -- Up-to-date: /home/loki/ros2_ws/install/spider_msgs/lib/python3.12/site-packages/spider_msgs/spider_msgs_s__rosidl_typesupport_introspection_c.so
[1.864s] -- Up-to-date: /home/loki/ros2_ws/install/spider_msgs/lib/python3.12/site-packages/spider_msgs/spider_msgs_s__rosidl_typesupport_c.so
[1.864s] -- Up-to-date: /home/loki/ros2_ws/install/spider_msgs/lib/libspider_msgs__rosidl_generator_py.so
[1.864s] -- Up-to-date: /home/loki/ros2_ws/install/spider_msgs/share/spider_msgs/msg/ServoPosition.idl
[1.864s] -- Up-to-date: /home/loki/ros2_ws/install/spider_msgs/share/spider_msgs/msg/ServoArray.idl
[1.864s] -- Up-to-date: /home/loki/ros2_ws/install/spider_msgs/share/spider_msgs/msg/LegPosition.idl
[1.864s] -- Up-to-date: /home/loki/ros2_ws/install/spider_msgs/share/spider_msgs/msg/LegPositions.idl
[1.864s] -- Up-to-date: /home/loki/ros2_ws/install/spider_msgs/share/spider_msgs/msg/RobotState.idl
[1.864s] -- Up-to-date: /home/loki/ros2_ws/install/spider_msgs/share/spider_msgs/srv/ExecuteBehavior.idl
[1.864s] -- Up-to-date: /home/loki/ros2_ws/install/spider_msgs/share/spider_msgs/srv/SetPose.idl
[1.864s] -- Installing: /home/loki/ros2_ws/install/spider_msgs/share/spider_msgs/msg/ServoPosition.msg
[1.864s] -- Installing: /home/loki/ros2_ws/install/spider_msgs/share/spider_msgs/msg/ServoArray.msg
[1.865s] -- Installing: /home/loki/ros2_ws/install/spider_msgs/share/spider_msgs/msg/LegPosition.msg
[1.865s] -- Installing: /home/loki/ros2_ws/install/spider_msgs/share/spider_msgs/msg/LegPositions.msg
[1.865s] -- Installing: /home/loki/ros2_ws/install/spider_msgs/share/spider_msgs/msg/RobotState.msg
[1.865s] -- Installing: /home/loki/ros2_ws/install/spider_msgs/share/spider_msgs/srv/ExecuteBehavior.srv
[1.865s] -- Installing: /home/loki/ros2_ws/install/spider_msgs/share/spider_msgs/srv/SetPose.srv
[1.865s] -- Up-to-date: /home/loki/ros2_ws/install/spider_msgs/share/ament_index/resource_index/package_run_dependencies/spider_msgs
[1.865s] -- Up-to-date: /home/loki/ros2_ws/install/spider_msgs/share/ament_index/resource_index/parent_prefix_path/spider_msgs
[1.865s] -- Up-to-date: /home/loki/ros2_ws/install/spider_msgs/share/spider_msgs/environment/ament_prefix_path.sh
[1.865s] -- Up-to-date: /home/loki/ros2_ws/install/spider_msgs/share/spider_msgs/environment/ament_prefix_path.dsv
[1.865s] -- Up-to-date: /home/loki/ros2_ws/install/spider_msgs/share/spider_msgs/environment/path.sh
[1.866s] -- Up-to-date: /home/loki/ros2_ws/install/spider_msgs/share/spider_msgs/environment/path.dsv
[1.866s] -- Up-to-date: /home/loki/ros2_ws/install/spider_msgs/share/spider_msgs/local_setup.bash
[1.866s] -- Up-to-date: /home/loki/ros2_ws/install/spider_msgs/share/spider_msgs/local_setup.sh
[1.866s] -- Up-to-date: /home/loki/ros2_ws/install/spider_msgs/share/spider_msgs/local_setup.zsh
[1.866s] -- Up-to-date: /home/loki/ros2_ws/install/spider_msgs/share/spider_msgs/local_setup.dsv
[1.866s] -- Installing: /home/loki/ros2_ws/install/spider_msgs/share/spider_msgs/package.dsv
[1.866s] -- Up-to-date: /home/loki/ros2_ws/install/spider_msgs/share/ament_index/resource_index/packages/spider_msgs
[1.866s] -- Up-to-date: /home/loki/ros2_ws/install/spider_msgs/share/spider_msgs/cmake/export_spider_msgs__rosidl_generator_cExport.cmake
[1.866s] -- Up-to-date: /home/loki/ros2_ws/install/spider_msgs/share/spider_msgs/cmake/export_spider_msgs__rosidl_generator_cExport-noconfig.cmake
[1.866s] -- Up-to-date: /home/loki/ros2_ws/install/spider_msgs/share/spider_msgs/cmake/export_spider_msgs__rosidl_typesupport_fastrtps_cExport.cmake
[1.866s] -- Up-to-date: /home/loki/ros2_ws/install/spider_msgs/share/spider_msgs/cmake/export_spider_msgs__rosidl_typesupport_fastrtps_cExport-noconfig.cmake
[1.866s] -- Up-to-date: /home/loki/ros2_ws/install/spider_msgs/share/spider_msgs/cmake/export_spider_msgs__rosidl_generator_cppExport.cmake
[1.866s] -- Up-to-date: /home/loki/ros2_ws/install/spider_msgs/share/spider_msgs/cmake/export_spider_msgs__rosidl_typesupport_fastrtps_cppExport.cmake
[1.866s] -- Up-to-date: /home/loki/ros2_ws/install/spider_msgs/share/spider_msgs/cmake/export_spider_msgs__rosidl_typesupport_fastrtps_cppExport-noconfig.cmake
[1.866s] -- Up-to-date: /home/loki/ros2_ws/install/spider_msgs/share/spider_msgs/cmake/spider_msgs__rosidl_typesupport_introspection_cExport.cmake
[1.866s] -- Up-to-date: /home/loki/ros2_ws/install/spider_msgs/share/spider_msgs/cmake/spider_msgs__rosidl_typesupport_introspection_cExport-noconfig.cmake
[1.866s] -- Up-to-date: /home/loki/ros2_ws/install/spider_msgs/share/spider_msgs/cmake/spider_msgs__rosidl_typesupport_cExport.cmake
[1.867s] -- Up-to-date: /home/loki/ros2_ws/install/spider_msgs/share/spider_msgs/cmake/spider_msgs__rosidl_typesupport_cExport-noconfig.cmake
[1.867s] -- Up-to-date: /home/loki/ros2_ws/install/spider_msgs/share/spider_msgs/cmake/spider_msgs__rosidl_typesupport_introspection_cppExport.cmake
[1.867s] -- Up-to-date: /home/loki/ros2_ws/install/spider_msgs/share/spider_msgs/cmake/spider_msgs__rosidl_typesupport_introspection_cppExport-noconfig.cmake
[1.867s] -- Up-to-date: /home/loki/ros2_ws/install/spider_msgs/share/spider_msgs/cmake/spider_msgs__rosidl_typesupport_cppExport.cmake
[1.867s] -- Up-to-date: /home/loki/ros2_ws/install/spider_msgs/share/spider_msgs/cmake/spider_msgs__rosidl_typesupport_cppExport-noconfig.cmake
[1.867s] -- Up-to-date: /home/loki/ros2_ws/install/spider_msgs/share/spider_msgs/cmake/export_spider_msgs__rosidl_generator_pyExport.cmake
[1.867s] -- Up-to-date: /home/loki/ros2_ws/install/spider_msgs/share/spider_msgs/cmake/export_spider_msgs__rosidl_generator_pyExport-noconfig.cmake
[1.867s] -- Up-to-date: /home/loki/ros2_ws/install/spider_msgs/share/spider_msgs/cmake/rosidl_cmake-extras.cmake
[1.867s] -- Up-to-date: /home/loki/ros2_ws/install/spider_msgs/share/spider_msgs/cmake/ament_cmake_export_dependencies-extras.cmake
[1.867s] -- Up-to-date: /home/loki/ros2_ws/install/spider_msgs/share/spider_msgs/cmake/ament_cmake_export_include_directories-extras.cmake
[1.867s] -- Up-to-date: /home/loki/ros2_ws/install/spider_msgs/share/spider_msgs/cmake/ament_cmake_export_libraries-extras.cmake
[1.867s] -- Up-to-date: /home/loki/ros2_ws/install/spider_msgs/share/spider_msgs/cmake/ament_cmake_export_targets-extras.cmake
[1.867s] -- Up-to-date: /home/loki/ros2_ws/install/spider_msgs/share/spider_msgs/cmake/rosidl_cmake_export_typesupport_targets-extras.cmake
[1.867s] -- Up-to-date: /home/loki/ros2_ws/install/spider_msgs/share/spider_msgs/cmake/rosidl_cmake_export_typesupport_libraries-extras.cmake
[1.867s] -- Up-to-date: /home/loki/ros2_ws/install/spider_msgs/share/spider_msgs/cmake/spider_msgsConfig.cmake
[1.867s] -- Up-to-date: /home/loki/ros2_ws/install/spider_msgs/share/spider_msgs/cmake/spider_msgsConfig-version.cmake
[1.867s] -- Installing: /home/loki/ros2_ws/install/spider_msgs/share/spider_msgs/package.xml
[1.870s] Invoked command in '/home/loki/ros2_ws/build/spider_msgs' returned '0': CMAKE_PREFIX_PATH=${CMAKE_PREFIX_PATH}:/opt/ros/kilted /usr/bin/cmake --install /home/loki/ros2_ws/build/spider_msgs
