[0.740s] Invoking command in '/home/loki/ros2_ws/src/spider_hardware': PYTHONPATH=/home/loki/ros2_ws/build/spider_hardware/prefix_override:/usr/lib/python3/dist-packages/colcon_core/task/python/colcon_distutils_commands:/home/loki/ros2_ws/install/spider_hardware/lib/python3.12/site-packages:/home/loki/ros2_ws/install/spider_msgs/lib/python3.12/site-packages:/home/loki/ros2_ws/install/spider_bringup/lib/python3.12/site-packages:/home/loki/ros2_ws/install/spider_kinematics/lib/python3.12/site-packages:/home/loki/ros2_ws/install/spider_hardware/lib/python3.12/site-packages:/home/loki/ros2_ws/install/spider_behavior/lib/python3.12/site-packages:/opt/ros/kilted/lib/python3.12/site-packages /usr/bin/python3 -W ignore:setup.py install is deprecated -W ignore:easy_install command is deprecated setup.py egg_info --egg-base ../../build/spider_hardware build --build-base /home/loki/ros2_ws/build/spider_hardware/build install --record /home/loki/ros2_ws/build/spider_hardware/install.log --single-version-externally-managed install_data
[0.964s] running egg_info
[0.980s] writing ../../build/spider_hardware/spider_hardware.egg-info/PKG-INFO
[0.980s] writing dependency_links to ../../build/spider_hardware/spider_hardware.egg-info/dependency_links.txt
[0.980s] writing entry points to ../../build/spider_hardware/spider_hardware.egg-info/entry_points.txt
[0.980s] writing requirements to ../../build/spider_hardware/spider_hardware.egg-info/requires.txt
[0.981s] writing top-level names to ../../build/spider_hardware/spider_hardware.egg-info/top_level.txt
[1.013s] reading manifest file '../../build/spider_hardware/spider_hardware.egg-info/SOURCES.txt'
[1.014s] writing manifest file '../../build/spider_hardware/spider_hardware.egg-info/SOURCES.txt'
[1.014s] running build
[1.014s] running build_py
[1.014s] copying spider_hardware/servo_controller_node.py -> /home/loki/ros2_ws/build/spider_hardware/build/lib/spider_hardware
[1.014s] running install
[1.019s] running install_lib
[1.036s] copying /home/loki/ros2_ws/build/spider_hardware/build/lib/spider_hardware/servo_controller_node.py -> /home/loki/ros2_ws/install/spider_hardware/lib/python3.12/site-packages/spider_hardware
[1.037s] byte-compiling /home/loki/ros2_ws/install/spider_hardware/lib/python3.12/site-packages/spider_hardware/servo_controller_node.py to servo_controller_node.cpython-312.pyc
[1.038s] running install_data
[1.038s] running install_egg_info
[1.055s] removing '/home/loki/ros2_ws/install/spider_hardware/lib/python3.12/site-packages/spider_hardware-0.0.0-py3.12.egg-info' (and everything under it)
[1.056s] Copying ../../build/spider_hardware/spider_hardware.egg-info to /home/loki/ros2_ws/install/spider_hardware/lib/python3.12/site-packages/spider_hardware-0.0.0-py3.12.egg-info
[1.056s] running install_scripts
[1.169s] Installing servo_controller_node script to /home/loki/ros2_ws/install/spider_hardware/lib/spider_hardware
[1.169s] writing list of installed files to '/home/loki/ros2_ws/build/spider_hardware/install.log'
[1.196s] Invoked command in '/home/loki/ros2_ws/src/spider_hardware' returned '0': PYTHONPATH=/home/loki/ros2_ws/build/spider_hardware/prefix_override:/usr/lib/python3/dist-packages/colcon_core/task/python/colcon_distutils_commands:/home/loki/ros2_ws/install/spider_hardware/lib/python3.12/site-packages:/home/loki/ros2_ws/install/spider_msgs/lib/python3.12/site-packages:/home/loki/ros2_ws/install/spider_bringup/lib/python3.12/site-packages:/home/loki/ros2_ws/install/spider_kinematics/lib/python3.12/site-packages:/home/loki/ros2_ws/install/spider_hardware/lib/python3.12/site-packages:/home/loki/ros2_ws/install/spider_behavior/lib/python3.12/site-packages:/opt/ros/kilted/lib/python3.12/site-packages /usr/bin/python3 -W ignore:setup.py install is deprecated -W ignore:easy_install command is deprecated setup.py egg_info --egg-base ../../build/spider_hardware build --build-base /home/loki/ros2_ws/build/spider_hardware/build install --record /home/loki/ros2_ws/build/spider_hardware/install.log --single-version-externally-managed install_data
