[1.285s] Invoking command in '/home/loki/ros2_ws/src/spider_hardware': AMENT_PREFIX_PATH=/home/loki/ros2_ws/install/spider_msgs:${AMENT_PREFIX_PATH} CMAKE_PREFIX_PATH=/home/loki/ros2_ws/install/spider_msgs:${CMAKE_PREFIX_PATH} LD_LIBRARY_PATH=/home/loki/ros2_ws/install/spider_msgs/lib:${LD_LIBRARY_PATH} PYTHONPATH=/home/loki/ros2_ws/build/spider_hardware/prefix_override:/usr/lib/python3/dist-packages/colcon_core/task/python/colcon_distutils_commands:/home/loki/ros2_ws/install/spider_hardware/lib/python3.12/site-packages:/home/loki/ros2_ws/install/spider_msgs/lib/python3.12/site-packages:${PYTHONPATH} /usr/bin/python3 -W ignore:setup.py install is deprecated -W ignore:easy_install command is deprecated setup.py egg_info --egg-base ../../build/spider_hardware build --build-base /home/loki/ros2_ws/build/spider_hardware/build install --record /home/loki/ros2_ws/build/spider_hardware/install.log --single-version-externally-managed install_data
[1.513s] running egg_info
[1.513s] creating ../../build/spider_hardware/spider_hardware.egg-info
[1.530s] writing ../../build/spider_hardware/spider_hardware.egg-info/PKG-INFO
[1.530s] writing dependency_links to ../../build/spider_hardware/spider_hardware.egg-info/dependency_links.txt
[1.530s] writing entry points to ../../build/spider_hardware/spider_hardware.egg-info/entry_points.txt
[1.530s] writing requirements to ../../build/spider_hardware/spider_hardware.egg-info/requires.txt
[1.530s] writing top-level names to ../../build/spider_hardware/spider_hardware.egg-info/top_level.txt
[1.530s] writing manifest file '../../build/spider_hardware/spider_hardware.egg-info/SOURCES.txt'
[1.564s] reading manifest file '../../build/spider_hardware/spider_hardware.egg-info/SOURCES.txt'
[1.565s] writing manifest file '../../build/spider_hardware/spider_hardware.egg-info/SOURCES.txt'
[1.565s] running build
[1.565s] running build_py
[1.565s] creating /home/loki/ros2_ws/build/spider_hardware/build
[1.565s] creating /home/loki/ros2_ws/build/spider_hardware/build/lib
[1.565s] creating /home/loki/ros2_ws/build/spider_hardware/build/lib/spider_hardware
[1.565s] copying spider_hardware/__init__.py -> /home/loki/ros2_ws/build/spider_hardware/build/lib/spider_hardware
[1.566s] copying spider_hardware/servo_controller_node.py -> /home/loki/ros2_ws/build/spider_hardware/build/lib/spider_hardware
[1.566s] running install
[1.571s] running install_lib
[1.588s] creating /home/loki/ros2_ws/install/spider_hardware/lib/python3.12/site-packages/spider_hardware
[1.588s] copying /home/loki/ros2_ws/build/spider_hardware/build/lib/spider_hardware/__init__.py -> /home/loki/ros2_ws/install/spider_hardware/lib/python3.12/site-packages/spider_hardware
[1.588s] copying /home/loki/ros2_ws/build/spider_hardware/build/lib/spider_hardware/servo_controller_node.py -> /home/loki/ros2_ws/install/spider_hardware/lib/python3.12/site-packages/spider_hardware
[1.588s] byte-compiling /home/loki/ros2_ws/install/spider_hardware/lib/python3.12/site-packages/spider_hardware/__init__.py to __init__.cpython-312.pyc
[1.588s] byte-compiling /home/loki/ros2_ws/install/spider_hardware/lib/python3.12/site-packages/spider_hardware/servo_controller_node.py to servo_controller_node.cpython-312.pyc
[1.589s] running install_data
[1.589s] creating /home/loki/ros2_ws/install/spider_hardware/share/ament_index
[1.590s] creating /home/loki/ros2_ws/install/spider_hardware/share/ament_index/resource_index
[1.590s] creating /home/loki/ros2_ws/install/spider_hardware/share/ament_index/resource_index/packages
[1.590s] copying resource/spider_hardware -> /home/loki/ros2_ws/install/spider_hardware/share/ament_index/resource_index/packages
[1.590s] copying package.xml -> /home/loki/ros2_ws/install/spider_hardware/share/spider_hardware
[1.590s] running install_egg_info
[1.608s] Copying ../../build/spider_hardware/spider_hardware.egg-info to /home/loki/ros2_ws/install/spider_hardware/lib/python3.12/site-packages/spider_hardware-0.0.0-py3.12.egg-info
[1.609s] running install_scripts
[1.724s] Installing servo_controller_node script to /home/loki/ros2_ws/install/spider_hardware/lib/spider_hardware
[1.725s] writing list of installed files to '/home/loki/ros2_ws/build/spider_hardware/install.log'
[1.758s] Invoked command in '/home/loki/ros2_ws/src/spider_hardware' returned '0': AMENT_PREFIX_PATH=/home/loki/ros2_ws/install/spider_msgs:${AMENT_PREFIX_PATH} CMAKE_PREFIX_PATH=/home/loki/ros2_ws/install/spider_msgs:${CMAKE_PREFIX_PATH} LD_LIBRARY_PATH=/home/loki/ros2_ws/install/spider_msgs/lib:${LD_LIBRARY_PATH} PYTHONPATH=/home/loki/ros2_ws/build/spider_hardware/prefix_override:/usr/lib/python3/dist-packages/colcon_core/task/python/colcon_distutils_commands:/home/loki/ros2_ws/install/spider_hardware/lib/python3.12/site-packages:/home/loki/ros2_ws/install/spider_msgs/lib/python3.12/site-packages:${PYTHONPATH} /usr/bin/python3 -W ignore:setup.py install is deprecated -W ignore:easy_install command is deprecated setup.py egg_info --egg-base ../../build/spider_hardware build --build-base /home/loki/ros2_ws/build/spider_hardware/build install --record /home/loki/ros2_ws/build/spider_hardware/install.log --single-version-externally-managed install_data
