[0.182s] DEBUG:colcon:Command line arguments: ['/usr/bin/colcon', 'build', '--packages-select', 'spider_msgs']
[0.182s] DEBUG:colcon:Parsed command line arguments: Namespace(log_base=None, log_level=None, verb_name='build', build_base='build', install_base='install', merge_install=False, symlink_install=False, test_result_base=None, continue_on_error=False, executor='parallel', parallel_workers=16, event_handlers=None, ignore_user_meta=False, metas=['./colcon.meta'], base_paths=['.'], packages_ignore=None, packages_ignore_regex=None, paths=None, packages_up_to=None, packages_up_to_regex=None, packages_above=None, packages_above_and_dependencies=None, packages_above_depth=None, packages_select_by_dep=None, packages_skip_by_dep=None, packages_skip_up_to=None, packages_select_build_failed=False, packages_skip_build_finished=False, packages_select_test_failures=False, packages_skip_test_passed=False, packages_select=['spider_msgs'], packages_skip=None, packages_select_regex=None, packages_skip_regex=None, packages_start=None, packages_end=None, allow_overriding=[], cmake_args=None, cmake_target=None, cmake_target_skip_unavailable=False, cmake_clean_cache=False, cmake_clean_first=False, cmake_force_configure=False, ament_cmake_args=None, catkin_cmake_args=None, catkin_skip_building_tests=False, mixin_files=None, mixin=None, verb_parser=<colcon_mixin.mixin.mixin_argument.MixinArgumentDecorator object at 0x7f666c332930>, verb_extension=<colcon_core.verb.build.BuildVerb object at 0x7f666c4a6e40>, main=<bound method BuildVerb.main of <colcon_core.verb.build.BuildVerb object at 0x7f666c4a6e40>>, mixin_verb=('build',))
[0.266s] Level 1:colcon.colcon_core.package_discovery:discover_packages(colcon_meta) check parameters
[0.266s] Level 1:colcon.colcon_core.package_discovery:discover_packages(recursive) check parameters
[0.266s] Level 1:colcon.colcon_core.package_discovery:discover_packages(ignore) check parameters
[0.266s] Level 1:colcon.colcon_core.package_discovery:discover_packages(path) check parameters
[0.266s] Level 1:colcon.colcon_core.package_discovery:discover_packages(colcon_meta) discover
[0.266s] Level 1:colcon.colcon_core.package_discovery:discover_packages(recursive) discover
[0.266s] INFO:colcon.colcon_core.package_discovery:Crawling recursively for packages in '/home/loki/ros2_ws'
[0.266s] Level 1:colcon.colcon_core.package_identification:_identify(.) by extensions ['ignore', 'ignore_ament_install']
[0.266s] Level 1:colcon.colcon_core.package_identification:_identify(.) by extension 'ignore'
[0.266s] Level 1:colcon.colcon_core.package_identification:_identify(.) by extension 'ignore_ament_install'
[0.267s] Level 1:colcon.colcon_core.package_identification:_identify(.) by extensions ['colcon_pkg']
[0.267s] Level 1:colcon.colcon_core.package_identification:_identify(.) by extension 'colcon_pkg'
[0.267s] Level 1:colcon.colcon_core.package_identification:_identify(.) by extensions ['colcon_meta']
[0.267s] Level 1:colcon.colcon_core.package_identification:_identify(.) by extension 'colcon_meta'
[0.267s] Level 1:colcon.colcon_core.package_identification:_identify(.) by extensions ['ros']
[0.267s] Level 1:colcon.colcon_core.package_identification:_identify(.) by extension 'ros'
[0.296s] Level 1:colcon.colcon_core.package_identification:_identify(.) by extensions ['cmake', 'python']
[0.296s] Level 1:colcon.colcon_core.package_identification:_identify(.) by extension 'cmake'
[0.296s] Level 1:colcon.colcon_core.package_identification:_identify(.) by extension 'python'
[0.296s] Level 1:colcon.colcon_core.package_identification:_identify(.) by extensions ['python_setup_py']
[0.296s] Level 1:colcon.colcon_core.package_identification:_identify(.) by extension 'python_setup_py'
[0.296s] Level 1:colcon.colcon_core.package_identification:_identify(build) by extensions ['ignore', 'ignore_ament_install']
[0.296s] Level 1:colcon.colcon_core.package_identification:_identify(build) by extension 'ignore'
[0.296s] Level 1:colcon.colcon_core.package_identification:_identify(build) ignored
[0.296s] Level 1:colcon.colcon_core.package_identification:_identify(docs) by extensions ['ignore', 'ignore_ament_install']
[0.296s] Level 1:colcon.colcon_core.package_identification:_identify(docs) by extension 'ignore'
[0.296s] Level 1:colcon.colcon_core.package_identification:_identify(docs) by extension 'ignore_ament_install'
[0.296s] Level 1:colcon.colcon_core.package_identification:_identify(docs) by extensions ['colcon_pkg']
[0.296s] Level 1:colcon.colcon_core.package_identification:_identify(docs) by extension 'colcon_pkg'
[0.296s] Level 1:colcon.colcon_core.package_identification:_identify(docs) by extensions ['colcon_meta']
[0.297s] Level 1:colcon.colcon_core.package_identification:_identify(docs) by extension 'colcon_meta'
[0.297s] Level 1:colcon.colcon_core.package_identification:_identify(docs) by extensions ['ros']
[0.297s] Level 1:colcon.colcon_core.package_identification:_identify(docs) by extension 'ros'
[0.297s] Level 1:colcon.colcon_core.package_identification:_identify(docs) by extensions ['cmake', 'python']
[0.297s] Level 1:colcon.colcon_core.package_identification:_identify(docs) by extension 'cmake'
[0.297s] Level 1:colcon.colcon_core.package_identification:_identify(docs) by extension 'python'
[0.297s] Level 1:colcon.colcon_core.package_identification:_identify(docs) by extensions ['python_setup_py']
[0.297s] Level 1:colcon.colcon_core.package_identification:_identify(docs) by extension 'python_setup_py'
[0.297s] Level 1:colcon.colcon_core.package_identification:_identify(install) by extensions ['ignore', 'ignore_ament_install']
[0.297s] Level 1:colcon.colcon_core.package_identification:_identify(install) by extension 'ignore'
[0.297s] Level 1:colcon.colcon_core.package_identification:_identify(install) ignored
[0.297s] Level 1:colcon.colcon_core.package_identification:_identify(log) by extensions ['ignore', 'ignore_ament_install']
[0.297s] Level 1:colcon.colcon_core.package_identification:_identify(log) by extension 'ignore'
[0.297s] Level 1:colcon.colcon_core.package_identification:_identify(log) ignored
[0.297s] Level 1:colcon.colcon_core.package_identification:_identify(reference) by extensions ['ignore', 'ignore_ament_install']
[0.297s] Level 1:colcon.colcon_core.package_identification:_identify(reference) by extension 'ignore'
[0.298s] Level 1:colcon.colcon_core.package_identification:_identify(reference) by extension 'ignore_ament_install'
[0.298s] Level 1:colcon.colcon_core.package_identification:_identify(reference) by extensions ['colcon_pkg']
[0.298s] Level 1:colcon.colcon_core.package_identification:_identify(reference) by extension 'colcon_pkg'
[0.298s] Level 1:colcon.colcon_core.package_identification:_identify(reference) by extensions ['colcon_meta']
[0.298s] Level 1:colcon.colcon_core.package_identification:_identify(reference) by extension 'colcon_meta'
[0.298s] Level 1:colcon.colcon_core.package_identification:_identify(reference) by extensions ['ros']
[0.298s] Level 1:colcon.colcon_core.package_identification:_identify(reference) by extension 'ros'
[0.298s] Level 1:colcon.colcon_core.package_identification:_identify(reference) by extensions ['cmake', 'python']
[0.298s] Level 1:colcon.colcon_core.package_identification:_identify(reference) by extension 'cmake'
[0.298s] Level 1:colcon.colcon_core.package_identification:_identify(reference) by extension 'python'
[0.298s] Level 1:colcon.colcon_core.package_identification:_identify(reference) by extensions ['python_setup_py']
[0.298s] Level 1:colcon.colcon_core.package_identification:_identify(reference) by extension 'python_setup_py'
[0.298s] Level 1:colcon.colcon_core.package_identification:_identify(reference/3d_models) by extensions ['ignore', 'ignore_ament_install']
[0.298s] Level 1:colcon.colcon_core.package_identification:_identify(reference/3d_models) by extension 'ignore'
[0.298s] Level 1:colcon.colcon_core.package_identification:_identify(reference/3d_models) by extension 'ignore_ament_install'
[0.298s] Level 1:colcon.colcon_core.package_identification:_identify(reference/3d_models) by extensions ['colcon_pkg']
[0.298s] Level 1:colcon.colcon_core.package_identification:_identify(reference/3d_models) by extension 'colcon_pkg'
[0.298s] Level 1:colcon.colcon_core.package_identification:_identify(reference/3d_models) by extensions ['colcon_meta']
[0.299s] Level 1:colcon.colcon_core.package_identification:_identify(reference/3d_models) by extension 'colcon_meta'
[0.299s] Level 1:colcon.colcon_core.package_identification:_identify(reference/3d_models) by extensions ['ros']
[0.299s] Level 1:colcon.colcon_core.package_identification:_identify(reference/3d_models) by extension 'ros'
[0.299s] Level 1:colcon.colcon_core.package_identification:_identify(reference/3d_models) by extensions ['cmake', 'python']
[0.299s] Level 1:colcon.colcon_core.package_identification:_identify(reference/3d_models) by extension 'cmake'
[0.299s] Level 1:colcon.colcon_core.package_identification:_identify(reference/3d_models) by extension 'python'
[0.299s] Level 1:colcon.colcon_core.package_identification:_identify(reference/3d_models) by extensions ['python_setup_py']
[0.299s] Level 1:colcon.colcon_core.package_identification:_identify(reference/3d_models) by extension 'python_setup_py'
[0.299s] Level 1:colcon.colcon_core.package_identification:_identify(src) by extensions ['ignore', 'ignore_ament_install']
[0.299s] Level 1:colcon.colcon_core.package_identification:_identify(src) by extension 'ignore'
[0.299s] Level 1:colcon.colcon_core.package_identification:_identify(src) by extension 'ignore_ament_install'
[0.299s] Level 1:colcon.colcon_core.package_identification:_identify(src) by extensions ['colcon_pkg']
[0.299s] Level 1:colcon.colcon_core.package_identification:_identify(src) by extension 'colcon_pkg'
[0.299s] Level 1:colcon.colcon_core.package_identification:_identify(src) by extensions ['colcon_meta']
[0.299s] Level 1:colcon.colcon_core.package_identification:_identify(src) by extension 'colcon_meta'
[0.299s] Level 1:colcon.colcon_core.package_identification:_identify(src) by extensions ['ros']
[0.299s] Level 1:colcon.colcon_core.package_identification:_identify(src) by extension 'ros'
[0.300s] Level 1:colcon.colcon_core.package_identification:_identify(src) by extensions ['cmake', 'python']
[0.300s] Level 1:colcon.colcon_core.package_identification:_identify(src) by extension 'cmake'
[0.300s] Level 1:colcon.colcon_core.package_identification:_identify(src) by extension 'python'
[0.300s] Level 1:colcon.colcon_core.package_identification:_identify(src) by extensions ['python_setup_py']
[0.300s] Level 1:colcon.colcon_core.package_identification:_identify(src) by extension 'python_setup_py'
[0.300s] Level 1:colcon.colcon_core.package_identification:_identify(src/spider_behavior) by extensions ['ignore', 'ignore_ament_install']
[0.300s] Level 1:colcon.colcon_core.package_identification:_identify(src/spider_behavior) by extension 'ignore'
[0.300s] Level 1:colcon.colcon_core.package_identification:_identify(src/spider_behavior) by extension 'ignore_ament_install'
[0.300s] Level 1:colcon.colcon_core.package_identification:_identify(src/spider_behavior) by extensions ['colcon_pkg']
[0.300s] Level 1:colcon.colcon_core.package_identification:_identify(src/spider_behavior) by extension 'colcon_pkg'
[0.300s] Level 1:colcon.colcon_core.package_identification:_identify(src/spider_behavior) by extensions ['colcon_meta']
[0.300s] Level 1:colcon.colcon_core.package_identification:_identify(src/spider_behavior) by extension 'colcon_meta'
[0.300s] Level 1:colcon.colcon_core.package_identification:_identify(src/spider_behavior) by extensions ['ros']
[0.300s] Level 1:colcon.colcon_core.package_identification:_identify(src/spider_behavior) by extension 'ros'
[0.305s] DEBUG:colcon.colcon_core.package_identification:Package 'src/spider_behavior' with type 'ros.ament_python' and name 'spider_behavior'
[0.305s] Level 1:colcon.colcon_core.package_identification:_identify(src/spider_bringup) by extensions ['ignore', 'ignore_ament_install']
[0.305s] Level 1:colcon.colcon_core.package_identification:_identify(src/spider_bringup) by extension 'ignore'
[0.305s] Level 1:colcon.colcon_core.package_identification:_identify(src/spider_bringup) by extension 'ignore_ament_install'
[0.305s] Level 1:colcon.colcon_core.package_identification:_identify(src/spider_bringup) by extensions ['colcon_pkg']
[0.305s] Level 1:colcon.colcon_core.package_identification:_identify(src/spider_bringup) by extension 'colcon_pkg'
[0.305s] Level 1:colcon.colcon_core.package_identification:_identify(src/spider_bringup) by extensions ['colcon_meta']
[0.305s] Level 1:colcon.colcon_core.package_identification:_identify(src/spider_bringup) by extension 'colcon_meta'
[0.305s] Level 1:colcon.colcon_core.package_identification:_identify(src/spider_bringup) by extensions ['ros']
[0.305s] Level 1:colcon.colcon_core.package_identification:_identify(src/spider_bringup) by extension 'ros'
[0.306s] DEBUG:colcon.colcon_core.package_identification:Package 'src/spider_bringup' with type 'ros.ament_python' and name 'spider_bringup'
[0.306s] Level 1:colcon.colcon_core.package_identification:_identify(src/spider_hardware) by extensions ['ignore', 'ignore_ament_install']
[0.306s] Level 1:colcon.colcon_core.package_identification:_identify(src/spider_hardware) by extension 'ignore'
[0.306s] Level 1:colcon.colcon_core.package_identification:_identify(src/spider_hardware) by extension 'ignore_ament_install'
[0.307s] Level 1:colcon.colcon_core.package_identification:_identify(src/spider_hardware) by extensions ['colcon_pkg']
[0.307s] Level 1:colcon.colcon_core.package_identification:_identify(src/spider_hardware) by extension 'colcon_pkg'
[0.307s] Level 1:colcon.colcon_core.package_identification:_identify(src/spider_hardware) by extensions ['colcon_meta']
[0.307s] Level 1:colcon.colcon_core.package_identification:_identify(src/spider_hardware) by extension 'colcon_meta'
[0.307s] Level 1:colcon.colcon_core.package_identification:_identify(src/spider_hardware) by extensions ['ros']
[0.307s] Level 1:colcon.colcon_core.package_identification:_identify(src/spider_hardware) by extension 'ros'
[0.307s] DEBUG:colcon.colcon_core.package_identification:Package 'src/spider_hardware' with type 'ros.ament_python' and name 'spider_hardware'
[0.308s] Level 1:colcon.colcon_core.package_identification:_identify(src/spider_kinematics) by extensions ['ignore', 'ignore_ament_install']
[0.308s] Level 1:colcon.colcon_core.package_identification:_identify(src/spider_kinematics) by extension 'ignore'
[0.308s] Level 1:colcon.colcon_core.package_identification:_identify(src/spider_kinematics) by extension 'ignore_ament_install'
[0.308s] Level 1:colcon.colcon_core.package_identification:_identify(src/spider_kinematics) by extensions ['colcon_pkg']
[0.308s] Level 1:colcon.colcon_core.package_identification:_identify(src/spider_kinematics) by extension 'colcon_pkg'
[0.308s] Level 1:colcon.colcon_core.package_identification:_identify(src/spider_kinematics) by extensions ['colcon_meta']
[0.308s] Level 1:colcon.colcon_core.package_identification:_identify(src/spider_kinematics) by extension 'colcon_meta'
[0.308s] Level 1:colcon.colcon_core.package_identification:_identify(src/spider_kinematics) by extensions ['ros']
[0.308s] Level 1:colcon.colcon_core.package_identification:_identify(src/spider_kinematics) by extension 'ros'
[0.309s] DEBUG:colcon.colcon_core.package_identification:Package 'src/spider_kinematics' with type 'ros.ament_python' and name 'spider_kinematics'
[0.309s] Level 1:colcon.colcon_core.package_identification:_identify(src/spider_msgs) by extensions ['ignore', 'ignore_ament_install']
[0.309s] Level 1:colcon.colcon_core.package_identification:_identify(src/spider_msgs) by extension 'ignore'
[0.309s] Level 1:colcon.colcon_core.package_identification:_identify(src/spider_msgs) by extension 'ignore_ament_install'
[0.309s] Level 1:colcon.colcon_core.package_identification:_identify(src/spider_msgs) by extensions ['colcon_pkg']
[0.309s] Level 1:colcon.colcon_core.package_identification:_identify(src/spider_msgs) by extension 'colcon_pkg'
[0.309s] Level 1:colcon.colcon_core.package_identification:_identify(src/spider_msgs) by extensions ['colcon_meta']
[0.309s] Level 1:colcon.colcon_core.package_identification:_identify(src/spider_msgs) by extension 'colcon_meta'
[0.309s] Level 1:colcon.colcon_core.package_identification:_identify(src/spider_msgs) by extensions ['ros']
[0.309s] Level 1:colcon.colcon_core.package_identification:_identify(src/spider_msgs) by extension 'ros'
[0.310s] DEBUG:colcon.colcon_core.package_identification:Package 'src/spider_msgs' with type 'ros.ament_cmake' and name 'spider_msgs'
[0.310s] Level 1:colcon.colcon_core.package_discovery:discover_packages(recursive) using defaults
[0.310s] Level 1:colcon.colcon_core.package_discovery:discover_packages(ignore) discover
[0.310s] Level 1:colcon.colcon_core.package_discovery:discover_packages(ignore) using defaults
[0.310s] Level 1:colcon.colcon_core.package_discovery:discover_packages(path) discover
[0.310s] Level 1:colcon.colcon_core.package_discovery:discover_packages(path) using defaults
[0.343s] INFO:colcon.colcon_core.package_selection:Skipping not selected package 'spider_behavior' in 'src/spider_behavior'
[0.343s] INFO:colcon.colcon_core.package_selection:Skipping not selected package 'spider_hardware' in 'src/spider_hardware'
[0.343s] INFO:colcon.colcon_core.package_selection:Skipping not selected package 'spider_kinematics' in 'src/spider_kinematics'
[0.343s] INFO:colcon.colcon_core.package_selection:Skipping not selected package 'spider_bringup' in 'src/spider_bringup'
[0.344s] Level 1:colcon.colcon_core.package_discovery:discover_packages(prefix_path) check parameters
[0.344s] Level 1:colcon.colcon_core.package_discovery:discover_packages(prefix_path) discover
[0.350s] DEBUG:colcon.colcon_installed_package_information.package_discovery:Found 370 installed packages in /opt/ros/kilted
[0.352s] Level 1:colcon.colcon_core.package_discovery:discover_packages(prefix_path) using defaults
[0.417s] Level 5:colcon.colcon_core.verb:set package 'spider_msgs' build argument 'cmake_args' from command line to 'None'
[0.417s] Level 5:colcon.colcon_core.verb:set package 'spider_msgs' build argument 'cmake_target' from command line to 'None'
[0.417s] Level 5:colcon.colcon_core.verb:set package 'spider_msgs' build argument 'cmake_target_skip_unavailable' from command line to 'False'
[0.417s] Level 5:colcon.colcon_core.verb:set package 'spider_msgs' build argument 'cmake_clean_cache' from command line to 'False'
[0.417s] Level 5:colcon.colcon_core.verb:set package 'spider_msgs' build argument 'cmake_clean_first' from command line to 'False'
[0.417s] Level 5:colcon.colcon_core.verb:set package 'spider_msgs' build argument 'cmake_force_configure' from command line to 'False'
[0.417s] Level 5:colcon.colcon_core.verb:set package 'spider_msgs' build argument 'ament_cmake_args' from command line to 'None'
[0.417s] Level 5:colcon.colcon_core.verb:set package 'spider_msgs' build argument 'catkin_cmake_args' from command line to 'None'
[0.417s] Level 5:colcon.colcon_core.verb:set package 'spider_msgs' build argument 'catkin_skip_building_tests' from command line to 'False'
[0.417s] DEBUG:colcon.colcon_core.verb:Building package 'spider_msgs' with the following arguments: {'ament_cmake_args': None, 'build_base': '/home/loki/ros2_ws/build/spider_msgs', 'catkin_cmake_args': None, 'catkin_skip_building_tests': False, 'cmake_args': None, 'cmake_clean_cache': False, 'cmake_clean_first': False, 'cmake_force_configure': False, 'cmake_target': None, 'cmake_target_skip_unavailable': False, 'install_base': '/home/loki/ros2_ws/install/spider_msgs', 'merge_install': False, 'path': '/home/loki/ros2_ws/src/spider_msgs', 'symlink_install': False, 'test_result_base': None}
[0.417s] INFO:colcon.colcon_core.executor:Executing jobs using 'parallel' executor
[0.419s] DEBUG:colcon.colcon_parallel_executor.executor.parallel:run_until_complete
[0.419s] INFO:colcon.colcon_ros.task.ament_cmake.build:Building ROS package in '/home/loki/ros2_ws/src/spider_msgs' with build type 'ament_cmake'
[0.419s] INFO:colcon.colcon_cmake.task.cmake.build:Building CMake package in '/home/loki/ros2_ws/src/spider_msgs'
[0.424s] INFO:colcon.colcon_core.plugin_system:Skipping extension 'colcon_core.shell.bat': Not used on non-Windows systems
[0.424s] INFO:colcon.colcon_core.shell:Skip shell extension 'powershell' for command environment: Not usable outside of PowerShell
[0.424s] DEBUG:colcon.colcon_core.shell:Skip shell extension 'dsv' for command environment
[0.435s] DEBUG:colcon.colcon_core.event_handler.log_command:Invoking command in '/home/loki/ros2_ws/build/spider_msgs': CMAKE_PREFIX_PATH=${CMAKE_PREFIX_PATH}:/opt/ros/kilted /usr/bin/cmake /home/loki/ros2_ws/src/spider_msgs -DCMAKE_INSTALL_PREFIX=/home/loki/ros2_ws/install/spider_msgs
[3.822s] DEBUG:colcon.colcon_core.event_handler.log_command:Invoked command in '/home/loki/ros2_ws/build/spider_msgs' returned '0': CMAKE_PREFIX_PATH=${CMAKE_PREFIX_PATH}:/opt/ros/kilted /usr/bin/cmake /home/loki/ros2_ws/src/spider_msgs -DCMAKE_INSTALL_PREFIX=/home/loki/ros2_ws/install/spider_msgs
[3.823s] DEBUG:colcon.colcon_core.event_handler.log_command:Invoking command in '/home/loki/ros2_ws/build/spider_msgs': CMAKE_PREFIX_PATH=${CMAKE_PREFIX_PATH}:/opt/ros/kilted /usr/bin/cmake --build /home/loki/ros2_ws/build/spider_msgs -- -j16 -l16
[8.884s] DEBUG:colcon.colcon_core.event_handler.log_command:Invoked command in '/home/loki/ros2_ws/build/spider_msgs' returned '0': CMAKE_PREFIX_PATH=${CMAKE_PREFIX_PATH}:/opt/ros/kilted /usr/bin/cmake --build /home/loki/ros2_ws/build/spider_msgs -- -j16 -l16
[8.895s] DEBUG:colcon.colcon_core.event_handler.log_command:Invoking command in '/home/loki/ros2_ws/build/spider_msgs': CMAKE_PREFIX_PATH=${CMAKE_PREFIX_PATH}:/opt/ros/kilted /usr/bin/cmake --install /home/loki/ros2_ws/build/spider_msgs
[8.989s] Level 1:colcon.colcon_core.environment:create_environment_scripts_only(spider_msgs)
[8.990s] DEBUG:colcon.colcon_core.event_handler.log_command:Invoked command in '/home/loki/ros2_ws/build/spider_msgs' returned '0': CMAKE_PREFIX_PATH=${CMAKE_PREFIX_PATH}:/opt/ros/kilted /usr/bin/cmake --install /home/loki/ros2_ws/build/spider_msgs
[8.995s] Level 1:colcon.colcon_core.environment:checking '/home/loki/ros2_ws/install/spider_msgs' for CMake module files
[8.995s] Level 1:colcon.colcon_core.environment:checking '/home/loki/ros2_ws/install/spider_msgs' for CMake config files
[8.996s] Level 1:colcon.colcon_core.shell:create_environment_hook('spider_msgs', 'cmake_prefix_path')
[8.996s] INFO:colcon.colcon_core.shell:Creating environment hook '/home/loki/ros2_ws/install/spider_msgs/share/spider_msgs/hook/cmake_prefix_path.ps1'
[8.997s] INFO:colcon.colcon_core.shell:Creating environment descriptor '/home/loki/ros2_ws/install/spider_msgs/share/spider_msgs/hook/cmake_prefix_path.dsv'
[8.997s] INFO:colcon.colcon_core.shell:Creating environment hook '/home/loki/ros2_ws/install/spider_msgs/share/spider_msgs/hook/cmake_prefix_path.sh'
[8.998s] Level 1:colcon.colcon_core.environment:checking '/home/loki/ros2_ws/install/spider_msgs/lib'
[8.998s] Level 1:colcon.colcon_core.shell:create_environment_hook('spider_msgs', 'ld_library_path_lib')
[8.998s] INFO:colcon.colcon_core.shell:Creating environment hook '/home/loki/ros2_ws/install/spider_msgs/share/spider_msgs/hook/ld_library_path_lib.ps1'
[8.998s] INFO:colcon.colcon_core.shell:Creating environment descriptor '/home/loki/ros2_ws/install/spider_msgs/share/spider_msgs/hook/ld_library_path_lib.dsv'
[8.999s] INFO:colcon.colcon_core.shell:Creating environment hook '/home/loki/ros2_ws/install/spider_msgs/share/spider_msgs/hook/ld_library_path_lib.sh'
[8.999s] Level 1:colcon.colcon_core.environment:checking '/home/loki/ros2_ws/install/spider_msgs/bin'
[8.999s] Level 1:colcon.colcon_core.environment:checking '/home/loki/ros2_ws/install/spider_msgs/lib/pkgconfig/spider_msgs.pc'
[8.999s] Level 1:colcon.colcon_core.environment:checking '/home/loki/ros2_ws/install/spider_msgs/lib/python3.12/site-packages'
[8.999s] Level 1:colcon.colcon_core.shell:create_environment_hook('spider_msgs', 'pythonpath')
[8.999s] INFO:colcon.colcon_core.shell:Creating environment hook '/home/loki/ros2_ws/install/spider_msgs/share/spider_msgs/hook/pythonpath.ps1'
[8.999s] INFO:colcon.colcon_core.shell:Creating environment descriptor '/home/loki/ros2_ws/install/spider_msgs/share/spider_msgs/hook/pythonpath.dsv'
[9.000s] INFO:colcon.colcon_core.shell:Creating environment hook '/home/loki/ros2_ws/install/spider_msgs/share/spider_msgs/hook/pythonpath.sh'
[9.000s] Level 1:colcon.colcon_core.environment:checking '/home/loki/ros2_ws/install/spider_msgs/bin'
[9.000s] INFO:colcon.colcon_core.shell:Creating package script '/home/loki/ros2_ws/install/spider_msgs/share/spider_msgs/package.ps1'
[9.001s] INFO:colcon.colcon_core.shell:Creating package descriptor '/home/loki/ros2_ws/install/spider_msgs/share/spider_msgs/package.dsv'
[9.002s] INFO:colcon.colcon_core.shell:Creating package script '/home/loki/ros2_ws/install/spider_msgs/share/spider_msgs/package.sh'
[9.002s] INFO:colcon.colcon_core.shell:Creating package script '/home/loki/ros2_ws/install/spider_msgs/share/spider_msgs/package.bash'
[9.003s] INFO:colcon.colcon_core.shell:Creating package script '/home/loki/ros2_ws/install/spider_msgs/share/spider_msgs/package.zsh'
[9.004s] Level 1:colcon.colcon_core.environment:create_file_with_runtime_dependencies(/home/loki/ros2_ws/install/spider_msgs/share/colcon-core/packages/spider_msgs)
[9.004s] Level 1:colcon.colcon_core.environment:create_environment_scripts_only(spider_msgs)
[9.004s] Level 1:colcon.colcon_core.environment:checking '/home/loki/ros2_ws/install/spider_msgs' for CMake module files
[9.005s] Level 1:colcon.colcon_core.environment:checking '/home/loki/ros2_ws/install/spider_msgs' for CMake config files
[9.005s] Level 1:colcon.colcon_core.shell:create_environment_hook('spider_msgs', 'cmake_prefix_path')
[9.005s] INFO:colcon.colcon_core.shell:Creating environment hook '/home/loki/ros2_ws/install/spider_msgs/share/spider_msgs/hook/cmake_prefix_path.ps1'
[9.006s] INFO:colcon.colcon_core.shell:Creating environment descriptor '/home/loki/ros2_ws/install/spider_msgs/share/spider_msgs/hook/cmake_prefix_path.dsv'
[9.006s] INFO:colcon.colcon_core.shell:Creating environment hook '/home/loki/ros2_ws/install/spider_msgs/share/spider_msgs/hook/cmake_prefix_path.sh'
[9.006s] Level 1:colcon.colcon_core.environment:checking '/home/loki/ros2_ws/install/spider_msgs/lib'
[9.006s] Level 1:colcon.colcon_core.shell:create_environment_hook('spider_msgs', 'ld_library_path_lib')
[9.006s] INFO:colcon.colcon_core.shell:Creating environment hook '/home/loki/ros2_ws/install/spider_msgs/share/spider_msgs/hook/ld_library_path_lib.ps1'
[9.007s] INFO:colcon.colcon_core.shell:Creating environment descriptor '/home/loki/ros2_ws/install/spider_msgs/share/spider_msgs/hook/ld_library_path_lib.dsv'
[9.007s] INFO:colcon.colcon_core.shell:Creating environment hook '/home/loki/ros2_ws/install/spider_msgs/share/spider_msgs/hook/ld_library_path_lib.sh'
[9.007s] Level 1:colcon.colcon_core.environment:checking '/home/loki/ros2_ws/install/spider_msgs/bin'
[9.007s] Level 1:colcon.colcon_core.environment:checking '/home/loki/ros2_ws/install/spider_msgs/lib/pkgconfig/spider_msgs.pc'
[9.007s] Level 1:colcon.colcon_core.environment:checking '/home/loki/ros2_ws/install/spider_msgs/lib/python3.12/site-packages'
[9.007s] Level 1:colcon.colcon_core.shell:create_environment_hook('spider_msgs', 'pythonpath')
[9.008s] INFO:colcon.colcon_core.shell:Creating environment hook '/home/loki/ros2_ws/install/spider_msgs/share/spider_msgs/hook/pythonpath.ps1'
[9.008s] INFO:colcon.colcon_core.shell:Creating environment descriptor '/home/loki/ros2_ws/install/spider_msgs/share/spider_msgs/hook/pythonpath.dsv'
[9.008s] INFO:colcon.colcon_core.shell:Creating environment hook '/home/loki/ros2_ws/install/spider_msgs/share/spider_msgs/hook/pythonpath.sh'
[9.009s] Level 1:colcon.colcon_core.environment:checking '/home/loki/ros2_ws/install/spider_msgs/bin'
[9.009s] INFO:colcon.colcon_core.shell:Creating package script '/home/loki/ros2_ws/install/spider_msgs/share/spider_msgs/package.ps1'
[9.009s] INFO:colcon.colcon_core.shell:Creating package descriptor '/home/loki/ros2_ws/install/spider_msgs/share/spider_msgs/package.dsv'
[9.010s] INFO:colcon.colcon_core.shell:Creating package script '/home/loki/ros2_ws/install/spider_msgs/share/spider_msgs/package.sh'
[9.010s] INFO:colcon.colcon_core.shell:Creating package script '/home/loki/ros2_ws/install/spider_msgs/share/spider_msgs/package.bash'
[9.010s] INFO:colcon.colcon_core.shell:Creating package script '/home/loki/ros2_ws/install/spider_msgs/share/spider_msgs/package.zsh'
[9.010s] Level 1:colcon.colcon_core.environment:create_file_with_runtime_dependencies(/home/loki/ros2_ws/install/spider_msgs/share/colcon-core/packages/spider_msgs)
[9.011s] DEBUG:colcon.colcon_parallel_executor.executor.parallel:closing loop
[9.011s] DEBUG:colcon.colcon_parallel_executor.executor.parallel:loop closed
[9.011s] DEBUG:colcon.colcon_parallel_executor.executor.parallel:run_until_complete finished with '0'
[9.011s] DEBUG:colcon.colcon_core.event_reactor:joining thread
[9.018s] INFO:colcon.colcon_core.plugin_system:Skipping extension 'colcon_notification.desktop_notification.terminal_notifier': Not used on non-Darwin systems
[9.018s] INFO:colcon.colcon_core.plugin_system:Skipping extension 'colcon_notification.desktop_notification.win32': Not used on non-Windows systems
[9.018s] INFO:colcon.colcon_notification.desktop_notification:Sending desktop notification using 'notify2'
[9.035s] DEBUG:colcon.colcon_core.event_reactor:joined thread
[9.035s] INFO:colcon.colcon_core.shell:Creating prefix script '/home/loki/ros2_ws/install/local_setup.ps1'
[9.037s] INFO:colcon.colcon_core.shell:Creating prefix util module '/home/loki/ros2_ws/install/_local_setup_util_ps1.py'
[9.039s] INFO:colcon.colcon_core.shell:Creating prefix chain script '/home/loki/ros2_ws/install/setup.ps1'
[9.040s] INFO:colcon.colcon_core.shell:Creating prefix script '/home/loki/ros2_ws/install/local_setup.sh'
[9.041s] INFO:colcon.colcon_core.shell:Creating prefix util module '/home/loki/ros2_ws/install/_local_setup_util_sh.py'
[9.041s] INFO:colcon.colcon_core.shell:Creating prefix chain script '/home/loki/ros2_ws/install/setup.sh'
[9.042s] INFO:colcon.colcon_core.shell:Creating prefix script '/home/loki/ros2_ws/install/local_setup.bash'
[9.042s] INFO:colcon.colcon_core.shell:Creating prefix chain script '/home/loki/ros2_ws/install/setup.bash'
[9.043s] INFO:colcon.colcon_core.shell:Creating prefix script '/home/loki/ros2_ws/install/local_setup.zsh'
[9.044s] INFO:colcon.colcon_core.shell:Creating prefix chain script '/home/loki/ros2_ws/install/setup.zsh'
