[1.036s] Invoking command in '/home/loki/ros2_ws/src/spider_hardware': AMENT_PREFIX_PATH=/home/loki/ros2_ws/install/spider_msgs:${AMENT_PREFIX_PATH} CMAKE_PREFIX_PATH=/home/loki/ros2_ws/install/spider_msgs:${CMAKE_PREFIX_PATH} LD_LIBRARY_PATH=/home/loki/ros2_ws/install/spider_msgs/lib:${LD_LIBRARY_PATH} PYTHONPATH=/home/loki/ros2_ws/build/spider_hardware/prefix_override:/usr/lib/python3/dist-packages/colcon_core/task/python/colcon_distutils_commands:/home/loki/ros2_ws/install/spider_hardware/lib/python3.12/site-packages:/home/loki/ros2_ws/install/spider_msgs/lib/python3.12/site-packages:${PYTHONPATH} /usr/bin/python3 -W ignore:setup.py install is deprecated -W ignore:easy_install command is deprecated setup.py egg_info --egg-base ../../build/spider_hardware build --build-base /home/loki/ros2_ws/build/spider_hardware/build install --record /home/loki/ros2_ws/build/spider_hardware/install.log --single-version-externally-managed install_data
[1.265s] running egg_info
[1.282s] writing ../../build/spider_hardware/spider_hardware.egg-info/PKG-INFO
[1.282s] writing dependency_links to ../../build/spider_hardware/spider_hardware.egg-info/dependency_links.txt
[1.282s] writing entry points to ../../build/spider_hardware/spider_hardware.egg-info/entry_points.txt
[1.282s] writing requirements to ../../build/spider_hardware/spider_hardware.egg-info/requires.txt
[1.283s] writing top-level names to ../../build/spider_hardware/spider_hardware.egg-info/top_level.txt
[1.316s] reading manifest file '../../build/spider_hardware/spider_hardware.egg-info/SOURCES.txt'
[1.317s] writing manifest file '../../build/spider_hardware/spider_hardware.egg-info/SOURCES.txt'
[1.317s] running build
[1.317s] running build_py
[1.317s] running install
[1.322s] running install_lib
[1.339s] running install_data
[1.339s] running install_egg_info
[1.357s] removing '/home/loki/ros2_ws/install/spider_hardware/lib/python3.12/site-packages/spider_hardware-0.0.0-py3.12.egg-info' (and everything under it)
[1.357s] Copying ../../build/spider_hardware/spider_hardware.egg-info to /home/loki/ros2_ws/install/spider_hardware/lib/python3.12/site-packages/spider_hardware-0.0.0-py3.12.egg-info
[1.358s] running install_scripts
[1.472s] Installing servo_controller_node script to /home/loki/ros2_ws/install/spider_hardware/lib/spider_hardware
[1.473s] writing list of installed files to '/home/loki/ros2_ws/build/spider_hardware/install.log'
[1.520s] Invoked command in '/home/loki/ros2_ws/src/spider_hardware' returned '0': AMENT_PREFIX_PATH=/home/loki/ros2_ws/install/spider_msgs:${AMENT_PREFIX_PATH} CMAKE_PREFIX_PATH=/home/loki/ros2_ws/install/spider_msgs:${CMAKE_PREFIX_PATH} LD_LIBRARY_PATH=/home/loki/ros2_ws/install/spider_msgs/lib:${LD_LIBRARY_PATH} PYTHONPATH=/home/loki/ros2_ws/build/spider_hardware/prefix_override:/usr/lib/python3/dist-packages/colcon_core/task/python/colcon_distutils_commands:/home/loki/ros2_ws/install/spider_hardware/lib/python3.12/site-packages:/home/loki/ros2_ws/install/spider_msgs/lib/python3.12/site-packages:${PYTHONPATH} /usr/bin/python3 -W ignore:setup.py install is deprecated -W ignore:easy_install command is deprecated setup.py egg_info --egg-base ../../build/spider_hardware build --build-base /home/loki/ros2_ws/build/spider_hardware/build install --record /home/loki/ros2_ws/build/spider_hardware/install.log --single-version-externally-managed install_data
