running egg_info
creating ../../build/spider_bringup/spider_bringup.egg-info
writing ../../build/spider_bringup/spider_bringup.egg-info/PKG-INFO
writing dependency_links to ../../build/spider_bringup/spider_bringup.egg-info/dependency_links.txt
writing entry points to ../../build/spider_bringup/spider_bringup.egg-info/entry_points.txt
writing requirements to ../../build/spider_bringup/spider_bringup.egg-info/requires.txt
writing top-level names to ../../build/spider_bringup/spider_bringup.egg-info/top_level.txt
writing manifest file '../../build/spider_bringup/spider_bringup.egg-info/SOURCES.txt'
reading manifest file '../../build/spider_bringup/spider_bringup.egg-info/SOURCES.txt'
writing manifest file '../../build/spider_bringup/spider_bringup.egg-info/SOURCES.txt'
running build
running build_py
creating /home/loki/ros2_ws/build/spider_bringup/build
creating /home/loki/ros2_ws/build/spider_bringup/build/lib
creating /home/loki/ros2_ws/build/spider_bringup/build/lib/spider_bringup
copying spider_bringup/__init__.py -> /home/loki/ros2_ws/build/spider_bringup/build/lib/spider_bringup
copying spider_bringup/demo_behaviors_node.py -> /home/loki/ros2_ws/build/spider_bringup/build/lib/spider_bringup
running install
running install_lib
creating /home/loki/ros2_ws/install/spider_bringup/lib/python3.12/site-packages/spider_bringup
copying /home/loki/ros2_ws/build/spider_bringup/build/lib/spider_bringup/__init__.py -> /home/loki/ros2_ws/install/spider_bringup/lib/python3.12/site-packages/spider_bringup
copying /home/loki/ros2_ws/build/spider_bringup/build/lib/spider_bringup/demo_behaviors_node.py -> /home/loki/ros2_ws/install/spider_bringup/lib/python3.12/site-packages/spider_bringup
byte-compiling /home/loki/ros2_ws/install/spider_bringup/lib/python3.12/site-packages/spider_bringup/__init__.py to __init__.cpython-312.pyc
byte-compiling /home/loki/ros2_ws/install/spider_bringup/lib/python3.12/site-packages/spider_bringup/demo_behaviors_node.py to demo_behaviors_node.cpython-312.pyc
running install_data
creating /home/loki/ros2_ws/install/spider_bringup/share/ament_index
creating /home/loki/ros2_ws/install/spider_bringup/share/ament_index/resource_index
creating /home/loki/ros2_ws/install/spider_bringup/share/ament_index/resource_index/packages
copying resource/spider_bringup -> /home/loki/ros2_ws/install/spider_bringup/share/ament_index/resource_index/packages
copying package.xml -> /home/loki/ros2_ws/install/spider_bringup/share/spider_bringup
creating /home/loki/ros2_ws/install/spider_bringup/share/spider_bringup/launch
copying launch/spider_demo.launch.py -> /home/loki/ros2_ws/install/spider_bringup/share/spider_bringup/launch
copying launch/spider_robot.launch.py -> /home/loki/ros2_ws/install/spider_bringup/share/spider_bringup/launch
running install_egg_info
Copying ../../build/spider_bringup/spider_bringup.egg-info to /home/loki/ros2_ws/install/spider_bringup/lib/python3.12/site-packages/spider_bringup-0.0.0-py3.12.egg-info
running install_scripts
Installing demo_behaviors_node script to /home/loki/ros2_ws/install/spider_bringup/lib/spider_bringup
writing list of installed files to '/home/loki/ros2_ws/build/spider_bringup/install.log'
