running egg_info
writing ../../build/spider_behavior/spider_behavior.egg-info/PKG-INFO
writing dependency_links to ../../build/spider_behavior/spider_behavior.egg-info/dependency_links.txt
writing entry points to ../../build/spider_behavior/spider_behavior.egg-info/entry_points.txt
writing requirements to ../../build/spider_behavior/spider_behavior.egg-info/requires.txt
writing top-level names to ../../build/spider_behavior/spider_behavior.egg-info/top_level.txt
reading manifest file '../../build/spider_behavior/spider_behavior.egg-info/SOURCES.txt'
writing manifest file '../../build/spider_behavior/spider_behavior.egg-info/SOURCES.txt'
running build
running build_py
copying spider_behavior/behavior_controller_node.py -> /home/loki/ros2_ws/build/spider_behavior/build/lib/spider_behavior
running install
running install_lib
copying /home/loki/ros2_ws/build/spider_behavior/build/lib/spider_behavior/behavior_controller_node.py -> /home/loki/ros2_ws/install/spider_behavior/lib/python3.12/site-packages/spider_behavior
byte-compiling /home/loki/ros2_ws/install/spider_behavior/lib/python3.12/site-packages/spider_behavior/behavior_controller_node.py to behavior_controller_node.cpython-312.pyc
running install_data
running install_egg_info
removing '/home/loki/ros2_ws/install/spider_behavior/lib/python3.12/site-packages/spider_behavior-0.0.0-py3.12.egg-info' (and everything under it)
Copying ../../build/spider_behavior/spider_behavior.egg-info to /home/loki/ros2_ws/install/spider_behavior/lib/python3.12/site-packages/spider_behavior-0.0.0-py3.12.egg-info
running install_scripts
Installing behavior_controller_node script to /home/loki/ros2_ws/install/spider_behavior/lib/spider_behavior
writing list of installed files to '/home/loki/ros2_ws/build/spider_behavior/install.log'
