[1.029s] Invoking command in '/home/loki/ros2_ws/src/spider_kinematics': AMENT_PREFIX_PATH=/home/loki/ros2_ws/install/spider_msgs:${AMENT_PREFIX_PATH} CMAKE_PREFIX_PATH=/home/loki/ros2_ws/install/spider_msgs:${CMAKE_PREFIX_PATH} LD_LIBRARY_PATH=/home/loki/ros2_ws/install/spider_msgs/lib:${LD_LIBRARY_PATH} PYTHONPATH=/home/loki/ros2_ws/build/spider_kinematics/prefix_override:/usr/lib/python3/dist-packages/colcon_core/task/python/colcon_distutils_commands:/home/loki/ros2_ws/install/spider_kinematics/lib/python3.12/site-packages:/home/loki/ros2_ws/install/spider_msgs/lib/python3.12/site-packages:${PYTHONPATH} /usr/bin/python3 -W ignore:setup.py install is deprecated -W ignore:easy_install command is deprecated setup.py egg_info --egg-base ../../build/spider_kinematics build --build-base /home/loki/ros2_ws/build/spider_kinematics/build install --record /home/loki/ros2_ws/build/spider_kinematics/install.log --single-version-externally-managed install_data
[1.252s] running egg_info
[1.269s] writing ../../build/spider_kinematics/spider_kinematics.egg-info/PKG-INFO
[1.269s] writing dependency_links to ../../build/spider_kinematics/spider_kinematics.egg-info/dependency_links.txt
[1.270s] writing entry points to ../../build/spider_kinematics/spider_kinematics.egg-info/entry_points.txt
[1.270s] writing requirements to ../../build/spider_kinematics/spider_kinematics.egg-info/requires.txt
[1.270s] writing top-level names to ../../build/spider_kinematics/spider_kinematics.egg-info/top_level.txt
[1.303s] reading manifest file '../../build/spider_kinematics/spider_kinematics.egg-info/SOURCES.txt'
[1.304s] writing manifest file '../../build/spider_kinematics/spider_kinematics.egg-info/SOURCES.txt'
[1.304s] running build
[1.304s] running build_py
[1.304s] running install
[1.309s] running install_lib
[1.326s] running install_data
[1.326s] running install_egg_info
[1.343s] removing '/home/loki/ros2_ws/install/spider_kinematics/lib/python3.12/site-packages/spider_kinematics-0.0.0-py3.12.egg-info' (and everything under it)
[1.343s] Copying ../../build/spider_kinematics/spider_kinematics.egg-info to /home/loki/ros2_ws/install/spider_kinematics/lib/python3.12/site-packages/spider_kinematics-0.0.0-py3.12.egg-info
[1.344s] running install_scripts
[1.458s] Installing kinematics_node script to /home/loki/ros2_ws/install/spider_kinematics/lib/spider_kinematics
[1.458s] writing list of installed files to '/home/loki/ros2_ws/build/spider_kinematics/install.log'
[1.503s] Invoked command in '/home/loki/ros2_ws/src/spider_kinematics' returned '0': AMENT_PREFIX_PATH=/home/loki/ros2_ws/install/spider_msgs:${AMENT_PREFIX_PATH} CMAKE_PREFIX_PATH=/home/loki/ros2_ws/install/spider_msgs:${CMAKE_PREFIX_PATH} LD_LIBRARY_PATH=/home/loki/ros2_ws/install/spider_msgs/lib:${LD_LIBRARY_PATH} PYTHONPATH=/home/loki/ros2_ws/build/spider_kinematics/prefix_override:/usr/lib/python3/dist-packages/colcon_core/task/python/colcon_distutils_commands:/home/loki/ros2_ws/install/spider_kinematics/lib/python3.12/site-packages:/home/loki/ros2_ws/install/spider_msgs/lib/python3.12/site-packages:${PYTHONPATH} /usr/bin/python3 -W ignore:setup.py install is deprecated -W ignore:easy_install command is deprecated setup.py egg_info --egg-base ../../build/spider_kinematics build --build-base /home/loki/ros2_ws/build/spider_kinematics/build install --record /home/loki/ros2_ws/build/spider_kinematics/install.log --single-version-externally-managed install_data
