-- The C compiler identification is GNU 13.3.0
-- The CXX compiler identification is GNU 13.3.0
-- Detecting C compiler ABI info
-- Detecting C compiler ABI info - done
-- Check for working C compiler: /usr/bin/cc - skipped
-- Detecting C compile features
-- Detecting C compile features - done
-- Detecting CXX compiler ABI info
-- Detecting CXX compiler ABI info - done
-- Check for working CXX compiler: /usr/bin/c++ - skipped
-- Detecting CXX compile features
-- Detecting CXX compile features - done
-- Found ament_cmake: 2.7.3 (/opt/ros/kilted/share/ament_cmake/cmake)
-- Found Python3: /usr/bin/python3 (found version "3.12.3") found components: Interpreter 
-- Found std_msgs: 5.5.1 (/opt/ros/kilted/share/std_msgs/cmake)
-- Found rosidl_generator_c: 4.9.5 (/opt/ros/kilted/share/rosidl_generator_c/cmake)
-- Found rosidl_generator_cpp: 4.9.5 (/opt/ros/kilted/share/rosidl_generator_cpp/cmake)
-- Using all available rosidl_typesupport_c: rosidl_typesupport_fastrtps_c;rosidl_typesupport_introspection_c
-- Using all available rosidl_typesupport_cpp: rosidl_typesupport_fastrtps_cpp;rosidl_typesupport_introspection_cpp
-- Found geometry_msgs: 5.5.1 (/opt/ros/kilted/share/geometry_msgs/cmake)
-- Found rosidl_default_generators: 1.7.1 (/opt/ros/kilted/share/rosidl_default_generators/cmake)
-- Found rosidl_adapter: 4.9.5 (/opt/ros/kilted/share/rosidl_adapter/cmake)
-- Found ament_cmake_ros_core: 0.14.3 (/opt/ros/kilted/share/ament_cmake_ros_core/cmake)
-- Using all available rosidl_typesupport_c: rosidl_typesupport_fastrtps_c;rosidl_typesupport_introspection_c
-- Using all available rosidl_typesupport_cpp: rosidl_typesupport_fastrtps_cpp;rosidl_typesupport_introspection_cpp
-- Found Python3: /usr/bin/python3 (found version "3.12.3") found components: Interpreter Development NumPy Development.Module Development.Embed 
-- Found ament_lint_auto: 0.19.2 (/opt/ros/kilted/share/ament_lint_auto/cmake)
-- Added test 'lint_cmake' to check CMake code style
-- Added test 'xmllint' to check XML markup files
-- Configuring done (3.3s)
-- Generating done (0.0s)
-- Build files have been written to: /home/loki/ros2_ws/build/spider_msgs
[  1%] [34m[1mGenerating type hashes for ROS interfaces[0m
[  1%] Built target ament_cmake_python_copy_spider_msgs
running egg_info
creating spider_msgs.egg-info
writing spider_msgs.egg-info/PKG-INFO
writing dependency_links to spider_msgs.egg-info/dependency_links.txt
writing top-level names to spider_msgs.egg-info/top_level.txt
writing manifest file 'spider_msgs.egg-info/SOURCES.txt'
reading manifest file 'spider_msgs.egg-info/SOURCES.txt'
writing manifest file 'spider_msgs.egg-info/SOURCES.txt'
[  1%] Built target ament_cmake_python_build_spider_msgs_egg
[  1%] Built target spider_msgs__rosidl_generator_type_description
[  2%] [34m[1mGenerating C code for ROS interfaces[0m
[  3%] [34m[1mGenerating C++ code for ROS interfaces[0m
[  3%] Built target spider_msgs__cpp
[  9%] [32mBuilding C object CMakeFiles/spider_msgs__rosidl_generator_c.dir/rosidl_generator_c/spider_msgs/msg/detail/servo_position__functions.c.o[0m
[  9%] [32mBuilding C object CMakeFiles/spider_msgs__rosidl_generator_c.dir/rosidl_generator_c/spider_msgs/msg/detail/servo_position__type_support.c.o[0m
[ 11%] [32mBuilding C object CMakeFiles/spider_msgs__rosidl_generator_c.dir/rosidl_generator_c/spider_msgs/msg/detail/servo_array__description.c.o[0m
[ 11%] [32mBuilding C object CMakeFiles/spider_msgs__rosidl_generator_c.dir/rosidl_generator_c/spider_msgs/msg/detail/servo_array__type_support.c.o[0m
[  9%] [32mBuilding C object CMakeFiles/spider_msgs__rosidl_generator_c.dir/rosidl_generator_c/spider_msgs/msg/detail/leg_position__functions.c.o[0m
[  9%] [32mBuilding C object CMakeFiles/spider_msgs__rosidl_generator_c.dir/rosidl_generator_c/spider_msgs/msg/detail/leg_position__type_support.c.o[0m
[ 11%] [32mBuilding C object CMakeFiles/spider_msgs__rosidl_generator_c.dir/rosidl_generator_c/spider_msgs/msg/detail/servo_array__functions.c.o[0m
[ 12%] [32mBuilding C object CMakeFiles/spider_msgs__rosidl_generator_c.dir/rosidl_generator_c/spider_msgs/msg/detail/leg_positions__functions.c.o[0m
[ 17%] [32mBuilding C object CMakeFiles/spider_msgs__rosidl_generator_c.dir/rosidl_generator_c/spider_msgs/msg/detail/leg_position__description.c.o[0m
[ 17%] [32mBuilding C object CMakeFiles/spider_msgs__rosidl_generator_c.dir/rosidl_generator_c/spider_msgs/msg/detail/leg_positions__description.c.o[0m
[ 17%] [32mBuilding C object CMakeFiles/spider_msgs__rosidl_generator_c.dir/rosidl_generator_c/spider_msgs/msg/detail/robot_state__functions.c.o[0m
[ 17%] [32mBuilding C object CMakeFiles/spider_msgs__rosidl_generator_c.dir/rosidl_generator_c/spider_msgs/msg/detail/robot_state__description.c.o[0m
[ 11%] [32mBuilding C object CMakeFiles/spider_msgs__rosidl_generator_c.dir/rosidl_generator_c/spider_msgs/msg/detail/servo_position__description.c.o[0m
[ 18%] [32mBuilding C object CMakeFiles/spider_msgs__rosidl_generator_c.dir/rosidl_generator_c/spider_msgs/msg/detail/leg_positions__type_support.c.o[0m
[ 19%] [32mBuilding C object CMakeFiles/spider_msgs__rosidl_generator_c.dir/rosidl_generator_c/spider_msgs/msg/detail/robot_state__type_support.c.o[0m
[ 20%] [32mBuilding C object CMakeFiles/spider_msgs__rosidl_generator_c.dir/rosidl_generator_c/spider_msgs/srv/detail/execute_behavior__description.c.o[0m
[ 22%] [32mBuilding C object CMakeFiles/spider_msgs__rosidl_generator_c.dir/rosidl_generator_c/spider_msgs/srv/detail/execute_behavior__functions.c.o[0m
[ 22%] [32mBuilding C object CMakeFiles/spider_msgs__rosidl_generator_c.dir/rosidl_generator_c/spider_msgs/srv/detail/execute_behavior__type_support.c.o[0m
[ 23%] [32mBuilding C object CMakeFiles/spider_msgs__rosidl_generator_c.dir/rosidl_generator_c/spider_msgs/srv/detail/set_pose__description.c.o[0m
[ 24%] [32mBuilding C object CMakeFiles/spider_msgs__rosidl_generator_c.dir/rosidl_generator_c/spider_msgs/srv/detail/set_pose__functions.c.o[0m
[ 25%] [32mBuilding C object CMakeFiles/spider_msgs__rosidl_generator_c.dir/rosidl_generator_c/spider_msgs/srv/detail/set_pose__type_support.c.o[0m
[ 26%] [32m[1mLinking C shared library libspider_msgs__rosidl_generator_c.so[0m
[ 26%] Built target spider_msgs__rosidl_generator_c
[ 30%] [34m[1mGenerating C introspection for ROS interfaces[0m
[ 30%] [34m[1mGenerating C++ type support for eProsima Fast-RTPS[0m
[ 30%] [34m[1mGenerating C type support for eProsima Fast-RTPS[0m
[ 31%] [34m[1mGenerating C++ type support dispatch for ROS interfaces[0m
[ 31%] [34m[1mGenerating C type support dispatch for ROS interfaces[0m
[ 32%] [34m[1mGenerating C++ introspection for ROS interfaces[0m
[ 36%] [32mBuilding CXX object CMakeFiles/spider_msgs__rosidl_typesupport_c.dir/rosidl_typesupport_c/spider_msgs/msg/servo_position__type_support.cpp.o[0m
[ 36%] [32mBuilding CXX object CMakeFiles/spider_msgs__rosidl_typesupport_c.dir/rosidl_typesupport_c/spider_msgs/msg/servo_array__type_support.cpp.o[0m
[ 37%] [32mBuilding CXX object CMakeFiles/spider_msgs__rosidl_typesupport_c.dir/rosidl_typesupport_c/spider_msgs/msg/leg_position__type_support.cpp.o[0m
[ 38%] [32mBuilding CXX object CMakeFiles/spider_msgs__rosidl_typesupport_c.dir/rosidl_typesupport_c/spider_msgs/msg/robot_state__type_support.cpp.o[0m
[ 38%] [32mBuilding CXX object CMakeFiles/spider_msgs__rosidl_typesupport_c.dir/rosidl_typesupport_c/spider_msgs/msg/leg_positions__type_support.cpp.o[0m
[ 39%] [32mBuilding CXX object CMakeFiles/spider_msgs__rosidl_typesupport_c.dir/rosidl_typesupport_c/spider_msgs/srv/execute_behavior__type_support.cpp.o[0m
[ 41%] [32mBuilding CXX object CMakeFiles/spider_msgs__rosidl_typesupport_cpp.dir/rosidl_typesupport_cpp/spider_msgs/msg/servo_array__type_support.cpp.o[0m
[ 41%] [32mBuilding CXX object CMakeFiles/spider_msgs__rosidl_typesupport_c.dir/rosidl_typesupport_c/spider_msgs/srv/set_pose__type_support.cpp.o[0m
[ 42%] [32mBuilding CXX object CMakeFiles/spider_msgs__rosidl_typesupport_cpp.dir/rosidl_typesupport_cpp/spider_msgs/msg/leg_position__type_support.cpp.o[0m
[ 43%] [32mBuilding CXX object CMakeFiles/spider_msgs__rosidl_typesupport_cpp.dir/rosidl_typesupport_cpp/spider_msgs/msg/robot_state__type_support.cpp.o[0m
[ 45%] [32mBuilding CXX object CMakeFiles/spider_msgs__rosidl_typesupport_cpp.dir/rosidl_typesupport_cpp/spider_msgs/msg/leg_positions__type_support.cpp.o[0m
[ 45%] [32mBuilding CXX object CMakeFiles/spider_msgs__rosidl_typesupport_cpp.dir/rosidl_typesupport_cpp/spider_msgs/msg/servo_position__type_support.cpp.o[0m
[ 46%] [32mBuilding CXX object CMakeFiles/spider_msgs__rosidl_typesupport_cpp.dir/rosidl_typesupport_cpp/spider_msgs/srv/execute_behavior__type_support.cpp.o[0m
[ 47%] [32mBuilding CXX object CMakeFiles/spider_msgs__rosidl_typesupport_cpp.dir/rosidl_typesupport_cpp/spider_msgs/srv/set_pose__type_support.cpp.o[0m
[ 48%] [32m[1mLinking CXX shared library libspider_msgs__rosidl_typesupport_c.so[0m
[ 50%] [32mBuilding CXX object CMakeFiles/spider_msgs__rosidl_typesupport_introspection_cpp.dir/rosidl_typesupport_introspection_cpp/spider_msgs/msg/detail/servo_position__type_support.cpp.o[0m
[ 52%] [32mBuilding CXX object CMakeFiles/spider_msgs__rosidl_typesupport_introspection_cpp.dir/rosidl_typesupport_introspection_cpp/spider_msgs/msg/detail/servo_array__type_support.cpp.o[0m
[ 52%] [32mBuilding CXX object CMakeFiles/spider_msgs__rosidl_typesupport_introspection_cpp.dir/rosidl_typesupport_introspection_cpp/spider_msgs/msg/detail/leg_position__type_support.cpp.o[0m
[ 53%] [32mBuilding CXX object CMakeFiles/spider_msgs__rosidl_typesupport_introspection_cpp.dir/rosidl_typesupport_introspection_cpp/spider_msgs/msg/detail/leg_positions__type_support.cpp.o[0m
[ 54%] [32mBuilding CXX object CMakeFiles/spider_msgs__rosidl_typesupport_introspection_cpp.dir/rosidl_typesupport_introspection_cpp/spider_msgs/msg/detail/robot_state__type_support.cpp.o[0m
[ 54%] Built target spider_msgs__rosidl_typesupport_c
[ 55%] [32mBuilding CXX object CMakeFiles/spider_msgs__rosidl_typesupport_introspection_cpp.dir/rosidl_typesupport_introspection_cpp/spider_msgs/srv/detail/execute_behavior__type_support.cpp.o[0m
[ 56%] [32mBuilding C object CMakeFiles/spider_msgs__rosidl_typesupport_introspection_c.dir/rosidl_typesupport_introspection_c/spider_msgs/msg/detail/servo_position__type_support.c.o[0m
[ 57%] [32mBuilding C object CMakeFiles/spider_msgs__rosidl_typesupport_introspection_c.dir/rosidl_typesupport_introspection_c/spider_msgs/msg/detail/servo_array__type_support.c.o[0m
[ 58%] [32mBuilding C object CMakeFiles/spider_msgs__rosidl_typesupport_introspection_c.dir/rosidl_typesupport_introspection_c/spider_msgs/msg/detail/leg_position__type_support.c.o[0m
[ 59%] [32mBuilding C object CMakeFiles/spider_msgs__rosidl_typesupport_introspection_c.dir/rosidl_typesupport_introspection_c/spider_msgs/msg/detail/leg_positions__type_support.c.o[0m
[ 60%] [32mBuilding CXX object CMakeFiles/spider_msgs__rosidl_typesupport_introspection_cpp.dir/rosidl_typesupport_introspection_cpp/spider_msgs/srv/detail/set_pose__type_support.cpp.o[0m
[ 61%] [32mBuilding C object CMakeFiles/spider_msgs__rosidl_typesupport_introspection_c.dir/rosidl_typesupport_introspection_c/spider_msgs/srv/detail/execute_behavior__type_support.c.o[0m
[ 62%] [32mBuilding C object CMakeFiles/spider_msgs__rosidl_typesupport_introspection_c.dir/rosidl_typesupport_introspection_c/spider_msgs/msg/detail/robot_state__type_support.c.o[0m
[ 63%] [32mBuilding C object CMakeFiles/spider_msgs__rosidl_typesupport_introspection_c.dir/rosidl_typesupport_introspection_c/spider_msgs/srv/detail/set_pose__type_support.c.o[0m
[ 65%] [32mBuilding CXX object CMakeFiles/spider_msgs__rosidl_typesupport_fastrtps_cpp.dir/rosidl_typesupport_fastrtps_cpp/spider_msgs/msg/detail/dds_fastrtps/servo_position__type_support.cpp.o[0m
[ 65%] [32mBuilding CXX object CMakeFiles/spider_msgs__rosidl_typesupport_fastrtps_cpp.dir/rosidl_typesupport_fastrtps_cpp/spider_msgs/msg/detail/dds_fastrtps/leg_position__type_support.cpp.o[0m
[ 67%] [32mBuilding CXX object CMakeFiles/spider_msgs__rosidl_typesupport_fastrtps_cpp.dir/rosidl_typesupport_fastrtps_cpp/spider_msgs/msg/detail/dds_fastrtps/servo_array__type_support.cpp.o[0m
[ 68%] [32mBuilding CXX object CMakeFiles/spider_msgs__rosidl_typesupport_fastrtps_c.dir/rosidl_typesupport_fastrtps_c/spider_msgs/msg/detail/servo_position__type_support_c.cpp.o[0m
[ 69%] [32mBuilding CXX object CMakeFiles/spider_msgs__rosidl_typesupport_fastrtps_c.dir/rosidl_typesupport_fastrtps_c/spider_msgs/msg/detail/servo_array__type_support_c.cpp.o[0m
[ 71%] [32mBuilding CXX object CMakeFiles/spider_msgs__rosidl_typesupport_fastrtps_cpp.dir/rosidl_typesupport_fastrtps_cpp/spider_msgs/msg/detail/dds_fastrtps/leg_positions__type_support.cpp.o[0m
[ 71%] [32mBuilding CXX object CMakeFiles/spider_msgs__rosidl_typesupport_fastrtps_c.dir/rosidl_typesupport_fastrtps_c/spider_msgs/msg/detail/leg_position__type_support_c.cpp.o[0m
[ 72%] [32mBuilding CXX object CMakeFiles/spider_msgs__rosidl_typesupport_fastrtps_cpp.dir/rosidl_typesupport_fastrtps_cpp/spider_msgs/msg/detail/dds_fastrtps/robot_state__type_support.cpp.o[0m
[ 73%] [32m[1mLinking C shared library libspider_msgs__rosidl_typesupport_introspection_c.so[0m
[ 74%] [32mBuilding CXX object CMakeFiles/spider_msgs__rosidl_typesupport_fastrtps_cpp.dir/rosidl_typesupport_fastrtps_cpp/spider_msgs/srv/detail/dds_fastrtps/execute_behavior__type_support.cpp.o[0m
[ 75%] [32mBuilding CXX object CMakeFiles/spider_msgs__rosidl_typesupport_fastrtps_c.dir/rosidl_typesupport_fastrtps_c/spider_msgs/msg/detail/leg_positions__type_support_c.cpp.o[0m
[ 77%] [32mBuilding CXX object CMakeFiles/spider_msgs__rosidl_typesupport_fastrtps_c.dir/rosidl_typesupport_fastrtps_c/spider_msgs/srv/detail/execute_behavior__type_support_c.cpp.o[0m
[ 77%] [32mBuilding CXX object CMakeFiles/spider_msgs__rosidl_typesupport_fastrtps_c.dir/rosidl_typesupport_fastrtps_c/spider_msgs/msg/detail/robot_state__type_support_c.cpp.o[0m
[ 77%] Built target spider_msgs__rosidl_typesupport_introspection_c
[ 78%] [32m[1mLinking CXX shared library libspider_msgs__rosidl_typesupport_cpp.so[0m
[ 79%] [32mBuilding CXX object CMakeFiles/spider_msgs__rosidl_typesupport_fastrtps_cpp.dir/rosidl_typesupport_fastrtps_cpp/spider_msgs/srv/detail/dds_fastrtps/set_pose__type_support.cpp.o[0m
[ 80%] [32mBuilding CXX object CMakeFiles/spider_msgs__rosidl_typesupport_fastrtps_c.dir/rosidl_typesupport_fastrtps_c/spider_msgs/srv/detail/set_pose__type_support_c.cpp.o[0m
[ 80%] Built target spider_msgs__rosidl_typesupport_cpp
[ 81%] [32m[1mLinking CXX shared library libspider_msgs__rosidl_typesupport_introspection_cpp.so[0m
[ 81%] Built target spider_msgs__rosidl_typesupport_introspection_cpp
[ 82%] [32m[1mLinking CXX shared library libspider_msgs__rosidl_typesupport_fastrtps_c.so[0m
[ 84%] [32m[1mLinking CXX shared library libspider_msgs__rosidl_typesupport_fastrtps_cpp.so[0m
[ 84%] Built target spider_msgs__rosidl_typesupport_fastrtps_c
[ 84%] Built target spider_msgs__rosidl_typesupport_fastrtps_cpp
[ 84%] Built target spider_msgs
[ 85%] [34m[1mGenerating Python code for ROS interfaces[0m
[ 85%] Built target spider_msgs__py
[ 92%] [32mBuilding C object CMakeFiles/spider_msgs__rosidl_generator_py.dir/rosidl_generator_py/spider_msgs/msg/_leg_position_s.c.o[0m
[ 92%] [32mBuilding C object CMakeFiles/spider_msgs__rosidl_generator_py.dir/rosidl_generator_py/spider_msgs/msg/_servo_position_s.c.o[0m
[ 92%] [32mBuilding C object CMakeFiles/spider_msgs__rosidl_generator_py.dir/rosidl_generator_py/spider_msgs/srv/_execute_behavior_s.c.o[0m
[ 92%] [32mBuilding C object CMakeFiles/spider_msgs__rosidl_generator_py.dir/rosidl_generator_py/spider_msgs/srv/_set_pose_s.c.o[0m
[ 92%] [32mBuilding C object CMakeFiles/spider_msgs__rosidl_generator_py.dir/rosidl_generator_py/spider_msgs/msg/_leg_positions_s.c.o[0m
[ 92%] [32mBuilding C object CMakeFiles/spider_msgs__rosidl_generator_py.dir/rosidl_generator_py/spider_msgs/msg/_robot_state_s.c.o[0m
[ 92%] [32mBuilding C object CMakeFiles/spider_msgs__rosidl_generator_py.dir/rosidl_generator_py/spider_msgs/msg/_servo_array_s.c.o[0m
[ 93%] [32m[1mLinking C shared library libspider_msgs__rosidl_generator_py.so[0m
[ 93%] Built target spider_msgs__rosidl_generator_py
[ 95%] [32mBuilding C object CMakeFiles/spider_msgs_s__rosidl_typesupport_c.dir/rosidl_generator_py/spider_msgs/_spider_msgs_s.ep.rosidl_typesupport_c.c.o[0m
[ 95%] [32mBuilding C object CMakeFiles/spider_msgs_s__rosidl_typesupport_introspection_c.dir/rosidl_generator_py/spider_msgs/_spider_msgs_s.ep.rosidl_typesupport_introspection_c.c.o[0m
[ 96%] [32mBuilding C object CMakeFiles/spider_msgs_s__rosidl_typesupport_fastrtps_c.dir/rosidl_generator_py/spider_msgs/_spider_msgs_s.ep.rosidl_typesupport_fastrtps_c.c.o[0m
[ 97%] [32m[1mLinking C shared module rosidl_generator_py/spider_msgs/spider_msgs_s__rosidl_typesupport_introspection_c.so[0m
[ 98%] [32m[1mLinking C shared module rosidl_generator_py/spider_msgs/spider_msgs_s__rosidl_typesupport_c.so[0m
[100%] [32m[1mLinking C shared module rosidl_generator_py/spider_msgs/spider_msgs_s__rosidl_typesupport_fastrtps_c.so[0m
[100%] Built target spider_msgs_s__rosidl_typesupport_c
[100%] Built target spider_msgs_s__rosidl_typesupport_introspection_c
[100%] Built target spider_msgs_s__rosidl_typesupport_fastrtps_c
-- Install configuration: ""
-- Installing: /home/loki/ros2_ws/install/spider_msgs/share/ament_index/resource_index/rosidl_interfaces/spider_msgs
-- Installing: /home/loki/ros2_ws/install/spider_msgs/share/spider_msgs/msg/ServoPosition.json
-- Installing: /home/loki/ros2_ws/install/spider_msgs/share/spider_msgs/msg/ServoArray.json
-- Installing: /home/loki/ros2_ws/install/spider_msgs/share/spider_msgs/msg/LegPosition.json
-- Installing: /home/loki/ros2_ws/install/spider_msgs/share/spider_msgs/msg/LegPositions.json
-- Installing: /home/loki/ros2_ws/install/spider_msgs/share/spider_msgs/msg/RobotState.json
-- Installing: /home/loki/ros2_ws/install/spider_msgs/share/spider_msgs/srv/ExecuteBehavior.json
-- Installing: /home/loki/ros2_ws/install/spider_msgs/share/spider_msgs/srv/SetPose.json
-- Installing: /home/loki/ros2_ws/install/spider_msgs/include/spider_msgs/spider_msgs
-- Installing: /home/loki/ros2_ws/install/spider_msgs/include/spider_msgs/spider_msgs/srv
-- Installing: /home/loki/ros2_ws/install/spider_msgs/include/spider_msgs/spider_msgs/srv/detail
-- Installing: /home/loki/ros2_ws/install/spider_msgs/include/spider_msgs/spider_msgs/srv/detail/execute_behavior__functions.h
-- Installing: /home/loki/ros2_ws/install/spider_msgs/include/spider_msgs/spider_msgs/srv/detail/set_pose__struct.h
-- Installing: /home/loki/ros2_ws/install/spider_msgs/include/spider_msgs/spider_msgs/srv/detail/set_pose__type_support.h
-- Installing: /home/loki/ros2_ws/install/spider_msgs/include/spider_msgs/spider_msgs/srv/detail/set_pose__functions.h
-- Installing: /home/loki/ros2_ws/install/spider_msgs/include/spider_msgs/spider_msgs/srv/detail/set_pose__type_support.c
-- Installing: /home/loki/ros2_ws/install/spider_msgs/include/spider_msgs/spider_msgs/srv/detail/execute_behavior__struct.h
-- Installing: /home/loki/ros2_ws/install/spider_msgs/include/spider_msgs/spider_msgs/srv/detail/execute_behavior__description.c
-- Installing: /home/loki/ros2_ws/install/spider_msgs/include/spider_msgs/spider_msgs/srv/detail/execute_behavior__type_support.h
-- Installing: /home/loki/ros2_ws/install/spider_msgs/include/spider_msgs/spider_msgs/srv/detail/execute_behavior__type_support.c
-- Installing: /home/loki/ros2_ws/install/spider_msgs/include/spider_msgs/spider_msgs/srv/detail/set_pose__functions.c
-- Installing: /home/loki/ros2_ws/install/spider_msgs/include/spider_msgs/spider_msgs/srv/detail/execute_behavior__functions.c
-- Installing: /home/loki/ros2_ws/install/spider_msgs/include/spider_msgs/spider_msgs/srv/detail/set_pose__description.c
-- Installing: /home/loki/ros2_ws/install/spider_msgs/include/spider_msgs/spider_msgs/srv/execute_behavior.h
-- Installing: /home/loki/ros2_ws/install/spider_msgs/include/spider_msgs/spider_msgs/srv/set_pose.h
-- Installing: /home/loki/ros2_ws/install/spider_msgs/include/spider_msgs/spider_msgs/msg
-- Installing: /home/loki/ros2_ws/install/spider_msgs/include/spider_msgs/spider_msgs/msg/rosidl_generator_c__visibility_control.h
-- Installing: /home/loki/ros2_ws/install/spider_msgs/include/spider_msgs/spider_msgs/msg/robot_state.h
-- Installing: /home/loki/ros2_ws/install/spider_msgs/include/spider_msgs/spider_msgs/msg/servo_array.h
-- Installing: /home/loki/ros2_ws/install/spider_msgs/include/spider_msgs/spider_msgs/msg/servo_position.h
-- Installing: /home/loki/ros2_ws/install/spider_msgs/include/spider_msgs/spider_msgs/msg/leg_positions.h
-- Installing: /home/loki/ros2_ws/install/spider_msgs/include/spider_msgs/spider_msgs/msg/leg_position.h
-- Installing: /home/loki/ros2_ws/install/spider_msgs/include/spider_msgs/spider_msgs/msg/detail
-- Installing: /home/loki/ros2_ws/install/spider_msgs/include/spider_msgs/spider_msgs/msg/detail/servo_position__type_support.c
-- Installing: /home/loki/ros2_ws/install/spider_msgs/include/spider_msgs/spider_msgs/msg/detail/robot_state__struct.h
-- Installing: /home/loki/ros2_ws/install/spider_msgs/include/spider_msgs/spider_msgs/msg/detail/leg_position__struct.h
-- Installing: /home/loki/ros2_ws/install/spider_msgs/include/spider_msgs/spider_msgs/msg/detail/servo_position__struct.h
-- Installing: /home/loki/ros2_ws/install/spider_msgs/include/spider_msgs/spider_msgs/msg/detail/servo_array__functions.c
-- Installing: /home/loki/ros2_ws/install/spider_msgs/include/spider_msgs/spider_msgs/msg/detail/leg_position__type_support.c
-- Installing: /home/loki/ros2_ws/install/spider_msgs/include/spider_msgs/spider_msgs/msg/detail/leg_positions__functions.c
-- Installing: /home/loki/ros2_ws/install/spider_msgs/include/spider_msgs/spider_msgs/msg/detail/leg_positions__description.c
-- Installing: /home/loki/ros2_ws/install/spider_msgs/include/spider_msgs/spider_msgs/msg/detail/servo_position__functions.h
-- Installing: /home/loki/ros2_ws/install/spider_msgs/include/spider_msgs/spider_msgs/msg/detail/servo_array__type_support.c
-- Installing: /home/loki/ros2_ws/install/spider_msgs/include/spider_msgs/spider_msgs/msg/detail/leg_positions__type_support.h
-- Installing: /home/loki/ros2_ws/install/spider_msgs/include/spider_msgs/spider_msgs/msg/detail/servo_array__struct.h
-- Installing: /home/loki/ros2_ws/install/spider_msgs/include/spider_msgs/spider_msgs/msg/detail/servo_array__functions.h
-- Installing: /home/loki/ros2_ws/install/spider_msgs/include/spider_msgs/spider_msgs/msg/detail/robot_state__description.c
-- Installing: /home/loki/ros2_ws/install/spider_msgs/include/spider_msgs/spider_msgs/msg/detail/robot_state__functions.h
-- Installing: /home/loki/ros2_ws/install/spider_msgs/include/spider_msgs/spider_msgs/msg/detail/leg_position__description.c
-- Installing: /home/loki/ros2_ws/install/spider_msgs/include/spider_msgs/spider_msgs/msg/detail/leg_positions__functions.h
-- Installing: /home/loki/ros2_ws/install/spider_msgs/include/spider_msgs/spider_msgs/msg/detail/robot_state__type_support.h
-- Installing: /home/loki/ros2_ws/install/spider_msgs/include/spider_msgs/spider_msgs/msg/detail/leg_position__functions.c
-- Installing: /home/loki/ros2_ws/install/spider_msgs/include/spider_msgs/spider_msgs/msg/detail/leg_position__type_support.h
-- Installing: /home/loki/ros2_ws/install/spider_msgs/include/spider_msgs/spider_msgs/msg/detail/leg_positions__type_support.c
-- Installing: /home/loki/ros2_ws/install/spider_msgs/include/spider_msgs/spider_msgs/msg/detail/leg_positions__struct.h
-- Installing: /home/loki/ros2_ws/install/spider_msgs/include/spider_msgs/spider_msgs/msg/detail/servo_position__type_support.h
-- Installing: /home/loki/ros2_ws/install/spider_msgs/include/spider_msgs/spider_msgs/msg/detail/servo_array__type_support.h
-- Installing: /home/loki/ros2_ws/install/spider_msgs/include/spider_msgs/spider_msgs/msg/detail/robot_state__functions.c
-- Installing: /home/loki/ros2_ws/install/spider_msgs/include/spider_msgs/spider_msgs/msg/detail/servo_array__description.c
-- Installing: /home/loki/ros2_ws/install/spider_msgs/include/spider_msgs/spider_msgs/msg/detail/leg_position__functions.h
-- Installing: /home/loki/ros2_ws/install/spider_msgs/include/spider_msgs/spider_msgs/msg/detail/servo_position__description.c
-- Installing: /home/loki/ros2_ws/install/spider_msgs/include/spider_msgs/spider_msgs/msg/detail/robot_state__type_support.c
-- Installing: /home/loki/ros2_ws/install/spider_msgs/include/spider_msgs/spider_msgs/msg/detail/servo_position__functions.c
-- Installing: /home/loki/ros2_ws/install/spider_msgs/share/spider_msgs/environment/library_path.sh
-- Installing: /home/loki/ros2_ws/install/spider_msgs/share/spider_msgs/environment/library_path.dsv
-- Installing: /home/loki/ros2_ws/install/spider_msgs/lib/libspider_msgs__rosidl_generator_c.so
-- Set non-toolchain portion of runtime path of "/home/loki/ros2_ws/install/spider_msgs/lib/libspider_msgs__rosidl_generator_c.so" to ""
-- Up-to-date: /home/loki/ros2_ws/install/spider_msgs/include/spider_msgs/spider_msgs
-- Up-to-date: /home/loki/ros2_ws/install/spider_msgs/include/spider_msgs/spider_msgs/srv
-- Up-to-date: /home/loki/ros2_ws/install/spider_msgs/include/spider_msgs/spider_msgs/srv/detail
-- Installing: /home/loki/ros2_ws/install/spider_msgs/include/spider_msgs/spider_msgs/srv/detail/set_pose__rosidl_typesupport_fastrtps_c.h
-- Installing: /home/loki/ros2_ws/install/spider_msgs/include/spider_msgs/spider_msgs/srv/detail/execute_behavior__rosidl_typesupport_fastrtps_c.h
-- Up-to-date: /home/loki/ros2_ws/install/spider_msgs/include/spider_msgs/spider_msgs/msg
-- Installing: /home/loki/ros2_ws/install/spider_msgs/include/spider_msgs/spider_msgs/msg/rosidl_typesupport_fastrtps_c__visibility_control.h
-- Up-to-date: /home/loki/ros2_ws/install/spider_msgs/include/spider_msgs/spider_msgs/msg/detail
-- Installing: /home/loki/ros2_ws/install/spider_msgs/include/spider_msgs/spider_msgs/msg/detail/leg_positions__rosidl_typesupport_fastrtps_c.h
-- Installing: /home/loki/ros2_ws/install/spider_msgs/include/spider_msgs/spider_msgs/msg/detail/servo_position__rosidl_typesupport_fastrtps_c.h
-- Installing: /home/loki/ros2_ws/install/spider_msgs/include/spider_msgs/spider_msgs/msg/detail/servo_array__rosidl_typesupport_fastrtps_c.h
-- Installing: /home/loki/ros2_ws/install/spider_msgs/include/spider_msgs/spider_msgs/msg/detail/robot_state__rosidl_typesupport_fastrtps_c.h
-- Installing: /home/loki/ros2_ws/install/spider_msgs/include/spider_msgs/spider_msgs/msg/detail/leg_position__rosidl_typesupport_fastrtps_c.h
-- Installing: /home/loki/ros2_ws/install/spider_msgs/lib/libspider_msgs__rosidl_typesupport_fastrtps_c.so
-- Set non-toolchain portion of runtime path of "/home/loki/ros2_ws/install/spider_msgs/lib/libspider_msgs__rosidl_typesupport_fastrtps_c.so" to ""
-- Up-to-date: /home/loki/ros2_ws/install/spider_msgs/include/spider_msgs/spider_msgs
-- Up-to-date: /home/loki/ros2_ws/install/spider_msgs/include/spider_msgs/spider_msgs/srv
-- Installing: /home/loki/ros2_ws/install/spider_msgs/include/spider_msgs/spider_msgs/srv/set_pose.hpp
-- Up-to-date: /home/loki/ros2_ws/install/spider_msgs/include/spider_msgs/spider_msgs/srv/detail
-- Installing: /home/loki/ros2_ws/install/spider_msgs/include/spider_msgs/spider_msgs/srv/detail/execute_behavior__type_support.hpp
-- Installing: /home/loki/ros2_ws/install/spider_msgs/include/spider_msgs/spider_msgs/srv/detail/execute_behavior__struct.hpp
-- Installing: /home/loki/ros2_ws/install/spider_msgs/include/spider_msgs/spider_msgs/srv/detail/execute_behavior__builder.hpp
-- Installing: /home/loki/ros2_ws/install/spider_msgs/include/spider_msgs/spider_msgs/srv/detail/set_pose__traits.hpp
-- Installing: /home/loki/ros2_ws/install/spider_msgs/include/spider_msgs/spider_msgs/srv/detail/set_pose__struct.hpp
-- Installing: /home/loki/ros2_ws/install/spider_msgs/include/spider_msgs/spider_msgs/srv/detail/execute_behavior__traits.hpp
-- Installing: /home/loki/ros2_ws/install/spider_msgs/include/spider_msgs/spider_msgs/srv/detail/set_pose__type_support.hpp
-- Installing: /home/loki/ros2_ws/install/spider_msgs/include/spider_msgs/spider_msgs/srv/detail/set_pose__builder.hpp
-- Installing: /home/loki/ros2_ws/install/spider_msgs/include/spider_msgs/spider_msgs/srv/execute_behavior.hpp
-- Up-to-date: /home/loki/ros2_ws/install/spider_msgs/include/spider_msgs/spider_msgs/msg
-- Installing: /home/loki/ros2_ws/install/spider_msgs/include/spider_msgs/spider_msgs/msg/servo_array.hpp
-- Installing: /home/loki/ros2_ws/install/spider_msgs/include/spider_msgs/spider_msgs/msg/robot_state.hpp
-- Installing: /home/loki/ros2_ws/install/spider_msgs/include/spider_msgs/spider_msgs/msg/rosidl_generator_cpp__visibility_control.hpp
-- Installing: /home/loki/ros2_ws/install/spider_msgs/include/spider_msgs/spider_msgs/msg/leg_positions.hpp
-- Installing: /home/loki/ros2_ws/install/spider_msgs/include/spider_msgs/spider_msgs/msg/leg_position.hpp
-- Up-to-date: /home/loki/ros2_ws/install/spider_msgs/include/spider_msgs/spider_msgs/msg/detail
-- Installing: /home/loki/ros2_ws/install/spider_msgs/include/spider_msgs/spider_msgs/msg/detail/leg_positions__builder.hpp
-- Installing: /home/loki/ros2_ws/install/spider_msgs/include/spider_msgs/spider_msgs/msg/detail/servo_array__traits.hpp
-- Installing: /home/loki/ros2_ws/install/spider_msgs/include/spider_msgs/spider_msgs/msg/detail/leg_position__builder.hpp
-- Installing: /home/loki/ros2_ws/install/spider_msgs/include/spider_msgs/spider_msgs/msg/detail/servo_position__type_support.hpp
-- Installing: /home/loki/ros2_ws/install/spider_msgs/include/spider_msgs/spider_msgs/msg/detail/leg_position__traits.hpp
-- Installing: /home/loki/ros2_ws/install/spider_msgs/include/spider_msgs/spider_msgs/msg/detail/leg_position__type_support.hpp
-- Installing: /home/loki/ros2_ws/install/spider_msgs/include/spider_msgs/spider_msgs/msg/detail/servo_position__traits.hpp
-- Installing: /home/loki/ros2_ws/install/spider_msgs/include/spider_msgs/spider_msgs/msg/detail/robot_state__traits.hpp
-- Installing: /home/loki/ros2_ws/install/spider_msgs/include/spider_msgs/spider_msgs/msg/detail/servo_array__type_support.hpp
-- Installing: /home/loki/ros2_ws/install/spider_msgs/include/spider_msgs/spider_msgs/msg/detail/leg_positions__traits.hpp
-- Installing: /home/loki/ros2_ws/install/spider_msgs/include/spider_msgs/spider_msgs/msg/detail/servo_array__struct.hpp
-- Installing: /home/loki/ros2_ws/install/spider_msgs/include/spider_msgs/spider_msgs/msg/detail/servo_position__struct.hpp
-- Installing: /home/loki/ros2_ws/install/spider_msgs/include/spider_msgs/spider_msgs/msg/detail/servo_array__builder.hpp
-- Installing: /home/loki/ros2_ws/install/spider_msgs/include/spider_msgs/spider_msgs/msg/detail/leg_position__struct.hpp
-- Installing: /home/loki/ros2_ws/install/spider_msgs/include/spider_msgs/spider_msgs/msg/detail/leg_positions__type_support.hpp
-- Installing: /home/loki/ros2_ws/install/spider_msgs/include/spider_msgs/spider_msgs/msg/detail/robot_state__struct.hpp
-- Installing: /home/loki/ros2_ws/install/spider_msgs/include/spider_msgs/spider_msgs/msg/detail/leg_positions__struct.hpp
-- Installing: /home/loki/ros2_ws/install/spider_msgs/include/spider_msgs/spider_msgs/msg/detail/robot_state__builder.hpp
-- Installing: /home/loki/ros2_ws/install/spider_msgs/include/spider_msgs/spider_msgs/msg/detail/robot_state__type_support.hpp
-- Installing: /home/loki/ros2_ws/install/spider_msgs/include/spider_msgs/spider_msgs/msg/detail/servo_position__builder.hpp
-- Installing: /home/loki/ros2_ws/install/spider_msgs/include/spider_msgs/spider_msgs/msg/servo_position.hpp
-- Up-to-date: /home/loki/ros2_ws/install/spider_msgs/include/spider_msgs/spider_msgs
-- Up-to-date: /home/loki/ros2_ws/install/spider_msgs/include/spider_msgs/spider_msgs/srv
-- Up-to-date: /home/loki/ros2_ws/install/spider_msgs/include/spider_msgs/spider_msgs/srv/detail
-- Installing: /home/loki/ros2_ws/install/spider_msgs/include/spider_msgs/spider_msgs/srv/detail/execute_behavior__rosidl_typesupport_fastrtps_cpp.hpp
-- Installing: /home/loki/ros2_ws/install/spider_msgs/include/spider_msgs/spider_msgs/srv/detail/dds_fastrtps
-- Installing: /home/loki/ros2_ws/install/spider_msgs/include/spider_msgs/spider_msgs/srv/detail/set_pose__rosidl_typesupport_fastrtps_cpp.hpp
-- Up-to-date: /home/loki/ros2_ws/install/spider_msgs/include/spider_msgs/spider_msgs/msg
-- Installing: /home/loki/ros2_ws/install/spider_msgs/include/spider_msgs/spider_msgs/msg/rosidl_typesupport_fastrtps_cpp__visibility_control.h
-- Up-to-date: /home/loki/ros2_ws/install/spider_msgs/include/spider_msgs/spider_msgs/msg/detail
-- Installing: /home/loki/ros2_ws/install/spider_msgs/include/spider_msgs/spider_msgs/msg/detail/robot_state__rosidl_typesupport_fastrtps_cpp.hpp
-- Installing: /home/loki/ros2_ws/install/spider_msgs/include/spider_msgs/spider_msgs/msg/detail/dds_fastrtps
-- Installing: /home/loki/ros2_ws/install/spider_msgs/include/spider_msgs/spider_msgs/msg/detail/leg_position__rosidl_typesupport_fastrtps_cpp.hpp
-- Installing: /home/loki/ros2_ws/install/spider_msgs/include/spider_msgs/spider_msgs/msg/detail/servo_position__rosidl_typesupport_fastrtps_cpp.hpp
-- Installing: /home/loki/ros2_ws/install/spider_msgs/include/spider_msgs/spider_msgs/msg/detail/servo_array__rosidl_typesupport_fastrtps_cpp.hpp
-- Installing: /home/loki/ros2_ws/install/spider_msgs/include/spider_msgs/spider_msgs/msg/detail/leg_positions__rosidl_typesupport_fastrtps_cpp.hpp
-- Installing: /home/loki/ros2_ws/install/spider_msgs/lib/libspider_msgs__rosidl_typesupport_fastrtps_cpp.so
-- Set non-toolchain portion of runtime path of "/home/loki/ros2_ws/install/spider_msgs/lib/libspider_msgs__rosidl_typesupport_fastrtps_cpp.so" to ""
-- Up-to-date: /home/loki/ros2_ws/install/spider_msgs/include/spider_msgs/spider_msgs
-- Up-to-date: /home/loki/ros2_ws/install/spider_msgs/include/spider_msgs/spider_msgs/srv
-- Up-to-date: /home/loki/ros2_ws/install/spider_msgs/include/spider_msgs/spider_msgs/srv/detail
-- Installing: /home/loki/ros2_ws/install/spider_msgs/include/spider_msgs/spider_msgs/srv/detail/set_pose__type_support.c
-- Installing: /home/loki/ros2_ws/install/spider_msgs/include/spider_msgs/spider_msgs/srv/detail/execute_behavior__type_support.c
-- Installing: /home/loki/ros2_ws/install/spider_msgs/include/spider_msgs/spider_msgs/srv/detail/execute_behavior__rosidl_typesupport_introspection_c.h
-- Installing: /home/loki/ros2_ws/install/spider_msgs/include/spider_msgs/spider_msgs/srv/detail/set_pose__rosidl_typesupport_introspection_c.h
-- Up-to-date: /home/loki/ros2_ws/install/spider_msgs/include/spider_msgs/spider_msgs/msg
-- Installing: /home/loki/ros2_ws/install/spider_msgs/include/spider_msgs/spider_msgs/msg/rosidl_typesupport_introspection_c__visibility_control.h
-- Up-to-date: /home/loki/ros2_ws/install/spider_msgs/include/spider_msgs/spider_msgs/msg/detail
-- Installing: /home/loki/ros2_ws/install/spider_msgs/include/spider_msgs/spider_msgs/msg/detail/robot_state__rosidl_typesupport_introspection_c.h
-- Installing: /home/loki/ros2_ws/install/spider_msgs/include/spider_msgs/spider_msgs/msg/detail/leg_position__rosidl_typesupport_introspection_c.h
-- Installing: /home/loki/ros2_ws/install/spider_msgs/include/spider_msgs/spider_msgs/msg/detail/servo_position__type_support.c
-- Installing: /home/loki/ros2_ws/install/spider_msgs/include/spider_msgs/spider_msgs/msg/detail/leg_position__type_support.c
-- Installing: /home/loki/ros2_ws/install/spider_msgs/include/spider_msgs/spider_msgs/msg/detail/servo_position__rosidl_typesupport_introspection_c.h
-- Installing: /home/loki/ros2_ws/install/spider_msgs/include/spider_msgs/spider_msgs/msg/detail/servo_array__type_support.c
-- Installing: /home/loki/ros2_ws/install/spider_msgs/include/spider_msgs/spider_msgs/msg/detail/servo_array__rosidl_typesupport_introspection_c.h
-- Installing: /home/loki/ros2_ws/install/spider_msgs/include/spider_msgs/spider_msgs/msg/detail/leg_positions__rosidl_typesupport_introspection_c.h
-- Installing: /home/loki/ros2_ws/install/spider_msgs/include/spider_msgs/spider_msgs/msg/detail/leg_positions__type_support.c
-- Installing: /home/loki/ros2_ws/install/spider_msgs/include/spider_msgs/spider_msgs/msg/detail/robot_state__type_support.c
-- Installing: /home/loki/ros2_ws/install/spider_msgs/lib/libspider_msgs__rosidl_typesupport_introspection_c.so
-- Set non-toolchain portion of runtime path of "/home/loki/ros2_ws/install/spider_msgs/lib/libspider_msgs__rosidl_typesupport_introspection_c.so" to ""
-- Installing: /home/loki/ros2_ws/install/spider_msgs/lib/libspider_msgs__rosidl_typesupport_c.so
-- Set non-toolchain portion of runtime path of "/home/loki/ros2_ws/install/spider_msgs/lib/libspider_msgs__rosidl_typesupport_c.so" to ""
-- Up-to-date: /home/loki/ros2_ws/install/spider_msgs/include/spider_msgs/spider_msgs
-- Up-to-date: /home/loki/ros2_ws/install/spider_msgs/include/spider_msgs/spider_msgs/srv
-- Up-to-date: /home/loki/ros2_ws/install/spider_msgs/include/spider_msgs/spider_msgs/srv/detail
-- Installing: /home/loki/ros2_ws/install/spider_msgs/include/spider_msgs/spider_msgs/srv/detail/set_pose__type_support.cpp
-- Installing: /home/loki/ros2_ws/install/spider_msgs/include/spider_msgs/spider_msgs/srv/detail/set_pose__rosidl_typesupport_introspection_cpp.hpp
-- Installing: /home/loki/ros2_ws/install/spider_msgs/include/spider_msgs/spider_msgs/srv/detail/execute_behavior__rosidl_typesupport_introspection_cpp.hpp
-- Installing: /home/loki/ros2_ws/install/spider_msgs/include/spider_msgs/spider_msgs/srv/detail/execute_behavior__type_support.cpp
-- Up-to-date: /home/loki/ros2_ws/install/spider_msgs/include/spider_msgs/spider_msgs/msg
-- Up-to-date: /home/loki/ros2_ws/install/spider_msgs/include/spider_msgs/spider_msgs/msg/detail
-- Installing: /home/loki/ros2_ws/install/spider_msgs/include/spider_msgs/spider_msgs/msg/detail/leg_position__type_support.cpp
-- Installing: /home/loki/ros2_ws/install/spider_msgs/include/spider_msgs/spider_msgs/msg/detail/robot_state__type_support.cpp
-- Installing: /home/loki/ros2_ws/install/spider_msgs/include/spider_msgs/spider_msgs/msg/detail/servo_array__type_support.cpp
-- Installing: /home/loki/ros2_ws/install/spider_msgs/include/spider_msgs/spider_msgs/msg/detail/servo_position__type_support.cpp
-- Installing: /home/loki/ros2_ws/install/spider_msgs/include/spider_msgs/spider_msgs/msg/detail/leg_positions__rosidl_typesupport_introspection_cpp.hpp
-- Installing: /home/loki/ros2_ws/install/spider_msgs/include/spider_msgs/spider_msgs/msg/detail/robot_state__rosidl_typesupport_introspection_cpp.hpp
-- Installing: /home/loki/ros2_ws/install/spider_msgs/include/spider_msgs/spider_msgs/msg/detail/leg_positions__type_support.cpp
-- Installing: /home/loki/ros2_ws/install/spider_msgs/include/spider_msgs/spider_msgs/msg/detail/leg_position__rosidl_typesupport_introspection_cpp.hpp
-- Installing: /home/loki/ros2_ws/install/spider_msgs/include/spider_msgs/spider_msgs/msg/detail/servo_position__rosidl_typesupport_introspection_cpp.hpp
-- Installing: /home/loki/ros2_ws/install/spider_msgs/include/spider_msgs/spider_msgs/msg/detail/servo_array__rosidl_typesupport_introspection_cpp.hpp
-- Installing: /home/loki/ros2_ws/install/spider_msgs/lib/libspider_msgs__rosidl_typesupport_introspection_cpp.so
-- Set non-toolchain portion of runtime path of "/home/loki/ros2_ws/install/spider_msgs/lib/libspider_msgs__rosidl_typesupport_introspection_cpp.so" to ""
-- Installing: /home/loki/ros2_ws/install/spider_msgs/lib/libspider_msgs__rosidl_typesupport_cpp.so
-- Set non-toolchain portion of runtime path of "/home/loki/ros2_ws/install/spider_msgs/lib/libspider_msgs__rosidl_typesupport_cpp.so" to ""
-- Installing: /home/loki/ros2_ws/install/spider_msgs/share/spider_msgs/environment/pythonpath.sh
-- Installing: /home/loki/ros2_ws/install/spider_msgs/share/spider_msgs/environment/pythonpath.dsv
-- Installing: /home/loki/ros2_ws/install/spider_msgs/lib/python3.12/site-packages/spider_msgs-0.0.0-py3.12.egg-info
-- Installing: /home/loki/ros2_ws/install/spider_msgs/lib/python3.12/site-packages/spider_msgs-0.0.0-py3.12.egg-info/dependency_links.txt
-- Installing: /home/loki/ros2_ws/install/spider_msgs/lib/python3.12/site-packages/spider_msgs-0.0.0-py3.12.egg-info/top_level.txt
-- Installing: /home/loki/ros2_ws/install/spider_msgs/lib/python3.12/site-packages/spider_msgs-0.0.0-py3.12.egg-info/PKG-INFO
-- Installing: /home/loki/ros2_ws/install/spider_msgs/lib/python3.12/site-packages/spider_msgs-0.0.0-py3.12.egg-info/SOURCES.txt
-- Installing: /home/loki/ros2_ws/install/spider_msgs/lib/python3.12/site-packages/spider_msgs
-- Installing: /home/loki/ros2_ws/install/spider_msgs/lib/python3.12/site-packages/spider_msgs/__init__.py
-- Installing: /home/loki/ros2_ws/install/spider_msgs/lib/python3.12/site-packages/spider_msgs/spider_msgs_s__rosidl_typesupport_fastrtps_c.so
-- Installing: /home/loki/ros2_ws/install/spider_msgs/lib/python3.12/site-packages/spider_msgs/_spider_msgs_s.ep.rosidl_typesupport_fastrtps_c.c
-- Installing: /home/loki/ros2_ws/install/spider_msgs/lib/python3.12/site-packages/spider_msgs/srv
-- Installing: /home/loki/ros2_ws/install/spider_msgs/lib/python3.12/site-packages/spider_msgs/srv/__init__.py
-- Installing: /home/loki/ros2_ws/install/spider_msgs/lib/python3.12/site-packages/spider_msgs/srv/_execute_behavior.py
-- Installing: /home/loki/ros2_ws/install/spider_msgs/lib/python3.12/site-packages/spider_msgs/srv/_set_pose_s.c
-- Installing: /home/loki/ros2_ws/install/spider_msgs/lib/python3.12/site-packages/spider_msgs/srv/_execute_behavior_s.c
-- Installing: /home/loki/ros2_ws/install/spider_msgs/lib/python3.12/site-packages/spider_msgs/srv/_set_pose.py
-- Installing: /home/loki/ros2_ws/install/spider_msgs/lib/python3.12/site-packages/spider_msgs/spider_msgs_s__rosidl_typesupport_c.so
-- Installing: /home/loki/ros2_ws/install/spider_msgs/lib/python3.12/site-packages/spider_msgs/_spider_msgs_s.ep.rosidl_typesupport_introspection_c.c
-- Installing: /home/loki/ros2_ws/install/spider_msgs/lib/python3.12/site-packages/spider_msgs/msg
-- Installing: /home/loki/ros2_ws/install/spider_msgs/lib/python3.12/site-packages/spider_msgs/msg/_servo_position.py
-- Installing: /home/loki/ros2_ws/install/spider_msgs/lib/python3.12/site-packages/spider_msgs/msg/__init__.py
-- Installing: /home/loki/ros2_ws/install/spider_msgs/lib/python3.12/site-packages/spider_msgs/msg/_servo_position_s.c
-- Installing: /home/loki/ros2_ws/install/spider_msgs/lib/python3.12/site-packages/spider_msgs/msg/_leg_position_s.c
-- Installing: /home/loki/ros2_ws/install/spider_msgs/lib/python3.12/site-packages/spider_msgs/msg/_leg_position.py
-- Installing: /home/loki/ros2_ws/install/spider_msgs/lib/python3.12/site-packages/spider_msgs/msg/_leg_positions_s.c
-- Installing: /home/loki/ros2_ws/install/spider_msgs/lib/python3.12/site-packages/spider_msgs/msg/_robot_state_s.c
-- Installing: /home/loki/ros2_ws/install/spider_msgs/lib/python3.12/site-packages/spider_msgs/msg/_leg_positions.py
-- Installing: /home/loki/ros2_ws/install/spider_msgs/lib/python3.12/site-packages/spider_msgs/msg/_servo_array.py
-- Installing: /home/loki/ros2_ws/install/spider_msgs/lib/python3.12/site-packages/spider_msgs/msg/_servo_array_s.c
-- Installing: /home/loki/ros2_ws/install/spider_msgs/lib/python3.12/site-packages/spider_msgs/msg/_robot_state.py
-- Installing: /home/loki/ros2_ws/install/spider_msgs/lib/python3.12/site-packages/spider_msgs/_spider_msgs_s.ep.rosidl_typesupport_c.c
-- Installing: /home/loki/ros2_ws/install/spider_msgs/lib/python3.12/site-packages/spider_msgs/spider_msgs_s__rosidl_typesupport_introspection_c.so
Listing '/home/loki/ros2_ws/install/spider_msgs/lib/python3.12/site-packages/spider_msgs'...
Compiling '/home/loki/ros2_ws/install/spider_msgs/lib/python3.12/site-packages/spider_msgs/__init__.py'...
Listing '/home/loki/ros2_ws/install/spider_msgs/lib/python3.12/site-packages/spider_msgs/msg'...
Compiling '/home/loki/ros2_ws/install/spider_msgs/lib/python3.12/site-packages/spider_msgs/msg/__init__.py'...
Compiling '/home/loki/ros2_ws/install/spider_msgs/lib/python3.12/site-packages/spider_msgs/msg/_leg_position.py'...
Compiling '/home/loki/ros2_ws/install/spider_msgs/lib/python3.12/site-packages/spider_msgs/msg/_leg_positions.py'...
Compiling '/home/loki/ros2_ws/install/spider_msgs/lib/python3.12/site-packages/spider_msgs/msg/_robot_state.py'...
Compiling '/home/loki/ros2_ws/install/spider_msgs/lib/python3.12/site-packages/spider_msgs/msg/_servo_array.py'...
Compiling '/home/loki/ros2_ws/install/spider_msgs/lib/python3.12/site-packages/spider_msgs/msg/_servo_position.py'...
Listing '/home/loki/ros2_ws/install/spider_msgs/lib/python3.12/site-packages/spider_msgs/srv'...
Compiling '/home/loki/ros2_ws/install/spider_msgs/lib/python3.12/site-packages/spider_msgs/srv/__init__.py'...
Compiling '/home/loki/ros2_ws/install/spider_msgs/lib/python3.12/site-packages/spider_msgs/srv/_execute_behavior.py'...
Compiling '/home/loki/ros2_ws/install/spider_msgs/lib/python3.12/site-packages/spider_msgs/srv/_set_pose.py'...
-- Installing: /home/loki/ros2_ws/install/spider_msgs/lib/python3.12/site-packages/spider_msgs/spider_msgs_s__rosidl_typesupport_fastrtps_c.so
-- Set non-toolchain portion of runtime path of "/home/loki/ros2_ws/install/spider_msgs/lib/python3.12/site-packages/spider_msgs/spider_msgs_s__rosidl_typesupport_fastrtps_c.so" to ""
-- Installing: /home/loki/ros2_ws/install/spider_msgs/lib/python3.12/site-packages/spider_msgs/spider_msgs_s__rosidl_typesupport_introspection_c.so
-- Set non-toolchain portion of runtime path of "/home/loki/ros2_ws/install/spider_msgs/lib/python3.12/site-packages/spider_msgs/spider_msgs_s__rosidl_typesupport_introspection_c.so" to ""
-- Installing: /home/loki/ros2_ws/install/spider_msgs/lib/python3.12/site-packages/spider_msgs/spider_msgs_s__rosidl_typesupport_c.so
-- Set non-toolchain portion of runtime path of "/home/loki/ros2_ws/install/spider_msgs/lib/python3.12/site-packages/spider_msgs/spider_msgs_s__rosidl_typesupport_c.so" to ""
-- Installing: /home/loki/ros2_ws/install/spider_msgs/lib/libspider_msgs__rosidl_generator_py.so
-- Set non-toolchain portion of runtime path of "/home/loki/ros2_ws/install/spider_msgs/lib/libspider_msgs__rosidl_generator_py.so" to ""
-- Installing: /home/loki/ros2_ws/install/spider_msgs/share/spider_msgs/msg/ServoPosition.idl
-- Installing: /home/loki/ros2_ws/install/spider_msgs/share/spider_msgs/msg/ServoArray.idl
-- Installing: /home/loki/ros2_ws/install/spider_msgs/share/spider_msgs/msg/LegPosition.idl
-- Installing: /home/loki/ros2_ws/install/spider_msgs/share/spider_msgs/msg/LegPositions.idl
-- Installing: /home/loki/ros2_ws/install/spider_msgs/share/spider_msgs/msg/RobotState.idl
-- Installing: /home/loki/ros2_ws/install/spider_msgs/share/spider_msgs/srv/ExecuteBehavior.idl
-- Installing: /home/loki/ros2_ws/install/spider_msgs/share/spider_msgs/srv/SetPose.idl
-- Installing: /home/loki/ros2_ws/install/spider_msgs/share/spider_msgs/msg/ServoPosition.msg
-- Installing: /home/loki/ros2_ws/install/spider_msgs/share/spider_msgs/msg/ServoArray.msg
-- Installing: /home/loki/ros2_ws/install/spider_msgs/share/spider_msgs/msg/LegPosition.msg
-- Installing: /home/loki/ros2_ws/install/spider_msgs/share/spider_msgs/msg/LegPositions.msg
-- Installing: /home/loki/ros2_ws/install/spider_msgs/share/spider_msgs/msg/RobotState.msg
-- Installing: /home/loki/ros2_ws/install/spider_msgs/share/spider_msgs/srv/ExecuteBehavior.srv
-- Installing: /home/loki/ros2_ws/install/spider_msgs/share/spider_msgs/srv/SetPose.srv
-- Installing: /home/loki/ros2_ws/install/spider_msgs/share/ament_index/resource_index/package_run_dependencies/spider_msgs
-- Installing: /home/loki/ros2_ws/install/spider_msgs/share/ament_index/resource_index/parent_prefix_path/spider_msgs
-- Installing: /home/loki/ros2_ws/install/spider_msgs/share/spider_msgs/environment/ament_prefix_path.sh
-- Installing: /home/loki/ros2_ws/install/spider_msgs/share/spider_msgs/environment/ament_prefix_path.dsv
-- Installing: /home/loki/ros2_ws/install/spider_msgs/share/spider_msgs/environment/path.sh
-- Installing: /home/loki/ros2_ws/install/spider_msgs/share/spider_msgs/environment/path.dsv
-- Installing: /home/loki/ros2_ws/install/spider_msgs/share/spider_msgs/local_setup.bash
-- Installing: /home/loki/ros2_ws/install/spider_msgs/share/spider_msgs/local_setup.sh
-- Installing: /home/loki/ros2_ws/install/spider_msgs/share/spider_msgs/local_setup.zsh
-- Installing: /home/loki/ros2_ws/install/spider_msgs/share/spider_msgs/local_setup.dsv
-- Installing: /home/loki/ros2_ws/install/spider_msgs/share/spider_msgs/package.dsv
-- Installing: /home/loki/ros2_ws/install/spider_msgs/share/ament_index/resource_index/packages/spider_msgs
-- Installing: /home/loki/ros2_ws/install/spider_msgs/share/spider_msgs/cmake/export_spider_msgs__rosidl_generator_cExport.cmake
-- Installing: /home/loki/ros2_ws/install/spider_msgs/share/spider_msgs/cmake/export_spider_msgs__rosidl_generator_cExport-noconfig.cmake
-- Installing: /home/loki/ros2_ws/install/spider_msgs/share/spider_msgs/cmake/export_spider_msgs__rosidl_typesupport_fastrtps_cExport.cmake
-- Installing: /home/loki/ros2_ws/install/spider_msgs/share/spider_msgs/cmake/export_spider_msgs__rosidl_typesupport_fastrtps_cExport-noconfig.cmake
-- Installing: /home/loki/ros2_ws/install/spider_msgs/share/spider_msgs/cmake/export_spider_msgs__rosidl_generator_cppExport.cmake
-- Installing: /home/loki/ros2_ws/install/spider_msgs/share/spider_msgs/cmake/export_spider_msgs__rosidl_typesupport_fastrtps_cppExport.cmake
-- Installing: /home/loki/ros2_ws/install/spider_msgs/share/spider_msgs/cmake/export_spider_msgs__rosidl_typesupport_fastrtps_cppExport-noconfig.cmake
-- Installing: /home/loki/ros2_ws/install/spider_msgs/share/spider_msgs/cmake/spider_msgs__rosidl_typesupport_introspection_cExport.cmake
-- Installing: /home/loki/ros2_ws/install/spider_msgs/share/spider_msgs/cmake/spider_msgs__rosidl_typesupport_introspection_cExport-noconfig.cmake
-- Installing: /home/loki/ros2_ws/install/spider_msgs/share/spider_msgs/cmake/spider_msgs__rosidl_typesupport_cExport.cmake
-- Installing: /home/loki/ros2_ws/install/spider_msgs/share/spider_msgs/cmake/spider_msgs__rosidl_typesupport_cExport-noconfig.cmake
-- Installing: /home/loki/ros2_ws/install/spider_msgs/share/spider_msgs/cmake/spider_msgs__rosidl_typesupport_introspection_cppExport.cmake
-- Installing: /home/loki/ros2_ws/install/spider_msgs/share/spider_msgs/cmake/spider_msgs__rosidl_typesupport_introspection_cppExport-noconfig.cmake
-- Installing: /home/loki/ros2_ws/install/spider_msgs/share/spider_msgs/cmake/spider_msgs__rosidl_typesupport_cppExport.cmake
-- Installing: /home/loki/ros2_ws/install/spider_msgs/share/spider_msgs/cmake/spider_msgs__rosidl_typesupport_cppExport-noconfig.cmake
-- Installing: /home/loki/ros2_ws/install/spider_msgs/share/spider_msgs/cmake/export_spider_msgs__rosidl_generator_pyExport.cmake
-- Installing: /home/loki/ros2_ws/install/spider_msgs/share/spider_msgs/cmake/export_spider_msgs__rosidl_generator_pyExport-noconfig.cmake
-- Installing: /home/loki/ros2_ws/install/spider_msgs/share/spider_msgs/cmake/rosidl_cmake-extras.cmake
-- Installing: /home/loki/ros2_ws/install/spider_msgs/share/spider_msgs/cmake/ament_cmake_export_dependencies-extras.cmake
-- Installing: /home/loki/ros2_ws/install/spider_msgs/share/spider_msgs/cmake/ament_cmake_export_include_directories-extras.cmake
-- Installing: /home/loki/ros2_ws/install/spider_msgs/share/spider_msgs/cmake/ament_cmake_export_libraries-extras.cmake
-- Installing: /home/loki/ros2_ws/install/spider_msgs/share/spider_msgs/cmake/ament_cmake_export_targets-extras.cmake
-- Installing: /home/loki/ros2_ws/install/spider_msgs/share/spider_msgs/cmake/rosidl_cmake_export_typesupport_targets-extras.cmake
-- Installing: /home/loki/ros2_ws/install/spider_msgs/share/spider_msgs/cmake/rosidl_cmake_export_typesupport_libraries-extras.cmake
-- Installing: /home/loki/ros2_ws/install/spider_msgs/share/spider_msgs/cmake/spider_msgsConfig.cmake
-- Installing: /home/loki/ros2_ws/install/spider_msgs/share/spider_msgs/cmake/spider_msgsConfig-version.cmake
-- Installing: /home/loki/ros2_ws/install/spider_msgs/share/spider_msgs/package.xml
