[0.015s] Invoking command in '/home/loki/ros2_ws/build/spider_msgs': CMAKE_PREFIX_PATH=${CMAKE_PREFIX_PATH}:/opt/ros/kilted /usr/bin/cmake /home/loki/ros2_ws/src/spider_msgs -DCMAKE_INSTALL_PREFIX=/home/loki/ros2_ws/install/spider_msgs
[0.197s] -- The C compiler identification is GNU 13.3.0
[0.362s] -- The CXX compiler identification is GNU 13.3.0
[0.387s] -- Detecting C compiler ABI info
[0.496s] -- Detecting C compiler ABI info - done
[0.503s] -- Check for working C compiler: /usr/bin/cc - skipped
[0.504s] -- Detecting C compile features
[0.505s] -- Detecting C compile features - done
[0.517s] -- Detecting CXX compiler ABI info
[0.625s] -- Detecting CXX compiler ABI info - done
[0.632s] -- Check for working CXX compiler: /usr/bin/c++ - skipped
[0.632s] -- Detecting CXX compile features
[0.632s] -- Detecting CXX compile features - done
[0.653s] -- Found ament_cmake: 2.7.3 (/opt/ros/kilted/share/ament_cmake/cmake)
[0.812s] -- Found Python3: /usr/bin/python3 (found version "3.12.3") found components: Interpreter 
[0.955s] -- Found std_msgs: 5.5.1 (/opt/ros/kilted/share/std_msgs/cmake)
[1.023s] -- Found rosidl_generator_c: 4.9.5 (/opt/ros/kilted/share/rosidl_generator_c/cmake)
[1.044s] -- Found rosidl_generator_cpp: 4.9.5 (/opt/ros/kilted/share/rosidl_generator_cpp/cmake)
[1.074s] -- Using all available rosidl_typesupport_c: rosidl_typesupport_fastrtps_c;rosidl_typesupport_introspection_c
[1.103s] -- Using all available rosidl_typesupport_cpp: rosidl_typesupport_fastrtps_cpp;rosidl_typesupport_introspection_cpp
[1.150s] -- Found geometry_msgs: 5.5.1 (/opt/ros/kilted/share/geometry_msgs/cmake)
[1.173s] -- Found rosidl_default_generators: 1.7.1 (/opt/ros/kilted/share/rosidl_default_generators/cmake)
[1.196s] -- Found rosidl_adapter: 4.9.5 (/opt/ros/kilted/share/rosidl_adapter/cmake)
[1.807s] -- Found ament_cmake_ros_core: 0.14.3 (/opt/ros/kilted/share/ament_cmake_ros_core/cmake)
[2.558s] -- Using all available rosidl_typesupport_c: rosidl_typesupport_fastrtps_c;rosidl_typesupport_introspection_c
[2.848s] -- Using all available rosidl_typesupport_cpp: rosidl_typesupport_fastrtps_cpp;rosidl_typesupport_introspection_cpp
[3.230s] -- Found Python3: /usr/bin/python3 (found version "3.12.3") found components: Interpreter Development NumPy Development.Module Development.Embed 
[3.286s] -- Found ament_lint_auto: 0.19.2 (/opt/ros/kilted/share/ament_lint_auto/cmake)
[3.331s] -- Added test 'lint_cmake' to check CMake code style
[3.334s] -- Added test 'xmllint' to check XML markup files
[3.337s] -- Configuring done (3.3s)
[3.382s] -- Generating done (0.0s)
[3.391s] -- Build files have been written to: /home/loki/ros2_ws/build/spider_msgs
[3.402s] Invoked command in '/home/loki/ros2_ws/build/spider_msgs' returned '0': CMAKE_PREFIX_PATH=${CMAKE_PREFIX_PATH}:/opt/ros/kilted /usr/bin/cmake /home/loki/ros2_ws/src/spider_msgs -DCMAKE_INSTALL_PREFIX=/home/loki/ros2_ws/install/spider_msgs
[3.404s] Invoking command in '/home/loki/ros2_ws/build/spider_msgs': CMAKE_PREFIX_PATH=${CMAKE_PREFIX_PATH}:/opt/ros/kilted /usr/bin/cmake --build /home/loki/ros2_ws/build/spider_msgs -- -j16 -l16
[3.464s] [  1%] [34m[1mGenerating type hashes for ROS interfaces[0m
[3.473s] [  1%] Built target ament_cmake_python_copy_spider_msgs
[3.684s] running egg_info
[3.684s] creating spider_msgs.egg-info
[3.700s] writing spider_msgs.egg-info/PKG-INFO
[3.700s] writing dependency_links to spider_msgs.egg-info/dependency_links.txt
[3.701s] writing top-level names to spider_msgs.egg-info/top_level.txt
[3.701s] writing manifest file 'spider_msgs.egg-info/SOURCES.txt'
[3.752s] reading manifest file 'spider_msgs.egg-info/SOURCES.txt'
[3.752s] writing manifest file 'spider_msgs.egg-info/SOURCES.txt'
[3.782s] [  1%] Built target ament_cmake_python_build_spider_msgs_egg
[3.837s] [  1%] Built target spider_msgs__rosidl_generator_type_description
[3.849s] [  2%] [34m[1mGenerating C code for ROS interfaces[0m
[3.863s] [  3%] [34m[1mGenerating C++ code for ROS interfaces[0m
[4.440s] [  3%] Built target spider_msgs__cpp
[4.563s] [  9%] [32mBuilding C object CMakeFiles/spider_msgs__rosidl_generator_c.dir/rosidl_generator_c/spider_msgs/msg/detail/servo_position__functions.c.o[0m
[4.564s] [  9%] [32mBuilding C object CMakeFiles/spider_msgs__rosidl_generator_c.dir/rosidl_generator_c/spider_msgs/msg/detail/servo_position__type_support.c.o[0m
[4.564s] [ 11%] [32mBuilding C object CMakeFiles/spider_msgs__rosidl_generator_c.dir/rosidl_generator_c/spider_msgs/msg/detail/servo_array__description.c.o[0m
[4.564s] [ 11%] [32mBuilding C object CMakeFiles/spider_msgs__rosidl_generator_c.dir/rosidl_generator_c/spider_msgs/msg/detail/servo_array__type_support.c.o[0m
[4.564s] [  9%] [32mBuilding C object CMakeFiles/spider_msgs__rosidl_generator_c.dir/rosidl_generator_c/spider_msgs/msg/detail/leg_position__functions.c.o[0m
[4.564s] [  9%] [32mBuilding C object CMakeFiles/spider_msgs__rosidl_generator_c.dir/rosidl_generator_c/spider_msgs/msg/detail/leg_position__type_support.c.o[0m
[4.564s] [ 11%] [32mBuilding C object CMakeFiles/spider_msgs__rosidl_generator_c.dir/rosidl_generator_c/spider_msgs/msg/detail/servo_array__functions.c.o[0m
[4.564s] [ 12%] [32mBuilding C object CMakeFiles/spider_msgs__rosidl_generator_c.dir/rosidl_generator_c/spider_msgs/msg/detail/leg_positions__functions.c.o[0m
[4.565s] [ 17%] [32mBuilding C object CMakeFiles/spider_msgs__rosidl_generator_c.dir/rosidl_generator_c/spider_msgs/msg/detail/leg_position__description.c.o[0m
[4.565s] [ 17%] [32mBuilding C object CMakeFiles/spider_msgs__rosidl_generator_c.dir/rosidl_generator_c/spider_msgs/msg/detail/leg_positions__description.c.o[0m
[4.565s] [ 17%] [32mBuilding C object CMakeFiles/spider_msgs__rosidl_generator_c.dir/rosidl_generator_c/spider_msgs/msg/detail/robot_state__functions.c.o[0m
[4.565s] [ 17%] [32mBuilding C object CMakeFiles/spider_msgs__rosidl_generator_c.dir/rosidl_generator_c/spider_msgs/msg/detail/robot_state__description.c.o[0m
[4.565s] [ 11%] [32mBuilding C object CMakeFiles/spider_msgs__rosidl_generator_c.dir/rosidl_generator_c/spider_msgs/msg/detail/servo_position__description.c.o[0m
[4.565s] [ 18%] [32mBuilding C object CMakeFiles/spider_msgs__rosidl_generator_c.dir/rosidl_generator_c/spider_msgs/msg/detail/leg_positions__type_support.c.o[0m
[4.566s] [ 19%] [32mBuilding C object CMakeFiles/spider_msgs__rosidl_generator_c.dir/rosidl_generator_c/spider_msgs/msg/detail/robot_state__type_support.c.o[0m
[4.567s] [ 20%] [32mBuilding C object CMakeFiles/spider_msgs__rosidl_generator_c.dir/rosidl_generator_c/spider_msgs/srv/detail/execute_behavior__description.c.o[0m
[4.627s] [ 22%] [32mBuilding C object CMakeFiles/spider_msgs__rosidl_generator_c.dir/rosidl_generator_c/spider_msgs/srv/detail/execute_behavior__functions.c.o[0m
[4.627s] [ 22%] [32mBuilding C object CMakeFiles/spider_msgs__rosidl_generator_c.dir/rosidl_generator_c/spider_msgs/srv/detail/execute_behavior__type_support.c.o[0m
[4.628s] [ 23%] [32mBuilding C object CMakeFiles/spider_msgs__rosidl_generator_c.dir/rosidl_generator_c/spider_msgs/srv/detail/set_pose__description.c.o[0m
[4.632s] [ 24%] [32mBuilding C object CMakeFiles/spider_msgs__rosidl_generator_c.dir/rosidl_generator_c/spider_msgs/srv/detail/set_pose__functions.c.o[0m
[4.634s] [ 25%] [32mBuilding C object CMakeFiles/spider_msgs__rosidl_generator_c.dir/rosidl_generator_c/spider_msgs/srv/detail/set_pose__type_support.c.o[0m
[4.703s] [ 26%] [32m[1mLinking C shared library libspider_msgs__rosidl_generator_c.so[0m
[4.761s] [ 26%] Built target spider_msgs__rosidl_generator_c
[4.772s] [ 30%] [34m[1mGenerating C introspection for ROS interfaces[0m
[4.772s] [ 30%] [34m[1mGenerating C++ type support for eProsima Fast-RTPS[0m
[4.772s] [ 30%] [34m[1mGenerating C type support for eProsima Fast-RTPS[0m
[4.773s] [ 31%] [34m[1mGenerating C++ type support dispatch for ROS interfaces[0m
[4.773s] [ 31%] [34m[1mGenerating C type support dispatch for ROS interfaces[0m
[4.773s] [ 32%] [34m[1mGenerating C++ introspection for ROS interfaces[0m
[5.291s] [ 36%] [32mBuilding CXX object CMakeFiles/spider_msgs__rosidl_typesupport_c.dir/rosidl_typesupport_c/spider_msgs/msg/servo_position__type_support.cpp.o[0m
[5.293s] [ 36%] [32mBuilding CXX object CMakeFiles/spider_msgs__rosidl_typesupport_c.dir/rosidl_typesupport_c/spider_msgs/msg/servo_array__type_support.cpp.o[0m
[5.294s] [ 37%] [32mBuilding CXX object CMakeFiles/spider_msgs__rosidl_typesupport_c.dir/rosidl_typesupport_c/spider_msgs/msg/leg_position__type_support.cpp.o[0m
[5.294s] [ 38%] [32mBuilding CXX object CMakeFiles/spider_msgs__rosidl_typesupport_c.dir/rosidl_typesupport_c/spider_msgs/msg/robot_state__type_support.cpp.o[0m
[5.294s] [ 38%] [32mBuilding CXX object CMakeFiles/spider_msgs__rosidl_typesupport_c.dir/rosidl_typesupport_c/spider_msgs/msg/leg_positions__type_support.cpp.o[0m
[5.294s] [ 39%] [32mBuilding CXX object CMakeFiles/spider_msgs__rosidl_typesupport_c.dir/rosidl_typesupport_c/spider_msgs/srv/execute_behavior__type_support.cpp.o[0m
[5.295s] [ 41%] [32mBuilding CXX object CMakeFiles/spider_msgs__rosidl_typesupport_cpp.dir/rosidl_typesupport_cpp/spider_msgs/msg/servo_array__type_support.cpp.o[0m
[5.295s] [ 41%] [32mBuilding CXX object CMakeFiles/spider_msgs__rosidl_typesupport_c.dir/rosidl_typesupport_c/spider_msgs/srv/set_pose__type_support.cpp.o[0m
[5.295s] [ 42%] [32mBuilding CXX object CMakeFiles/spider_msgs__rosidl_typesupport_cpp.dir/rosidl_typesupport_cpp/spider_msgs/msg/leg_position__type_support.cpp.o[0m
[5.295s] [ 43%] [32mBuilding CXX object CMakeFiles/spider_msgs__rosidl_typesupport_cpp.dir/rosidl_typesupport_cpp/spider_msgs/msg/robot_state__type_support.cpp.o[0m
[5.302s] [ 45%] [32mBuilding CXX object CMakeFiles/spider_msgs__rosidl_typesupport_cpp.dir/rosidl_typesupport_cpp/spider_msgs/msg/leg_positions__type_support.cpp.o[0m
[5.303s] [ 45%] [32mBuilding CXX object CMakeFiles/spider_msgs__rosidl_typesupport_cpp.dir/rosidl_typesupport_cpp/spider_msgs/msg/servo_position__type_support.cpp.o[0m
[5.367s] [ 46%] [32mBuilding CXX object CMakeFiles/spider_msgs__rosidl_typesupport_cpp.dir/rosidl_typesupport_cpp/spider_msgs/srv/execute_behavior__type_support.cpp.o[0m
[5.367s] [ 47%] [32mBuilding CXX object CMakeFiles/spider_msgs__rosidl_typesupport_cpp.dir/rosidl_typesupport_cpp/spider_msgs/srv/set_pose__type_support.cpp.o[0m
[5.370s] [ 48%] [32m[1mLinking CXX shared library libspider_msgs__rosidl_typesupport_c.so[0m
[5.425s] [ 50%] [32mBuilding CXX object CMakeFiles/spider_msgs__rosidl_typesupport_introspection_cpp.dir/rosidl_typesupport_introspection_cpp/spider_msgs/msg/detail/servo_position__type_support.cpp.o[0m
[5.435s] [ 52%] [32mBuilding CXX object CMakeFiles/spider_msgs__rosidl_typesupport_introspection_cpp.dir/rosidl_typesupport_introspection_cpp/spider_msgs/msg/detail/servo_array__type_support.cpp.o[0m
[5.435s] [ 52%] [32mBuilding CXX object CMakeFiles/spider_msgs__rosidl_typesupport_introspection_cpp.dir/rosidl_typesupport_introspection_cpp/spider_msgs/msg/detail/leg_position__type_support.cpp.o[0m
[5.449s] [ 53%] [32mBuilding CXX object CMakeFiles/spider_msgs__rosidl_typesupport_introspection_cpp.dir/rosidl_typesupport_introspection_cpp/spider_msgs/msg/detail/leg_positions__type_support.cpp.o[0m
[5.454s] [ 54%] [32mBuilding CXX object CMakeFiles/spider_msgs__rosidl_typesupport_introspection_cpp.dir/rosidl_typesupport_introspection_cpp/spider_msgs/msg/detail/robot_state__type_support.cpp.o[0m
[5.461s] [ 54%] Built target spider_msgs__rosidl_typesupport_c
[5.474s] [ 55%] [32mBuilding CXX object CMakeFiles/spider_msgs__rosidl_typesupport_introspection_cpp.dir/rosidl_typesupport_introspection_cpp/spider_msgs/srv/detail/execute_behavior__type_support.cpp.o[0m
[5.494s] [ 56%] [32mBuilding C object CMakeFiles/spider_msgs__rosidl_typesupport_introspection_c.dir/rosidl_typesupport_introspection_c/spider_msgs/msg/detail/servo_position__type_support.c.o[0m
[5.590s] [ 57%] [32mBuilding C object CMakeFiles/spider_msgs__rosidl_typesupport_introspection_c.dir/rosidl_typesupport_introspection_c/spider_msgs/msg/detail/servo_array__type_support.c.o[0m
[5.680s] [ 58%] [32mBuilding C object CMakeFiles/spider_msgs__rosidl_typesupport_introspection_c.dir/rosidl_typesupport_introspection_c/spider_msgs/msg/detail/leg_position__type_support.c.o[0m
[5.782s] [ 59%] [32mBuilding C object CMakeFiles/spider_msgs__rosidl_typesupport_introspection_c.dir/rosidl_typesupport_introspection_c/spider_msgs/msg/detail/leg_positions__type_support.c.o[0m
[5.860s] [ 60%] [32mBuilding CXX object CMakeFiles/spider_msgs__rosidl_typesupport_introspection_cpp.dir/rosidl_typesupport_introspection_cpp/spider_msgs/srv/detail/set_pose__type_support.cpp.o[0m
[5.862s] [ 61%] [32mBuilding C object CMakeFiles/spider_msgs__rosidl_typesupport_introspection_c.dir/rosidl_typesupport_introspection_c/spider_msgs/srv/detail/execute_behavior__type_support.c.o[0m
[5.864s] [ 62%] [32mBuilding C object CMakeFiles/spider_msgs__rosidl_typesupport_introspection_c.dir/rosidl_typesupport_introspection_c/spider_msgs/msg/detail/robot_state__type_support.c.o[0m
[5.880s] [ 63%] [32mBuilding C object CMakeFiles/spider_msgs__rosidl_typesupport_introspection_c.dir/rosidl_typesupport_introspection_c/spider_msgs/srv/detail/set_pose__type_support.c.o[0m
[5.899s] [ 65%] [32mBuilding CXX object CMakeFiles/spider_msgs__rosidl_typesupport_fastrtps_cpp.dir/rosidl_typesupport_fastrtps_cpp/spider_msgs/msg/detail/dds_fastrtps/servo_position__type_support.cpp.o[0m
[5.899s] [ 65%] [32mBuilding CXX object CMakeFiles/spider_msgs__rosidl_typesupport_fastrtps_cpp.dir/rosidl_typesupport_fastrtps_cpp/spider_msgs/msg/detail/dds_fastrtps/leg_position__type_support.cpp.o[0m
[5.907s] [ 67%] [32mBuilding CXX object CMakeFiles/spider_msgs__rosidl_typesupport_fastrtps_cpp.dir/rosidl_typesupport_fastrtps_cpp/spider_msgs/msg/detail/dds_fastrtps/servo_array__type_support.cpp.o[0m
[5.927s] [ 68%] [32mBuilding CXX object CMakeFiles/spider_msgs__rosidl_typesupport_fastrtps_c.dir/rosidl_typesupport_fastrtps_c/spider_msgs/msg/detail/servo_position__type_support_c.cpp.o[0m
[5.943s] [ 69%] [32mBuilding CXX object CMakeFiles/spider_msgs__rosidl_typesupport_fastrtps_c.dir/rosidl_typesupport_fastrtps_c/spider_msgs/msg/detail/servo_array__type_support_c.cpp.o[0m
[5.957s] [ 71%] [32mBuilding CXX object CMakeFiles/spider_msgs__rosidl_typesupport_fastrtps_cpp.dir/rosidl_typesupport_fastrtps_cpp/spider_msgs/msg/detail/dds_fastrtps/leg_positions__type_support.cpp.o[0m
[5.958s] [ 71%] [32mBuilding CXX object CMakeFiles/spider_msgs__rosidl_typesupport_fastrtps_c.dir/rosidl_typesupport_fastrtps_c/spider_msgs/msg/detail/leg_position__type_support_c.cpp.o[0m
[5.965s] [ 72%] [32mBuilding CXX object CMakeFiles/spider_msgs__rosidl_typesupport_fastrtps_cpp.dir/rosidl_typesupport_fastrtps_cpp/spider_msgs/msg/detail/dds_fastrtps/robot_state__type_support.cpp.o[0m
[5.979s] [ 73%] [32m[1mLinking C shared library libspider_msgs__rosidl_typesupport_introspection_c.so[0m
[6.006s] [ 74%] [32mBuilding CXX object CMakeFiles/spider_msgs__rosidl_typesupport_fastrtps_cpp.dir/rosidl_typesupport_fastrtps_cpp/spider_msgs/srv/detail/dds_fastrtps/execute_behavior__type_support.cpp.o[0m
[6.011s] [ 75%] [32mBuilding CXX object CMakeFiles/spider_msgs__rosidl_typesupport_fastrtps_c.dir/rosidl_typesupport_fastrtps_c/spider_msgs/msg/detail/leg_positions__type_support_c.cpp.o[0m
[6.046s] [ 77%] [32mBuilding CXX object CMakeFiles/spider_msgs__rosidl_typesupport_fastrtps_c.dir/rosidl_typesupport_fastrtps_c/spider_msgs/srv/detail/execute_behavior__type_support_c.cpp.o[0m
[6.049s] [ 77%] [32mBuilding CXX object CMakeFiles/spider_msgs__rosidl_typesupport_fastrtps_c.dir/rosidl_typesupport_fastrtps_c/spider_msgs/msg/detail/robot_state__type_support_c.cpp.o[0m
[6.066s] [ 77%] Built target spider_msgs__rosidl_typesupport_introspection_c
[6.084s] [ 78%] [32m[1mLinking CXX shared library libspider_msgs__rosidl_typesupport_cpp.so[0m
[6.090s] [ 79%] [32mBuilding CXX object CMakeFiles/spider_msgs__rosidl_typesupport_fastrtps_cpp.dir/rosidl_typesupport_fastrtps_cpp/spider_msgs/srv/detail/dds_fastrtps/set_pose__type_support.cpp.o[0m
[6.185s] [ 80%] [32mBuilding CXX object CMakeFiles/spider_msgs__rosidl_typesupport_fastrtps_c.dir/rosidl_typesupport_fastrtps_c/spider_msgs/srv/detail/set_pose__type_support_c.cpp.o[0m
[6.283s] [ 80%] Built target spider_msgs__rosidl_typesupport_cpp
[6.601s] [ 81%] [32m[1mLinking CXX shared library libspider_msgs__rosidl_typesupport_introspection_cpp.so[0m
[6.786s] [ 81%] Built target spider_msgs__rosidl_typesupport_introspection_cpp
[6.892s] [ 82%] [32m[1mLinking CXX shared library libspider_msgs__rosidl_typesupport_fastrtps_c.so[0m
[6.959s] [ 84%] [32m[1mLinking CXX shared library libspider_msgs__rosidl_typesupport_fastrtps_cpp.so[0m
[6.986s] [ 84%] Built target spider_msgs__rosidl_typesupport_fastrtps_c
[7.046s] [ 84%] Built target spider_msgs__rosidl_typesupport_fastrtps_cpp
[7.071s] [ 84%] Built target spider_msgs
[7.096s] [ 85%] [34m[1mGenerating Python code for ROS interfaces[0m
[7.999s] [ 85%] Built target spider_msgs__py
[8.024s] [ 92%] [32mBuilding C object CMakeFiles/spider_msgs__rosidl_generator_py.dir/rosidl_generator_py/spider_msgs/msg/_leg_position_s.c.o[0m
[8.024s] [ 92%] [32mBuilding C object CMakeFiles/spider_msgs__rosidl_generator_py.dir/rosidl_generator_py/spider_msgs/msg/_servo_position_s.c.o[0m
[8.024s] [ 92%] [32mBuilding C object CMakeFiles/spider_msgs__rosidl_generator_py.dir/rosidl_generator_py/spider_msgs/srv/_execute_behavior_s.c.o[0m
[8.025s] [ 92%] [32mBuilding C object CMakeFiles/spider_msgs__rosidl_generator_py.dir/rosidl_generator_py/spider_msgs/srv/_set_pose_s.c.o[0m
[8.025s] [ 92%] [32mBuilding C object CMakeFiles/spider_msgs__rosidl_generator_py.dir/rosidl_generator_py/spider_msgs/msg/_leg_positions_s.c.o[0m
[8.025s] [ 92%] [32mBuilding C object CMakeFiles/spider_msgs__rosidl_generator_py.dir/rosidl_generator_py/spider_msgs/msg/_robot_state_s.c.o[0m
[8.025s] [ 92%] [32mBuilding C object CMakeFiles/spider_msgs__rosidl_generator_py.dir/rosidl_generator_py/spider_msgs/msg/_servo_array_s.c.o[0m
[8.215s] [ 93%] [32m[1mLinking C shared library libspider_msgs__rosidl_generator_py.so[0m
[8.269s] [ 93%] Built target spider_msgs__rosidl_generator_py
[8.292s] [ 95%] [32mBuilding C object CMakeFiles/spider_msgs_s__rosidl_typesupport_c.dir/rosidl_generator_py/spider_msgs/_spider_msgs_s.ep.rosidl_typesupport_c.c.o[0m
[8.292s] [ 95%] [32mBuilding C object CMakeFiles/spider_msgs_s__rosidl_typesupport_introspection_c.dir/rosidl_generator_py/spider_msgs/_spider_msgs_s.ep.rosidl_typesupport_introspection_c.c.o[0m
[8.292s] [ 96%] [32mBuilding C object CMakeFiles/spider_msgs_s__rosidl_typesupport_fastrtps_c.dir/rosidl_generator_py/spider_msgs/_spider_msgs_s.ep.rosidl_typesupport_fastrtps_c.c.o[0m
[8.403s] [ 97%] [32m[1mLinking C shared module rosidl_generator_py/spider_msgs/spider_msgs_s__rosidl_typesupport_introspection_c.so[0m
[8.405s] [ 98%] [32m[1mLinking C shared module rosidl_generator_py/spider_msgs/spider_msgs_s__rosidl_typesupport_c.so[0m
[8.412s] [100%] [32m[1mLinking C shared module rosidl_generator_py/spider_msgs/spider_msgs_s__rosidl_typesupport_fastrtps_c.so[0m
[8.440s] [100%] Built target spider_msgs_s__rosidl_typesupport_c
[8.440s] [100%] Built target spider_msgs_s__rosidl_typesupport_introspection_c
[8.450s] [100%] Built target spider_msgs_s__rosidl_typesupport_fastrtps_c
[8.464s] Invoked command in '/home/loki/ros2_ws/build/spider_msgs' returned '0': CMAKE_PREFIX_PATH=${CMAKE_PREFIX_PATH}:/opt/ros/kilted /usr/bin/cmake --build /home/loki/ros2_ws/build/spider_msgs -- -j16 -l16
[8.475s] Invoking command in '/home/loki/ros2_ws/build/spider_msgs': CMAKE_PREFIX_PATH=${CMAKE_PREFIX_PATH}:/opt/ros/kilted /usr/bin/cmake --install /home/loki/ros2_ws/build/spider_msgs
[8.484s] -- Install configuration: ""
[8.485s] -- Installing: /home/loki/ros2_ws/install/spider_msgs/share/ament_index/resource_index/rosidl_interfaces/spider_msgs
[8.485s] -- Installing: /home/loki/ros2_ws/install/spider_msgs/share/spider_msgs/msg/ServoPosition.json
[8.485s] -- Installing: /home/loki/ros2_ws/install/spider_msgs/share/spider_msgs/msg/ServoArray.json
[8.485s] -- Installing: /home/loki/ros2_ws/install/spider_msgs/share/spider_msgs/msg/LegPosition.json
[8.485s] -- Installing: /home/loki/ros2_ws/install/spider_msgs/share/spider_msgs/msg/LegPositions.json
[8.486s] -- Installing: /home/loki/ros2_ws/install/spider_msgs/share/spider_msgs/msg/RobotState.json
[8.486s] -- Installing: /home/loki/ros2_ws/install/spider_msgs/share/spider_msgs/srv/ExecuteBehavior.json
[8.486s] -- Installing: /home/loki/ros2_ws/install/spider_msgs/share/spider_msgs/srv/SetPose.json
[8.486s] -- Installing: /home/loki/ros2_ws/install/spider_msgs/include/spider_msgs/spider_msgs
[8.486s] -- Installing: /home/loki/ros2_ws/install/spider_msgs/include/spider_msgs/spider_msgs/srv
[8.486s] -- Installing: /home/loki/ros2_ws/install/spider_msgs/include/spider_msgs/spider_msgs/srv/detail
[8.486s] -- Installing: /home/loki/ros2_ws/install/spider_msgs/include/spider_msgs/spider_msgs/srv/detail/execute_behavior__functions.h
[8.486s] -- Installing: /home/loki/ros2_ws/install/spider_msgs/include/spider_msgs/spider_msgs/srv/detail/set_pose__struct.h
[8.486s] -- Installing: /home/loki/ros2_ws/install/spider_msgs/include/spider_msgs/spider_msgs/srv/detail/set_pose__type_support.h
[8.486s] -- Installing: /home/loki/ros2_ws/install/spider_msgs/include/spider_msgs/spider_msgs/srv/detail/set_pose__functions.h
[8.487s] -- Installing: /home/loki/ros2_ws/install/spider_msgs/include/spider_msgs/spider_msgs/srv/detail/set_pose__type_support.c
[8.487s] -- Installing: /home/loki/ros2_ws/install/spider_msgs/include/spider_msgs/spider_msgs/srv/detail/execute_behavior__struct.h
[8.487s] -- Installing: /home/loki/ros2_ws/install/spider_msgs/include/spider_msgs/spider_msgs/srv/detail/execute_behavior__description.c
[8.487s] -- Installing: /home/loki/ros2_ws/install/spider_msgs/include/spider_msgs/spider_msgs/srv/detail/execute_behavior__type_support.h
[8.487s] -- Installing: /home/loki/ros2_ws/install/spider_msgs/include/spider_msgs/spider_msgs/srv/detail/execute_behavior__type_support.c
[8.487s] -- Installing: /home/loki/ros2_ws/install/spider_msgs/include/spider_msgs/spider_msgs/srv/detail/set_pose__functions.c
[8.487s] -- Installing: /home/loki/ros2_ws/install/spider_msgs/include/spider_msgs/spider_msgs/srv/detail/execute_behavior__functions.c
[8.487s] -- Installing: /home/loki/ros2_ws/install/spider_msgs/include/spider_msgs/spider_msgs/srv/detail/set_pose__description.c
[8.487s] -- Installing: /home/loki/ros2_ws/install/spider_msgs/include/spider_msgs/spider_msgs/srv/execute_behavior.h
[8.488s] -- Installing: /home/loki/ros2_ws/install/spider_msgs/include/spider_msgs/spider_msgs/srv/set_pose.h
[8.488s] -- Installing: /home/loki/ros2_ws/install/spider_msgs/include/spider_msgs/spider_msgs/msg
[8.488s] -- Installing: /home/loki/ros2_ws/install/spider_msgs/include/spider_msgs/spider_msgs/msg/rosidl_generator_c__visibility_control.h
[8.488s] -- Installing: /home/loki/ros2_ws/install/spider_msgs/include/spider_msgs/spider_msgs/msg/robot_state.h
[8.488s] -- Installing: /home/loki/ros2_ws/install/spider_msgs/include/spider_msgs/spider_msgs/msg/servo_array.h
[8.488s] -- Installing: /home/loki/ros2_ws/install/spider_msgs/include/spider_msgs/spider_msgs/msg/servo_position.h
[8.488s] -- Installing: /home/loki/ros2_ws/install/spider_msgs/include/spider_msgs/spider_msgs/msg/leg_positions.h
[8.488s] -- Installing: /home/loki/ros2_ws/install/spider_msgs/include/spider_msgs/spider_msgs/msg/leg_position.h
[8.488s] -- Installing: /home/loki/ros2_ws/install/spider_msgs/include/spider_msgs/spider_msgs/msg/detail
[8.488s] -- Installing: /home/loki/ros2_ws/install/spider_msgs/include/spider_msgs/spider_msgs/msg/detail/servo_position__type_support.c
[8.489s] -- Installing: /home/loki/ros2_ws/install/spider_msgs/include/spider_msgs/spider_msgs/msg/detail/robot_state__struct.h
[8.489s] -- Installing: /home/loki/ros2_ws/install/spider_msgs/include/spider_msgs/spider_msgs/msg/detail/leg_position__struct.h
[8.489s] -- Installing: /home/loki/ros2_ws/install/spider_msgs/include/spider_msgs/spider_msgs/msg/detail/servo_position__struct.h
[8.489s] -- Installing: /home/loki/ros2_ws/install/spider_msgs/include/spider_msgs/spider_msgs/msg/detail/servo_array__functions.c
[8.489s] -- Installing: /home/loki/ros2_ws/install/spider_msgs/include/spider_msgs/spider_msgs/msg/detail/leg_position__type_support.c
[8.489s] -- Installing: /home/loki/ros2_ws/install/spider_msgs/include/spider_msgs/spider_msgs/msg/detail/leg_positions__functions.c
[8.489s] -- Installing: /home/loki/ros2_ws/install/spider_msgs/include/spider_msgs/spider_msgs/msg/detail/leg_positions__description.c
[8.489s] -- Installing: /home/loki/ros2_ws/install/spider_msgs/include/spider_msgs/spider_msgs/msg/detail/servo_position__functions.h
[8.490s] -- Installing: /home/loki/ros2_ws/install/spider_msgs/include/spider_msgs/spider_msgs/msg/detail/servo_array__type_support.c
[8.490s] -- Installing: /home/loki/ros2_ws/install/spider_msgs/include/spider_msgs/spider_msgs/msg/detail/leg_positions__type_support.h
[8.490s] -- Installing: /home/loki/ros2_ws/install/spider_msgs/include/spider_msgs/spider_msgs/msg/detail/servo_array__struct.h
[8.490s] -- Installing: /home/loki/ros2_ws/install/spider_msgs/include/spider_msgs/spider_msgs/msg/detail/servo_array__functions.h
[8.490s] -- Installing: /home/loki/ros2_ws/install/spider_msgs/include/spider_msgs/spider_msgs/msg/detail/robot_state__description.c
[8.491s] -- Installing: /home/loki/ros2_ws/install/spider_msgs/include/spider_msgs/spider_msgs/msg/detail/robot_state__functions.h
[8.491s] -- Installing: /home/loki/ros2_ws/install/spider_msgs/include/spider_msgs/spider_msgs/msg/detail/leg_position__description.c
[8.491s] -- Installing: /home/loki/ros2_ws/install/spider_msgs/include/spider_msgs/spider_msgs/msg/detail/leg_positions__functions.h
[8.491s] -- Installing: /home/loki/ros2_ws/install/spider_msgs/include/spider_msgs/spider_msgs/msg/detail/robot_state__type_support.h
[8.491s] -- Installing: /home/loki/ros2_ws/install/spider_msgs/include/spider_msgs/spider_msgs/msg/detail/leg_position__functions.c
[8.491s] -- Installing: /home/loki/ros2_ws/install/spider_msgs/include/spider_msgs/spider_msgs/msg/detail/leg_position__type_support.h
[8.491s] -- Installing: /home/loki/ros2_ws/install/spider_msgs/include/spider_msgs/spider_msgs/msg/detail/leg_positions__type_support.c
[8.491s] -- Installing: /home/loki/ros2_ws/install/spider_msgs/include/spider_msgs/spider_msgs/msg/detail/leg_positions__struct.h
[8.492s] -- Installing: /home/loki/ros2_ws/install/spider_msgs/include/spider_msgs/spider_msgs/msg/detail/servo_position__type_support.h
[8.492s] -- Installing: /home/loki/ros2_ws/install/spider_msgs/include/spider_msgs/spider_msgs/msg/detail/servo_array__type_support.h
[8.492s] -- Installing: /home/loki/ros2_ws/install/spider_msgs/include/spider_msgs/spider_msgs/msg/detail/robot_state__functions.c
[8.492s] -- Installing: /home/loki/ros2_ws/install/spider_msgs/include/spider_msgs/spider_msgs/msg/detail/servo_array__description.c
[8.492s] -- Installing: /home/loki/ros2_ws/install/spider_msgs/include/spider_msgs/spider_msgs/msg/detail/leg_position__functions.h
[8.492s] -- Installing: /home/loki/ros2_ws/install/spider_msgs/include/spider_msgs/spider_msgs/msg/detail/servo_position__description.c
[8.492s] -- Installing: /home/loki/ros2_ws/install/spider_msgs/include/spider_msgs/spider_msgs/msg/detail/robot_state__type_support.c
[8.493s] -- Installing: /home/loki/ros2_ws/install/spider_msgs/include/spider_msgs/spider_msgs/msg/detail/servo_position__functions.c
[8.493s] -- Installing: /home/loki/ros2_ws/install/spider_msgs/share/spider_msgs/environment/library_path.sh
[8.493s] -- Installing: /home/loki/ros2_ws/install/spider_msgs/share/spider_msgs/environment/library_path.dsv
[8.493s] -- Installing: /home/loki/ros2_ws/install/spider_msgs/lib/libspider_msgs__rosidl_generator_c.so
[8.494s] -- Set non-toolchain portion of runtime path of "/home/loki/ros2_ws/install/spider_msgs/lib/libspider_msgs__rosidl_generator_c.so" to ""
[8.494s] -- Up-to-date: /home/loki/ros2_ws/install/spider_msgs/include/spider_msgs/spider_msgs
[8.494s] -- Up-to-date: /home/loki/ros2_ws/install/spider_msgs/include/spider_msgs/spider_msgs/srv
[8.494s] -- Up-to-date: /home/loki/ros2_ws/install/spider_msgs/include/spider_msgs/spider_msgs/srv/detail
[8.494s] -- Installing: /home/loki/ros2_ws/install/spider_msgs/include/spider_msgs/spider_msgs/srv/detail/set_pose__rosidl_typesupport_fastrtps_c.h
[8.494s] -- Installing: /home/loki/ros2_ws/install/spider_msgs/include/spider_msgs/spider_msgs/srv/detail/execute_behavior__rosidl_typesupport_fastrtps_c.h
[8.494s] -- Up-to-date: /home/loki/ros2_ws/install/spider_msgs/include/spider_msgs/spider_msgs/msg
[8.494s] -- Installing: /home/loki/ros2_ws/install/spider_msgs/include/spider_msgs/spider_msgs/msg/rosidl_typesupport_fastrtps_c__visibility_control.h
[8.494s] -- Up-to-date: /home/loki/ros2_ws/install/spider_msgs/include/spider_msgs/spider_msgs/msg/detail
[8.495s] -- Installing: /home/loki/ros2_ws/install/spider_msgs/include/spider_msgs/spider_msgs/msg/detail/leg_positions__rosidl_typesupport_fastrtps_c.h
[8.495s] -- Installing: /home/loki/ros2_ws/install/spider_msgs/include/spider_msgs/spider_msgs/msg/detail/servo_position__rosidl_typesupport_fastrtps_c.h
[8.495s] -- Installing: /home/loki/ros2_ws/install/spider_msgs/include/spider_msgs/spider_msgs/msg/detail/servo_array__rosidl_typesupport_fastrtps_c.h
[8.495s] -- Installing: /home/loki/ros2_ws/install/spider_msgs/include/spider_msgs/spider_msgs/msg/detail/robot_state__rosidl_typesupport_fastrtps_c.h
[8.495s] -- Installing: /home/loki/ros2_ws/install/spider_msgs/include/spider_msgs/spider_msgs/msg/detail/leg_position__rosidl_typesupport_fastrtps_c.h
[8.495s] -- Installing: /home/loki/ros2_ws/install/spider_msgs/lib/libspider_msgs__rosidl_typesupport_fastrtps_c.so
[8.495s] -- Set non-toolchain portion of runtime path of "/home/loki/ros2_ws/install/spider_msgs/lib/libspider_msgs__rosidl_typesupport_fastrtps_c.so" to ""
[8.496s] -- Up-to-date: /home/loki/ros2_ws/install/spider_msgs/include/spider_msgs/spider_msgs
[8.496s] -- Up-to-date: /home/loki/ros2_ws/install/spider_msgs/include/spider_msgs/spider_msgs/srv
[8.496s] -- Installing: /home/loki/ros2_ws/install/spider_msgs/include/spider_msgs/spider_msgs/srv/set_pose.hpp
[8.496s] -- Up-to-date: /home/loki/ros2_ws/install/spider_msgs/include/spider_msgs/spider_msgs/srv/detail
[8.496s] -- Installing: /home/loki/ros2_ws/install/spider_msgs/include/spider_msgs/spider_msgs/srv/detail/execute_behavior__type_support.hpp
[8.496s] -- Installing: /home/loki/ros2_ws/install/spider_msgs/include/spider_msgs/spider_msgs/srv/detail/execute_behavior__struct.hpp
[8.496s] -- Installing: /home/loki/ros2_ws/install/spider_msgs/include/spider_msgs/spider_msgs/srv/detail/execute_behavior__builder.hpp
[8.496s] -- Installing: /home/loki/ros2_ws/install/spider_msgs/include/spider_msgs/spider_msgs/srv/detail/set_pose__traits.hpp
[8.496s] -- Installing: /home/loki/ros2_ws/install/spider_msgs/include/spider_msgs/spider_msgs/srv/detail/set_pose__struct.hpp
[8.496s] -- Installing: /home/loki/ros2_ws/install/spider_msgs/include/spider_msgs/spider_msgs/srv/detail/execute_behavior__traits.hpp
[8.496s] -- Installing: /home/loki/ros2_ws/install/spider_msgs/include/spider_msgs/spider_msgs/srv/detail/set_pose__type_support.hpp
[8.496s] -- Installing: /home/loki/ros2_ws/install/spider_msgs/include/spider_msgs/spider_msgs/srv/detail/set_pose__builder.hpp
[8.497s] -- Installing: /home/loki/ros2_ws/install/spider_msgs/include/spider_msgs/spider_msgs/srv/execute_behavior.hpp
[8.497s] -- Up-to-date: /home/loki/ros2_ws/install/spider_msgs/include/spider_msgs/spider_msgs/msg
[8.497s] -- Installing: /home/loki/ros2_ws/install/spider_msgs/include/spider_msgs/spider_msgs/msg/servo_array.hpp
[8.497s] -- Installing: /home/loki/ros2_ws/install/spider_msgs/include/spider_msgs/spider_msgs/msg/robot_state.hpp
[8.497s] -- Installing: /home/loki/ros2_ws/install/spider_msgs/include/spider_msgs/spider_msgs/msg/rosidl_generator_cpp__visibility_control.hpp
[8.497s] -- Installing: /home/loki/ros2_ws/install/spider_msgs/include/spider_msgs/spider_msgs/msg/leg_positions.hpp
[8.497s] -- Installing: /home/loki/ros2_ws/install/spider_msgs/include/spider_msgs/spider_msgs/msg/leg_position.hpp
[8.497s] -- Up-to-date: /home/loki/ros2_ws/install/spider_msgs/include/spider_msgs/spider_msgs/msg/detail
[8.497s] -- Installing: /home/loki/ros2_ws/install/spider_msgs/include/spider_msgs/spider_msgs/msg/detail/leg_positions__builder.hpp
[8.497s] -- Installing: /home/loki/ros2_ws/install/spider_msgs/include/spider_msgs/spider_msgs/msg/detail/servo_array__traits.hpp
[8.497s] -- Installing: /home/loki/ros2_ws/install/spider_msgs/include/spider_msgs/spider_msgs/msg/detail/leg_position__builder.hpp
[8.498s] -- Installing: /home/loki/ros2_ws/install/spider_msgs/include/spider_msgs/spider_msgs/msg/detail/servo_position__type_support.hpp
[8.498s] -- Installing: /home/loki/ros2_ws/install/spider_msgs/include/spider_msgs/spider_msgs/msg/detail/leg_position__traits.hpp
[8.498s] -- Installing: /home/loki/ros2_ws/install/spider_msgs/include/spider_msgs/spider_msgs/msg/detail/leg_position__type_support.hpp
[8.498s] -- Installing: /home/loki/ros2_ws/install/spider_msgs/include/spider_msgs/spider_msgs/msg/detail/servo_position__traits.hpp
[8.498s] -- Installing: /home/loki/ros2_ws/install/spider_msgs/include/spider_msgs/spider_msgs/msg/detail/robot_state__traits.hpp
[8.498s] -- Installing: /home/loki/ros2_ws/install/spider_msgs/include/spider_msgs/spider_msgs/msg/detail/servo_array__type_support.hpp
[8.498s] -- Installing: /home/loki/ros2_ws/install/spider_msgs/include/spider_msgs/spider_msgs/msg/detail/leg_positions__traits.hpp
[8.498s] -- Installing: /home/loki/ros2_ws/install/spider_msgs/include/spider_msgs/spider_msgs/msg/detail/servo_array__struct.hpp
[8.498s] -- Installing: /home/loki/ros2_ws/install/spider_msgs/include/spider_msgs/spider_msgs/msg/detail/servo_position__struct.hpp
[8.498s] -- Installing: /home/loki/ros2_ws/install/spider_msgs/include/spider_msgs/spider_msgs/msg/detail/servo_array__builder.hpp
[8.499s] -- Installing: /home/loki/ros2_ws/install/spider_msgs/include/spider_msgs/spider_msgs/msg/detail/leg_position__struct.hpp
[8.499s] -- Installing: /home/loki/ros2_ws/install/spider_msgs/include/spider_msgs/spider_msgs/msg/detail/leg_positions__type_support.hpp
[8.499s] -- Installing: /home/loki/ros2_ws/install/spider_msgs/include/spider_msgs/spider_msgs/msg/detail/robot_state__struct.hpp
[8.499s] -- Installing: /home/loki/ros2_ws/install/spider_msgs/include/spider_msgs/spider_msgs/msg/detail/leg_positions__struct.hpp
[8.499s] -- Installing: /home/loki/ros2_ws/install/spider_msgs/include/spider_msgs/spider_msgs/msg/detail/robot_state__builder.hpp
[8.499s] -- Installing: /home/loki/ros2_ws/install/spider_msgs/include/spider_msgs/spider_msgs/msg/detail/robot_state__type_support.hpp
[8.499s] -- Installing: /home/loki/ros2_ws/install/spider_msgs/include/spider_msgs/spider_msgs/msg/detail/servo_position__builder.hpp
[8.499s] -- Installing: /home/loki/ros2_ws/install/spider_msgs/include/spider_msgs/spider_msgs/msg/servo_position.hpp
[8.500s] -- Up-to-date: /home/loki/ros2_ws/install/spider_msgs/include/spider_msgs/spider_msgs
[8.500s] -- Up-to-date: /home/loki/ros2_ws/install/spider_msgs/include/spider_msgs/spider_msgs/srv
[8.500s] -- Up-to-date: /home/loki/ros2_ws/install/spider_msgs/include/spider_msgs/spider_msgs/srv/detail
[8.500s] -- Installing: /home/loki/ros2_ws/install/spider_msgs/include/spider_msgs/spider_msgs/srv/detail/execute_behavior__rosidl_typesupport_fastrtps_cpp.hpp
[8.500s] -- Installing: /home/loki/ros2_ws/install/spider_msgs/include/spider_msgs/spider_msgs/srv/detail/dds_fastrtps
[8.500s] -- Installing: /home/loki/ros2_ws/install/spider_msgs/include/spider_msgs/spider_msgs/srv/detail/set_pose__rosidl_typesupport_fastrtps_cpp.hpp
[8.500s] -- Up-to-date: /home/loki/ros2_ws/install/spider_msgs/include/spider_msgs/spider_msgs/msg
[8.500s] -- Installing: /home/loki/ros2_ws/install/spider_msgs/include/spider_msgs/spider_msgs/msg/rosidl_typesupport_fastrtps_cpp__visibility_control.h
[8.500s] -- Up-to-date: /home/loki/ros2_ws/install/spider_msgs/include/spider_msgs/spider_msgs/msg/detail
[8.500s] -- Installing: /home/loki/ros2_ws/install/spider_msgs/include/spider_msgs/spider_msgs/msg/detail/robot_state__rosidl_typesupport_fastrtps_cpp.hpp
[8.500s] -- Installing: /home/loki/ros2_ws/install/spider_msgs/include/spider_msgs/spider_msgs/msg/detail/dds_fastrtps
[8.500s] -- Installing: /home/loki/ros2_ws/install/spider_msgs/include/spider_msgs/spider_msgs/msg/detail/leg_position__rosidl_typesupport_fastrtps_cpp.hpp
[8.500s] -- Installing: /home/loki/ros2_ws/install/spider_msgs/include/spider_msgs/spider_msgs/msg/detail/servo_position__rosidl_typesupport_fastrtps_cpp.hpp
[8.500s] -- Installing: /home/loki/ros2_ws/install/spider_msgs/include/spider_msgs/spider_msgs/msg/detail/servo_array__rosidl_typesupport_fastrtps_cpp.hpp
[8.501s] -- Installing: /home/loki/ros2_ws/install/spider_msgs/include/spider_msgs/spider_msgs/msg/detail/leg_positions__rosidl_typesupport_fastrtps_cpp.hpp
[8.501s] -- Installing: /home/loki/ros2_ws/install/spider_msgs/lib/libspider_msgs__rosidl_typesupport_fastrtps_cpp.so
[8.501s] -- Set non-toolchain portion of runtime path of "/home/loki/ros2_ws/install/spider_msgs/lib/libspider_msgs__rosidl_typesupport_fastrtps_cpp.so" to ""
[8.501s] -- Up-to-date: /home/loki/ros2_ws/install/spider_msgs/include/spider_msgs/spider_msgs
[8.501s] -- Up-to-date: /home/loki/ros2_ws/install/spider_msgs/include/spider_msgs/spider_msgs/srv
[8.501s] -- Up-to-date: /home/loki/ros2_ws/install/spider_msgs/include/spider_msgs/spider_msgs/srv/detail
[8.502s] -- Installing: /home/loki/ros2_ws/install/spider_msgs/include/spider_msgs/spider_msgs/srv/detail/set_pose__type_support.c
[8.502s] -- Installing: /home/loki/ros2_ws/install/spider_msgs/include/spider_msgs/spider_msgs/srv/detail/execute_behavior__type_support.c
[8.502s] -- Installing: /home/loki/ros2_ws/install/spider_msgs/include/spider_msgs/spider_msgs/srv/detail/execute_behavior__rosidl_typesupport_introspection_c.h
[8.502s] -- Installing: /home/loki/ros2_ws/install/spider_msgs/include/spider_msgs/spider_msgs/srv/detail/set_pose__rosidl_typesupport_introspection_c.h
[8.502s] -- Up-to-date: /home/loki/ros2_ws/install/spider_msgs/include/spider_msgs/spider_msgs/msg
[8.502s] -- Installing: /home/loki/ros2_ws/install/spider_msgs/include/spider_msgs/spider_msgs/msg/rosidl_typesupport_introspection_c__visibility_control.h
[8.502s] -- Up-to-date: /home/loki/ros2_ws/install/spider_msgs/include/spider_msgs/spider_msgs/msg/detail
[8.502s] -- Installing: /home/loki/ros2_ws/install/spider_msgs/include/spider_msgs/spider_msgs/msg/detail/robot_state__rosidl_typesupport_introspection_c.h
[8.502s] -- Installing: /home/loki/ros2_ws/install/spider_msgs/include/spider_msgs/spider_msgs/msg/detail/leg_position__rosidl_typesupport_introspection_c.h
[8.502s] -- Installing: /home/loki/ros2_ws/install/spider_msgs/include/spider_msgs/spider_msgs/msg/detail/servo_position__type_support.c
[8.502s] -- Installing: /home/loki/ros2_ws/install/spider_msgs/include/spider_msgs/spider_msgs/msg/detail/leg_position__type_support.c
[8.502s] -- Installing: /home/loki/ros2_ws/install/spider_msgs/include/spider_msgs/spider_msgs/msg/detail/servo_position__rosidl_typesupport_introspection_c.h
[8.503s] -- Installing: /home/loki/ros2_ws/install/spider_msgs/include/spider_msgs/spider_msgs/msg/detail/servo_array__type_support.c
[8.503s] -- Installing: /home/loki/ros2_ws/install/spider_msgs/include/spider_msgs/spider_msgs/msg/detail/servo_array__rosidl_typesupport_introspection_c.h
[8.503s] -- Installing: /home/loki/ros2_ws/install/spider_msgs/include/spider_msgs/spider_msgs/msg/detail/leg_positions__rosidl_typesupport_introspection_c.h
[8.503s] -- Installing: /home/loki/ros2_ws/install/spider_msgs/include/spider_msgs/spider_msgs/msg/detail/leg_positions__type_support.c
[8.503s] -- Installing: /home/loki/ros2_ws/install/spider_msgs/include/spider_msgs/spider_msgs/msg/detail/robot_state__type_support.c
[8.503s] -- Installing: /home/loki/ros2_ws/install/spider_msgs/lib/libspider_msgs__rosidl_typesupport_introspection_c.so
[8.504s] -- Set non-toolchain portion of runtime path of "/home/loki/ros2_ws/install/spider_msgs/lib/libspider_msgs__rosidl_typesupport_introspection_c.so" to ""
[8.504s] -- Installing: /home/loki/ros2_ws/install/spider_msgs/lib/libspider_msgs__rosidl_typesupport_c.so
[8.504s] -- Set non-toolchain portion of runtime path of "/home/loki/ros2_ws/install/spider_msgs/lib/libspider_msgs__rosidl_typesupport_c.so" to ""
[8.504s] -- Up-to-date: /home/loki/ros2_ws/install/spider_msgs/include/spider_msgs/spider_msgs
[8.504s] -- Up-to-date: /home/loki/ros2_ws/install/spider_msgs/include/spider_msgs/spider_msgs/srv
[8.504s] -- Up-to-date: /home/loki/ros2_ws/install/spider_msgs/include/spider_msgs/spider_msgs/srv/detail
[8.504s] -- Installing: /home/loki/ros2_ws/install/spider_msgs/include/spider_msgs/spider_msgs/srv/detail/set_pose__type_support.cpp
[8.504s] -- Installing: /home/loki/ros2_ws/install/spider_msgs/include/spider_msgs/spider_msgs/srv/detail/set_pose__rosidl_typesupport_introspection_cpp.hpp
[8.504s] -- Installing: /home/loki/ros2_ws/install/spider_msgs/include/spider_msgs/spider_msgs/srv/detail/execute_behavior__rosidl_typesupport_introspection_cpp.hpp
[8.504s] -- Installing: /home/loki/ros2_ws/install/spider_msgs/include/spider_msgs/spider_msgs/srv/detail/execute_behavior__type_support.cpp
[8.504s] -- Up-to-date: /home/loki/ros2_ws/install/spider_msgs/include/spider_msgs/spider_msgs/msg
[8.505s] -- Up-to-date: /home/loki/ros2_ws/install/spider_msgs/include/spider_msgs/spider_msgs/msg/detail
[8.505s] -- Installing: /home/loki/ros2_ws/install/spider_msgs/include/spider_msgs/spider_msgs/msg/detail/leg_position__type_support.cpp
[8.505s] -- Installing: /home/loki/ros2_ws/install/spider_msgs/include/spider_msgs/spider_msgs/msg/detail/robot_state__type_support.cpp
[8.505s] -- Installing: /home/loki/ros2_ws/install/spider_msgs/include/spider_msgs/spider_msgs/msg/detail/servo_array__type_support.cpp
[8.505s] -- Installing: /home/loki/ros2_ws/install/spider_msgs/include/spider_msgs/spider_msgs/msg/detail/servo_position__type_support.cpp
[8.505s] -- Installing: /home/loki/ros2_ws/install/spider_msgs/include/spider_msgs/spider_msgs/msg/detail/leg_positions__rosidl_typesupport_introspection_cpp.hpp
[8.505s] -- Installing: /home/loki/ros2_ws/install/spider_msgs/include/spider_msgs/spider_msgs/msg/detail/robot_state__rosidl_typesupport_introspection_cpp.hpp
[8.505s] -- Installing: /home/loki/ros2_ws/install/spider_msgs/include/spider_msgs/spider_msgs/msg/detail/leg_positions__type_support.cpp
[8.505s] -- Installing: /home/loki/ros2_ws/install/spider_msgs/include/spider_msgs/spider_msgs/msg/detail/leg_position__rosidl_typesupport_introspection_cpp.hpp
[8.505s] -- Installing: /home/loki/ros2_ws/install/spider_msgs/include/spider_msgs/spider_msgs/msg/detail/servo_position__rosidl_typesupport_introspection_cpp.hpp
[8.506s] -- Installing: /home/loki/ros2_ws/install/spider_msgs/include/spider_msgs/spider_msgs/msg/detail/servo_array__rosidl_typesupport_introspection_cpp.hpp
[8.506s] -- Installing: /home/loki/ros2_ws/install/spider_msgs/lib/libspider_msgs__rosidl_typesupport_introspection_cpp.so
[8.506s] -- Set non-toolchain portion of runtime path of "/home/loki/ros2_ws/install/spider_msgs/lib/libspider_msgs__rosidl_typesupport_introspection_cpp.so" to ""
[8.506s] -- Installing: /home/loki/ros2_ws/install/spider_msgs/lib/libspider_msgs__rosidl_typesupport_cpp.so
[8.507s] -- Set non-toolchain portion of runtime path of "/home/loki/ros2_ws/install/spider_msgs/lib/libspider_msgs__rosidl_typesupport_cpp.so" to ""
[8.507s] -- Installing: /home/loki/ros2_ws/install/spider_msgs/share/spider_msgs/environment/pythonpath.sh
[8.507s] -- Installing: /home/loki/ros2_ws/install/spider_msgs/share/spider_msgs/environment/pythonpath.dsv
[8.507s] -- Installing: /home/loki/ros2_ws/install/spider_msgs/lib/python3.12/site-packages/spider_msgs-0.0.0-py3.12.egg-info
[8.507s] -- Installing: /home/loki/ros2_ws/install/spider_msgs/lib/python3.12/site-packages/spider_msgs-0.0.0-py3.12.egg-info/dependency_links.txt
[8.507s] -- Installing: /home/loki/ros2_ws/install/spider_msgs/lib/python3.12/site-packages/spider_msgs-0.0.0-py3.12.egg-info/top_level.txt
[8.507s] -- Installing: /home/loki/ros2_ws/install/spider_msgs/lib/python3.12/site-packages/spider_msgs-0.0.0-py3.12.egg-info/PKG-INFO
[8.507s] -- Installing: /home/loki/ros2_ws/install/spider_msgs/lib/python3.12/site-packages/spider_msgs-0.0.0-py3.12.egg-info/SOURCES.txt
[8.508s] -- Installing: /home/loki/ros2_ws/install/spider_msgs/lib/python3.12/site-packages/spider_msgs
[8.508s] -- Installing: /home/loki/ros2_ws/install/spider_msgs/lib/python3.12/site-packages/spider_msgs/__init__.py
[8.508s] -- Installing: /home/loki/ros2_ws/install/spider_msgs/lib/python3.12/site-packages/spider_msgs/spider_msgs_s__rosidl_typesupport_fastrtps_c.so
[8.508s] -- Installing: /home/loki/ros2_ws/install/spider_msgs/lib/python3.12/site-packages/spider_msgs/_spider_msgs_s.ep.rosidl_typesupport_fastrtps_c.c
[8.508s] -- Installing: /home/loki/ros2_ws/install/spider_msgs/lib/python3.12/site-packages/spider_msgs/srv
[8.508s] -- Installing: /home/loki/ros2_ws/install/spider_msgs/lib/python3.12/site-packages/spider_msgs/srv/__init__.py
[8.508s] -- Installing: /home/loki/ros2_ws/install/spider_msgs/lib/python3.12/site-packages/spider_msgs/srv/_execute_behavior.py
[8.508s] -- Installing: /home/loki/ros2_ws/install/spider_msgs/lib/python3.12/site-packages/spider_msgs/srv/_set_pose_s.c
[8.508s] -- Installing: /home/loki/ros2_ws/install/spider_msgs/lib/python3.12/site-packages/spider_msgs/srv/_execute_behavior_s.c
[8.509s] -- Installing: /home/loki/ros2_ws/install/spider_msgs/lib/python3.12/site-packages/spider_msgs/srv/_set_pose.py
[8.509s] -- Installing: /home/loki/ros2_ws/install/spider_msgs/lib/python3.12/site-packages/spider_msgs/spider_msgs_s__rosidl_typesupport_c.so
[8.509s] -- Installing: /home/loki/ros2_ws/install/spider_msgs/lib/python3.12/site-packages/spider_msgs/_spider_msgs_s.ep.rosidl_typesupport_introspection_c.c
[8.509s] -- Installing: /home/loki/ros2_ws/install/spider_msgs/lib/python3.12/site-packages/spider_msgs/msg
[8.509s] -- Installing: /home/loki/ros2_ws/install/spider_msgs/lib/python3.12/site-packages/spider_msgs/msg/_servo_position.py
[8.509s] -- Installing: /home/loki/ros2_ws/install/spider_msgs/lib/python3.12/site-packages/spider_msgs/msg/__init__.py
[8.509s] -- Installing: /home/loki/ros2_ws/install/spider_msgs/lib/python3.12/site-packages/spider_msgs/msg/_servo_position_s.c
[8.509s] -- Installing: /home/loki/ros2_ws/install/spider_msgs/lib/python3.12/site-packages/spider_msgs/msg/_leg_position_s.c
[8.509s] -- Installing: /home/loki/ros2_ws/install/spider_msgs/lib/python3.12/site-packages/spider_msgs/msg/_leg_position.py
[8.509s] -- Installing: /home/loki/ros2_ws/install/spider_msgs/lib/python3.12/site-packages/spider_msgs/msg/_leg_positions_s.c
[8.510s] -- Installing: /home/loki/ros2_ws/install/spider_msgs/lib/python3.12/site-packages/spider_msgs/msg/_robot_state_s.c
[8.510s] -- Installing: /home/loki/ros2_ws/install/spider_msgs/lib/python3.12/site-packages/spider_msgs/msg/_leg_positions.py
[8.510s] -- Installing: /home/loki/ros2_ws/install/spider_msgs/lib/python3.12/site-packages/spider_msgs/msg/_servo_array.py
[8.510s] -- Installing: /home/loki/ros2_ws/install/spider_msgs/lib/python3.12/site-packages/spider_msgs/msg/_servo_array_s.c
[8.510s] -- Installing: /home/loki/ros2_ws/install/spider_msgs/lib/python3.12/site-packages/spider_msgs/msg/_robot_state.py
[8.510s] -- Installing: /home/loki/ros2_ws/install/spider_msgs/lib/python3.12/site-packages/spider_msgs/_spider_msgs_s.ep.rosidl_typesupport_c.c
[8.510s] -- Installing: /home/loki/ros2_ws/install/spider_msgs/lib/python3.12/site-packages/spider_msgs/spider_msgs_s__rosidl_typesupport_introspection_c.so
[8.553s] Listing '/home/loki/ros2_ws/install/spider_msgs/lib/python3.12/site-packages/spider_msgs'...
[8.553s] Compiling '/home/loki/ros2_ws/install/spider_msgs/lib/python3.12/site-packages/spider_msgs/__init__.py'...
[8.553s] Listing '/home/loki/ros2_ws/install/spider_msgs/lib/python3.12/site-packages/spider_msgs/msg'...
[8.553s] Compiling '/home/loki/ros2_ws/install/spider_msgs/lib/python3.12/site-packages/spider_msgs/msg/__init__.py'...
[8.553s] Compiling '/home/loki/ros2_ws/install/spider_msgs/lib/python3.12/site-packages/spider_msgs/msg/_leg_position.py'...
[8.554s] Compiling '/home/loki/ros2_ws/install/spider_msgs/lib/python3.12/site-packages/spider_msgs/msg/_leg_positions.py'...
[8.554s] Compiling '/home/loki/ros2_ws/install/spider_msgs/lib/python3.12/site-packages/spider_msgs/msg/_robot_state.py'...
[8.554s] Compiling '/home/loki/ros2_ws/install/spider_msgs/lib/python3.12/site-packages/spider_msgs/msg/_servo_array.py'...
[8.554s] Compiling '/home/loki/ros2_ws/install/spider_msgs/lib/python3.12/site-packages/spider_msgs/msg/_servo_position.py'...
[8.554s] Listing '/home/loki/ros2_ws/install/spider_msgs/lib/python3.12/site-packages/spider_msgs/srv'...
[8.554s] Compiling '/home/loki/ros2_ws/install/spider_msgs/lib/python3.12/site-packages/spider_msgs/srv/__init__.py'...
[8.554s] Compiling '/home/loki/ros2_ws/install/spider_msgs/lib/python3.12/site-packages/spider_msgs/srv/_execute_behavior.py'...
[8.554s] Compiling '/home/loki/ros2_ws/install/spider_msgs/lib/python3.12/site-packages/spider_msgs/srv/_set_pose.py'...
[8.559s] -- Installing: /home/loki/ros2_ws/install/spider_msgs/lib/python3.12/site-packages/spider_msgs/spider_msgs_s__rosidl_typesupport_fastrtps_c.so
[8.559s] -- Set non-toolchain portion of runtime path of "/home/loki/ros2_ws/install/spider_msgs/lib/python3.12/site-packages/spider_msgs/spider_msgs_s__rosidl_typesupport_fastrtps_c.so" to ""
[8.559s] -- Installing: /home/loki/ros2_ws/install/spider_msgs/lib/python3.12/site-packages/spider_msgs/spider_msgs_s__rosidl_typesupport_introspection_c.so
[8.560s] -- Set non-toolchain portion of runtime path of "/home/loki/ros2_ws/install/spider_msgs/lib/python3.12/site-packages/spider_msgs/spider_msgs_s__rosidl_typesupport_introspection_c.so" to ""
[8.560s] -- Installing: /home/loki/ros2_ws/install/spider_msgs/lib/python3.12/site-packages/spider_msgs/spider_msgs_s__rosidl_typesupport_c.so
[8.560s] -- Set non-toolchain portion of runtime path of "/home/loki/ros2_ws/install/spider_msgs/lib/python3.12/site-packages/spider_msgs/spider_msgs_s__rosidl_typesupport_c.so" to ""
[8.560s] -- Installing: /home/loki/ros2_ws/install/spider_msgs/lib/libspider_msgs__rosidl_generator_py.so
[8.561s] -- Set non-toolchain portion of runtime path of "/home/loki/ros2_ws/install/spider_msgs/lib/libspider_msgs__rosidl_generator_py.so" to ""
[8.561s] -- Installing: /home/loki/ros2_ws/install/spider_msgs/share/spider_msgs/msg/ServoPosition.idl
[8.561s] -- Installing: /home/loki/ros2_ws/install/spider_msgs/share/spider_msgs/msg/ServoArray.idl
[8.561s] -- Installing: /home/loki/ros2_ws/install/spider_msgs/share/spider_msgs/msg/LegPosition.idl
[8.561s] -- Installing: /home/loki/ros2_ws/install/spider_msgs/share/spider_msgs/msg/LegPositions.idl
[8.561s] -- Installing: /home/loki/ros2_ws/install/spider_msgs/share/spider_msgs/msg/RobotState.idl
[8.561s] -- Installing: /home/loki/ros2_ws/install/spider_msgs/share/spider_msgs/srv/ExecuteBehavior.idl
[8.561s] -- Installing: /home/loki/ros2_ws/install/spider_msgs/share/spider_msgs/srv/SetPose.idl
[8.562s] -- Installing: /home/loki/ros2_ws/install/spider_msgs/share/spider_msgs/msg/ServoPosition.msg
[8.562s] -- Installing: /home/loki/ros2_ws/install/spider_msgs/share/spider_msgs/msg/ServoArray.msg
[8.562s] -- Installing: /home/loki/ros2_ws/install/spider_msgs/share/spider_msgs/msg/LegPosition.msg
[8.562s] -- Installing: /home/loki/ros2_ws/install/spider_msgs/share/spider_msgs/msg/LegPositions.msg
[8.562s] -- Installing: /home/loki/ros2_ws/install/spider_msgs/share/spider_msgs/msg/RobotState.msg
[8.562s] -- Installing: /home/loki/ros2_ws/install/spider_msgs/share/spider_msgs/srv/ExecuteBehavior.srv
[8.562s] -- Installing: /home/loki/ros2_ws/install/spider_msgs/share/spider_msgs/srv/SetPose.srv
[8.563s] -- Installing: /home/loki/ros2_ws/install/spider_msgs/share/ament_index/resource_index/package_run_dependencies/spider_msgs
[8.563s] -- Installing: /home/loki/ros2_ws/install/spider_msgs/share/ament_index/resource_index/parent_prefix_path/spider_msgs
[8.563s] -- Installing: /home/loki/ros2_ws/install/spider_msgs/share/spider_msgs/environment/ament_prefix_path.sh
[8.563s] -- Installing: /home/loki/ros2_ws/install/spider_msgs/share/spider_msgs/environment/ament_prefix_path.dsv
[8.563s] -- Installing: /home/loki/ros2_ws/install/spider_msgs/share/spider_msgs/environment/path.sh
[8.563s] -- Installing: /home/loki/ros2_ws/install/spider_msgs/share/spider_msgs/environment/path.dsv
[8.563s] -- Installing: /home/loki/ros2_ws/install/spider_msgs/share/spider_msgs/local_setup.bash
[8.563s] -- Installing: /home/loki/ros2_ws/install/spider_msgs/share/spider_msgs/local_setup.sh
[8.564s] -- Installing: /home/loki/ros2_ws/install/spider_msgs/share/spider_msgs/local_setup.zsh
[8.564s] -- Installing: /home/loki/ros2_ws/install/spider_msgs/share/spider_msgs/local_setup.dsv
[8.564s] -- Installing: /home/loki/ros2_ws/install/spider_msgs/share/spider_msgs/package.dsv
[8.564s] -- Installing: /home/loki/ros2_ws/install/spider_msgs/share/ament_index/resource_index/packages/spider_msgs
[8.564s] -- Installing: /home/loki/ros2_ws/install/spider_msgs/share/spider_msgs/cmake/export_spider_msgs__rosidl_generator_cExport.cmake
[8.564s] -- Installing: /home/loki/ros2_ws/install/spider_msgs/share/spider_msgs/cmake/export_spider_msgs__rosidl_generator_cExport-noconfig.cmake
[8.564s] -- Installing: /home/loki/ros2_ws/install/spider_msgs/share/spider_msgs/cmake/export_spider_msgs__rosidl_typesupport_fastrtps_cExport.cmake
[8.565s] -- Installing: /home/loki/ros2_ws/install/spider_msgs/share/spider_msgs/cmake/export_spider_msgs__rosidl_typesupport_fastrtps_cExport-noconfig.cmake
[8.565s] -- Installing: /home/loki/ros2_ws/install/spider_msgs/share/spider_msgs/cmake/export_spider_msgs__rosidl_generator_cppExport.cmake
[8.565s] -- Installing: /home/loki/ros2_ws/install/spider_msgs/share/spider_msgs/cmake/export_spider_msgs__rosidl_typesupport_fastrtps_cppExport.cmake
[8.565s] -- Installing: /home/loki/ros2_ws/install/spider_msgs/share/spider_msgs/cmake/export_spider_msgs__rosidl_typesupport_fastrtps_cppExport-noconfig.cmake
[8.565s] -- Installing: /home/loki/ros2_ws/install/spider_msgs/share/spider_msgs/cmake/spider_msgs__rosidl_typesupport_introspection_cExport.cmake
[8.565s] -- Installing: /home/loki/ros2_ws/install/spider_msgs/share/spider_msgs/cmake/spider_msgs__rosidl_typesupport_introspection_cExport-noconfig.cmake
[8.565s] -- Installing: /home/loki/ros2_ws/install/spider_msgs/share/spider_msgs/cmake/spider_msgs__rosidl_typesupport_cExport.cmake
[8.566s] -- Installing: /home/loki/ros2_ws/install/spider_msgs/share/spider_msgs/cmake/spider_msgs__rosidl_typesupport_cExport-noconfig.cmake
[8.566s] -- Installing: /home/loki/ros2_ws/install/spider_msgs/share/spider_msgs/cmake/spider_msgs__rosidl_typesupport_introspection_cppExport.cmake
[8.566s] -- Installing: /home/loki/ros2_ws/install/spider_msgs/share/spider_msgs/cmake/spider_msgs__rosidl_typesupport_introspection_cppExport-noconfig.cmake
[8.566s] -- Installing: /home/loki/ros2_ws/install/spider_msgs/share/spider_msgs/cmake/spider_msgs__rosidl_typesupport_cppExport.cmake
[8.566s] -- Installing: /home/loki/ros2_ws/install/spider_msgs/share/spider_msgs/cmake/spider_msgs__rosidl_typesupport_cppExport-noconfig.cmake
[8.566s] -- Installing: /home/loki/ros2_ws/install/spider_msgs/share/spider_msgs/cmake/export_spider_msgs__rosidl_generator_pyExport.cmake
[8.566s] -- Installing: /home/loki/ros2_ws/install/spider_msgs/share/spider_msgs/cmake/export_spider_msgs__rosidl_generator_pyExport-noconfig.cmake
[8.566s] -- Installing: /home/loki/ros2_ws/install/spider_msgs/share/spider_msgs/cmake/rosidl_cmake-extras.cmake
[8.567s] -- Installing: /home/loki/ros2_ws/install/spider_msgs/share/spider_msgs/cmake/ament_cmake_export_dependencies-extras.cmake
[8.567s] -- Installing: /home/loki/ros2_ws/install/spider_msgs/share/spider_msgs/cmake/ament_cmake_export_include_directories-extras.cmake
[8.567s] -- Installing: /home/loki/ros2_ws/install/spider_msgs/share/spider_msgs/cmake/ament_cmake_export_libraries-extras.cmake
[8.567s] -- Installing: /home/loki/ros2_ws/install/spider_msgs/share/spider_msgs/cmake/ament_cmake_export_targets-extras.cmake
[8.567s] -- Installing: /home/loki/ros2_ws/install/spider_msgs/share/spider_msgs/cmake/rosidl_cmake_export_typesupport_targets-extras.cmake
[8.567s] -- Installing: /home/loki/ros2_ws/install/spider_msgs/share/spider_msgs/cmake/rosidl_cmake_export_typesupport_libraries-extras.cmake
[8.567s] -- Installing: /home/loki/ros2_ws/install/spider_msgs/share/spider_msgs/cmake/spider_msgsConfig.cmake
[8.567s] -- Installing: /home/loki/ros2_ws/install/spider_msgs/share/spider_msgs/cmake/spider_msgsConfig-version.cmake
[8.567s] -- Installing: /home/loki/ros2_ws/install/spider_msgs/share/spider_msgs/package.xml
[8.570s] Invoked command in '/home/loki/ros2_ws/build/spider_msgs' returned '0': CMAKE_PREFIX_PATH=${CMAKE_PREFIX_PATH}:/opt/ros/kilted /usr/bin/cmake --install /home/loki/ros2_ws/build/spider_msgs
