running egg_info
creating ../../build/spider_behavior/spider_behavior.egg-info
writing ../../build/spider_behavior/spider_behavior.egg-info/PKG-INFO
writing dependency_links to ../../build/spider_behavior/spider_behavior.egg-info/dependency_links.txt
writing entry points to ../../build/spider_behavior/spider_behavior.egg-info/entry_points.txt
writing requirements to ../../build/spider_behavior/spider_behavior.egg-info/requires.txt
writing top-level names to ../../build/spider_behavior/spider_behavior.egg-info/top_level.txt
writing manifest file '../../build/spider_behavior/spider_behavior.egg-info/SOURCES.txt'
reading manifest file '../../build/spider_behavior/spider_behavior.egg-info/SOURCES.txt'
writing manifest file '../../build/spider_behavior/spider_behavior.egg-info/SOURCES.txt'
running build
running build_py
creating /home/loki/ros2_ws/build/spider_behavior/build
creating /home/loki/ros2_ws/build/spider_behavior/build/lib
creating /home/loki/ros2_ws/build/spider_behavior/build/lib/spider_behavior
copying spider_behavior/__init__.py -> /home/loki/ros2_ws/build/spider_behavior/build/lib/spider_behavior
copying spider_behavior/behavior_controller_node.py -> /home/loki/ros2_ws/build/spider_behavior/build/lib/spider_behavior
running install
running install_lib
creating /home/loki/ros2_ws/install/spider_behavior/lib/python3.12/site-packages/spider_behavior
copying /home/loki/ros2_ws/build/spider_behavior/build/lib/spider_behavior/__init__.py -> /home/loki/ros2_ws/install/spider_behavior/lib/python3.12/site-packages/spider_behavior
copying /home/loki/ros2_ws/build/spider_behavior/build/lib/spider_behavior/behavior_controller_node.py -> /home/loki/ros2_ws/install/spider_behavior/lib/python3.12/site-packages/spider_behavior
byte-compiling /home/loki/ros2_ws/install/spider_behavior/lib/python3.12/site-packages/spider_behavior/__init__.py to __init__.cpython-312.pyc
byte-compiling /home/loki/ros2_ws/install/spider_behavior/lib/python3.12/site-packages/spider_behavior/behavior_controller_node.py to behavior_controller_node.cpython-312.pyc
running install_data
creating /home/loki/ros2_ws/install/spider_behavior/share/ament_index
creating /home/loki/ros2_ws/install/spider_behavior/share/ament_index/resource_index
creating /home/loki/ros2_ws/install/spider_behavior/share/ament_index/resource_index/packages
copying resource/spider_behavior -> /home/loki/ros2_ws/install/spider_behavior/share/ament_index/resource_index/packages
copying package.xml -> /home/loki/ros2_ws/install/spider_behavior/share/spider_behavior
running install_egg_info
Copying ../../build/spider_behavior/spider_behavior.egg-info to /home/loki/ros2_ws/install/spider_behavior/lib/python3.12/site-packages/spider_behavior-0.0.0-py3.12.egg-info
running install_scripts
Installing behavior_controller_node script to /home/loki/ros2_ws/install/spider_behavior/lib/spider_behavior
writing list of installed files to '/home/loki/ros2_ws/build/spider_behavior/install.log'
