[1.298s] Invoking command in '/home/loki/ros2_ws/src/spider_behavior': AMENT_PREFIX_PATH=/home/loki/ros2_ws/install/spider_msgs:${AMENT_PREFIX_PATH} CMAKE_PREFIX_PATH=/home/loki/ros2_ws/install/spider_msgs:${CMAKE_PREFIX_PATH} LD_LIBRARY_PATH=/home/loki/ros2_ws/install/spider_msgs/lib:${LD_LIBRARY_PATH} PYTHONPATH=/home/loki/ros2_ws/build/spider_behavior/prefix_override:/usr/lib/python3/dist-packages/colcon_core/task/python/colcon_distutils_commands:/home/loki/ros2_ws/install/spider_behavior/lib/python3.12/site-packages:/home/loki/ros2_ws/install/spider_msgs/lib/python3.12/site-packages:${PYTHONPATH} /usr/bin/python3 -W ignore:setup.py install is deprecated -W ignore:easy_install command is deprecated setup.py egg_info --egg-base ../../build/spider_behavior build --build-base /home/loki/ros2_ws/build/spider_behavior/build install --record /home/loki/ros2_ws/build/spider_behavior/install.log --single-version-externally-managed install_data
[1.532s] running egg_info
[1.532s] creating ../../build/spider_behavior/spider_behavior.egg-info
[1.549s] writing ../../build/spider_behavior/spider_behavior.egg-info/PKG-INFO
[1.549s] writing dependency_links to ../../build/spider_behavior/spider_behavior.egg-info/dependency_links.txt
[1.549s] writing entry points to ../../build/spider_behavior/spider_behavior.egg-info/entry_points.txt
[1.550s] writing requirements to ../../build/spider_behavior/spider_behavior.egg-info/requires.txt
[1.550s] writing top-level names to ../../build/spider_behavior/spider_behavior.egg-info/top_level.txt
[1.550s] writing manifest file '../../build/spider_behavior/spider_behavior.egg-info/SOURCES.txt'
[1.585s] reading manifest file '../../build/spider_behavior/spider_behavior.egg-info/SOURCES.txt'
[1.585s] writing manifest file '../../build/spider_behavior/spider_behavior.egg-info/SOURCES.txt'
[1.585s] running build
[1.585s] running build_py
[1.585s] creating /home/loki/ros2_ws/build/spider_behavior/build
[1.586s] creating /home/loki/ros2_ws/build/spider_behavior/build/lib
[1.586s] creating /home/loki/ros2_ws/build/spider_behavior/build/lib/spider_behavior
[1.586s] copying spider_behavior/__init__.py -> /home/loki/ros2_ws/build/spider_behavior/build/lib/spider_behavior
[1.586s] copying spider_behavior/behavior_controller_node.py -> /home/loki/ros2_ws/build/spider_behavior/build/lib/spider_behavior
[1.586s] running install
[1.591s] running install_lib
[1.608s] creating /home/loki/ros2_ws/install/spider_behavior/lib/python3.12/site-packages/spider_behavior
[1.608s] copying /home/loki/ros2_ws/build/spider_behavior/build/lib/spider_behavior/__init__.py -> /home/loki/ros2_ws/install/spider_behavior/lib/python3.12/site-packages/spider_behavior
[1.608s] copying /home/loki/ros2_ws/build/spider_behavior/build/lib/spider_behavior/behavior_controller_node.py -> /home/loki/ros2_ws/install/spider_behavior/lib/python3.12/site-packages/spider_behavior
[1.609s] byte-compiling /home/loki/ros2_ws/install/spider_behavior/lib/python3.12/site-packages/spider_behavior/__init__.py to __init__.cpython-312.pyc
[1.609s] byte-compiling /home/loki/ros2_ws/install/spider_behavior/lib/python3.12/site-packages/spider_behavior/behavior_controller_node.py to behavior_controller_node.cpython-312.pyc
[1.611s] running install_data
[1.612s] creating /home/loki/ros2_ws/install/spider_behavior/share/ament_index
[1.612s] creating /home/loki/ros2_ws/install/spider_behavior/share/ament_index/resource_index
[1.612s] creating /home/loki/ros2_ws/install/spider_behavior/share/ament_index/resource_index/packages
[1.612s] copying resource/spider_behavior -> /home/loki/ros2_ws/install/spider_behavior/share/ament_index/resource_index/packages
[1.612s] copying package.xml -> /home/loki/ros2_ws/install/spider_behavior/share/spider_behavior
[1.612s] running install_egg_info
[1.630s] Copying ../../build/spider_behavior/spider_behavior.egg-info to /home/loki/ros2_ws/install/spider_behavior/lib/python3.12/site-packages/spider_behavior-0.0.0-py3.12.egg-info
[1.631s] running install_scripts
[1.749s] Installing behavior_controller_node script to /home/loki/ros2_ws/install/spider_behavior/lib/spider_behavior
[1.749s] writing list of installed files to '/home/loki/ros2_ws/build/spider_behavior/install.log'
[1.795s] Invoked command in '/home/loki/ros2_ws/src/spider_behavior' returned '0': AMENT_PREFIX_PATH=/home/loki/ros2_ws/install/spider_msgs:${AMENT_PREFIX_PATH} CMAKE_PREFIX_PATH=/home/loki/ros2_ws/install/spider_msgs:${CMAKE_PREFIX_PATH} LD_LIBRARY_PATH=/home/loki/ros2_ws/install/spider_msgs/lib:${LD_LIBRARY_PATH} PYTHONPATH=/home/loki/ros2_ws/build/spider_behavior/prefix_override:/usr/lib/python3/dist-packages/colcon_core/task/python/colcon_distutils_commands:/home/loki/ros2_ws/install/spider_behavior/lib/python3.12/site-packages:/home/loki/ros2_ws/install/spider_msgs/lib/python3.12/site-packages:${PYTHONPATH} /usr/bin/python3 -W ignore:setup.py install is deprecated -W ignore:easy_install command is deprecated setup.py egg_info --egg-base ../../build/spider_behavior build --build-base /home/loki/ros2_ws/build/spider_behavior/build install --record /home/loki/ros2_ws/build/spider_behavior/install.log --single-version-externally-managed install_data
