[  1%] Built target spider_msgs__rosidl_generator_type_description
[  1%] Built target ament_cmake_python_copy_spider_msgs
[  2%] Built target spider_msgs__cpp
[ 26%] Built target spider_msgs__rosidl_generator_c
[ 78%] Built target spider_msgs__rosidl_typesupport_fastrtps_cpp
[ 78%] Built target spider_msgs__rosidl_typesupport_cpp
[ 78%] Built target spider_msgs__rosidl_typesupport_fastrtps_c
[ 80%] Built target spider_msgs__rosidl_typesupport_c
[ 80%] Built target spider_msgs__rosidl_typesupport_introspection_c
[ 84%] Built target spider_msgs__rosidl_typesupport_introspection_cpp
[ 84%] Built target spider_msgs
[ 85%] Built target spider_msgs__py
[ 93%] Built target spider_msgs__rosidl_generator_py
[100%] Built target spider_msgs_s__rosidl_typesupport_fastrtps_c
[100%] Built target spider_msgs_s__rosidl_typesupport_c
[100%] Built target spider_msgs_s__rosidl_typesupport_introspection_c
running egg_info
writing spider_msgs.egg-info/PKG-INFO
writing dependency_links to spider_msgs.egg-info/dependency_links.txt
writing top-level names to spider_msgs.egg-info/top_level.txt
reading manifest file 'spider_msgs.egg-info/SOURCES.txt'
writing manifest file 'spider_msgs.egg-info/SOURCES.txt'
[100%] Built target ament_cmake_python_build_spider_msgs_egg
-- Install configuration: ""
-- Up-to-date: /home/loki/ros2_ws/install/spider_msgs/share/ament_index/resource_index/rosidl_interfaces/spider_msgs
-- Up-to-date: /home/loki/ros2_ws/install/spider_msgs/share/spider_msgs/msg/ServoPosition.json
-- Up-to-date: /home/loki/ros2_ws/install/spider_msgs/share/spider_msgs/msg/ServoArray.json
-- Up-to-date: /home/loki/ros2_ws/install/spider_msgs/share/spider_msgs/msg/LegPosition.json
-- Up-to-date: /home/loki/ros2_ws/install/spider_msgs/share/spider_msgs/msg/LegPositions.json
-- Up-to-date: /home/loki/ros2_ws/install/spider_msgs/share/spider_msgs/msg/RobotState.json
-- Up-to-date: /home/loki/ros2_ws/install/spider_msgs/share/spider_msgs/srv/ExecuteBehavior.json
-- Up-to-date: /home/loki/ros2_ws/install/spider_msgs/share/spider_msgs/srv/SetPose.json
-- Up-to-date: /home/loki/ros2_ws/install/spider_msgs/include/spider_msgs/spider_msgs
-- Up-to-date: /home/loki/ros2_ws/install/spider_msgs/include/spider_msgs/spider_msgs/srv
-- Up-to-date: /home/loki/ros2_ws/install/spider_msgs/include/spider_msgs/spider_msgs/srv/detail
-- Up-to-date: /home/loki/ros2_ws/install/spider_msgs/include/spider_msgs/spider_msgs/srv/detail/execute_behavior__functions.h
-- Up-to-date: /home/loki/ros2_ws/install/spider_msgs/include/spider_msgs/spider_msgs/srv/detail/set_pose__struct.h
-- Up-to-date: /home/loki/ros2_ws/install/spider_msgs/include/spider_msgs/spider_msgs/srv/detail/set_pose__type_support.h
-- Up-to-date: /home/loki/ros2_ws/install/spider_msgs/include/spider_msgs/spider_msgs/srv/detail/set_pose__functions.h
-- Up-to-date: /home/loki/ros2_ws/install/spider_msgs/include/spider_msgs/spider_msgs/srv/detail/set_pose__type_support.c
-- Up-to-date: /home/loki/ros2_ws/install/spider_msgs/include/spider_msgs/spider_msgs/srv/detail/execute_behavior__struct.h
-- Up-to-date: /home/loki/ros2_ws/install/spider_msgs/include/spider_msgs/spider_msgs/srv/detail/execute_behavior__description.c
-- Up-to-date: /home/loki/ros2_ws/install/spider_msgs/include/spider_msgs/spider_msgs/srv/detail/execute_behavior__type_support.h
-- Up-to-date: /home/loki/ros2_ws/install/spider_msgs/include/spider_msgs/spider_msgs/srv/detail/execute_behavior__type_support.c
-- Up-to-date: /home/loki/ros2_ws/install/spider_msgs/include/spider_msgs/spider_msgs/srv/detail/set_pose__functions.c
-- Up-to-date: /home/loki/ros2_ws/install/spider_msgs/include/spider_msgs/spider_msgs/srv/detail/execute_behavior__functions.c
-- Up-to-date: /home/loki/ros2_ws/install/spider_msgs/include/spider_msgs/spider_msgs/srv/detail/set_pose__description.c
-- Up-to-date: /home/loki/ros2_ws/install/spider_msgs/include/spider_msgs/spider_msgs/srv/execute_behavior.h
-- Up-to-date: /home/loki/ros2_ws/install/spider_msgs/include/spider_msgs/spider_msgs/srv/set_pose.h
-- Up-to-date: /home/loki/ros2_ws/install/spider_msgs/include/spider_msgs/spider_msgs/msg
-- Up-to-date: /home/loki/ros2_ws/install/spider_msgs/include/spider_msgs/spider_msgs/msg/rosidl_generator_c__visibility_control.h
-- Up-to-date: /home/loki/ros2_ws/install/spider_msgs/include/spider_msgs/spider_msgs/msg/robot_state.h
-- Up-to-date: /home/loki/ros2_ws/install/spider_msgs/include/spider_msgs/spider_msgs/msg/servo_array.h
-- Up-to-date: /home/loki/ros2_ws/install/spider_msgs/include/spider_msgs/spider_msgs/msg/servo_position.h
-- Up-to-date: /home/loki/ros2_ws/install/spider_msgs/include/spider_msgs/spider_msgs/msg/leg_positions.h
-- Up-to-date: /home/loki/ros2_ws/install/spider_msgs/include/spider_msgs/spider_msgs/msg/leg_position.h
-- Up-to-date: /home/loki/ros2_ws/install/spider_msgs/include/spider_msgs/spider_msgs/msg/detail
-- Up-to-date: /home/loki/ros2_ws/install/spider_msgs/include/spider_msgs/spider_msgs/msg/detail/servo_position__type_support.c
-- Up-to-date: /home/loki/ros2_ws/install/spider_msgs/include/spider_msgs/spider_msgs/msg/detail/robot_state__struct.h
-- Up-to-date: /home/loki/ros2_ws/install/spider_msgs/include/spider_msgs/spider_msgs/msg/detail/leg_position__struct.h
-- Up-to-date: /home/loki/ros2_ws/install/spider_msgs/include/spider_msgs/spider_msgs/msg/detail/servo_position__struct.h
-- Up-to-date: /home/loki/ros2_ws/install/spider_msgs/include/spider_msgs/spider_msgs/msg/detail/servo_array__functions.c
-- Up-to-date: /home/loki/ros2_ws/install/spider_msgs/include/spider_msgs/spider_msgs/msg/detail/leg_position__type_support.c
-- Up-to-date: /home/loki/ros2_ws/install/spider_msgs/include/spider_msgs/spider_msgs/msg/detail/leg_positions__functions.c
-- Up-to-date: /home/loki/ros2_ws/install/spider_msgs/include/spider_msgs/spider_msgs/msg/detail/leg_positions__description.c
-- Up-to-date: /home/loki/ros2_ws/install/spider_msgs/include/spider_msgs/spider_msgs/msg/detail/servo_position__functions.h
-- Up-to-date: /home/loki/ros2_ws/install/spider_msgs/include/spider_msgs/spider_msgs/msg/detail/servo_array__type_support.c
-- Up-to-date: /home/loki/ros2_ws/install/spider_msgs/include/spider_msgs/spider_msgs/msg/detail/leg_positions__type_support.h
-- Up-to-date: /home/loki/ros2_ws/install/spider_msgs/include/spider_msgs/spider_msgs/msg/detail/servo_array__struct.h
-- Up-to-date: /home/loki/ros2_ws/install/spider_msgs/include/spider_msgs/spider_msgs/msg/detail/servo_array__functions.h
-- Up-to-date: /home/loki/ros2_ws/install/spider_msgs/include/spider_msgs/spider_msgs/msg/detail/robot_state__description.c
-- Up-to-date: /home/loki/ros2_ws/install/spider_msgs/include/spider_msgs/spider_msgs/msg/detail/robot_state__functions.h
-- Up-to-date: /home/loki/ros2_ws/install/spider_msgs/include/spider_msgs/spider_msgs/msg/detail/leg_position__description.c
-- Up-to-date: /home/loki/ros2_ws/install/spider_msgs/include/spider_msgs/spider_msgs/msg/detail/leg_positions__functions.h
-- Up-to-date: /home/loki/ros2_ws/install/spider_msgs/include/spider_msgs/spider_msgs/msg/detail/robot_state__type_support.h
-- Up-to-date: /home/loki/ros2_ws/install/spider_msgs/include/spider_msgs/spider_msgs/msg/detail/leg_position__functions.c
-- Up-to-date: /home/loki/ros2_ws/install/spider_msgs/include/spider_msgs/spider_msgs/msg/detail/leg_position__type_support.h
-- Up-to-date: /home/loki/ros2_ws/install/spider_msgs/include/spider_msgs/spider_msgs/msg/detail/leg_positions__type_support.c
-- Up-to-date: /home/loki/ros2_ws/install/spider_msgs/include/spider_msgs/spider_msgs/msg/detail/leg_positions__struct.h
-- Up-to-date: /home/loki/ros2_ws/install/spider_msgs/include/spider_msgs/spider_msgs/msg/detail/servo_position__type_support.h
-- Up-to-date: /home/loki/ros2_ws/install/spider_msgs/include/spider_msgs/spider_msgs/msg/detail/servo_array__type_support.h
-- Up-to-date: /home/loki/ros2_ws/install/spider_msgs/include/spider_msgs/spider_msgs/msg/detail/robot_state__functions.c
-- Up-to-date: /home/loki/ros2_ws/install/spider_msgs/include/spider_msgs/spider_msgs/msg/detail/servo_array__description.c
-- Up-to-date: /home/loki/ros2_ws/install/spider_msgs/include/spider_msgs/spider_msgs/msg/detail/leg_position__functions.h
-- Up-to-date: /home/loki/ros2_ws/install/spider_msgs/include/spider_msgs/spider_msgs/msg/detail/servo_position__description.c
-- Up-to-date: /home/loki/ros2_ws/install/spider_msgs/include/spider_msgs/spider_msgs/msg/detail/robot_state__type_support.c
-- Up-to-date: /home/loki/ros2_ws/install/spider_msgs/include/spider_msgs/spider_msgs/msg/detail/servo_position__functions.c
-- Up-to-date: /home/loki/ros2_ws/install/spider_msgs/share/spider_msgs/environment/library_path.sh
-- Up-to-date: /home/loki/ros2_ws/install/spider_msgs/share/spider_msgs/environment/library_path.dsv
-- Up-to-date: /home/loki/ros2_ws/install/spider_msgs/lib/libspider_msgs__rosidl_generator_c.so
-- Up-to-date: /home/loki/ros2_ws/install/spider_msgs/include/spider_msgs/spider_msgs
-- Up-to-date: /home/loki/ros2_ws/install/spider_msgs/include/spider_msgs/spider_msgs/srv
-- Up-to-date: /home/loki/ros2_ws/install/spider_msgs/include/spider_msgs/spider_msgs/srv/detail
-- Up-to-date: /home/loki/ros2_ws/install/spider_msgs/include/spider_msgs/spider_msgs/srv/detail/set_pose__rosidl_typesupport_fastrtps_c.h
-- Up-to-date: /home/loki/ros2_ws/install/spider_msgs/include/spider_msgs/spider_msgs/srv/detail/execute_behavior__rosidl_typesupport_fastrtps_c.h
-- Up-to-date: /home/loki/ros2_ws/install/spider_msgs/include/spider_msgs/spider_msgs/msg
-- Up-to-date: /home/loki/ros2_ws/install/spider_msgs/include/spider_msgs/spider_msgs/msg/rosidl_typesupport_fastrtps_c__visibility_control.h
-- Up-to-date: /home/loki/ros2_ws/install/spider_msgs/include/spider_msgs/spider_msgs/msg/detail
-- Up-to-date: /home/loki/ros2_ws/install/spider_msgs/include/spider_msgs/spider_msgs/msg/detail/leg_positions__rosidl_typesupport_fastrtps_c.h
-- Up-to-date: /home/loki/ros2_ws/install/spider_msgs/include/spider_msgs/spider_msgs/msg/detail/servo_position__rosidl_typesupport_fastrtps_c.h
-- Up-to-date: /home/loki/ros2_ws/install/spider_msgs/include/spider_msgs/spider_msgs/msg/detail/servo_array__rosidl_typesupport_fastrtps_c.h
-- Up-to-date: /home/loki/ros2_ws/install/spider_msgs/include/spider_msgs/spider_msgs/msg/detail/robot_state__rosidl_typesupport_fastrtps_c.h
-- Up-to-date: /home/loki/ros2_ws/install/spider_msgs/include/spider_msgs/spider_msgs/msg/detail/leg_position__rosidl_typesupport_fastrtps_c.h
-- Up-to-date: /home/loki/ros2_ws/install/spider_msgs/lib/libspider_msgs__rosidl_typesupport_fastrtps_c.so
-- Up-to-date: /home/loki/ros2_ws/install/spider_msgs/include/spider_msgs/spider_msgs
-- Up-to-date: /home/loki/ros2_ws/install/spider_msgs/include/spider_msgs/spider_msgs/srv
-- Up-to-date: /home/loki/ros2_ws/install/spider_msgs/include/spider_msgs/spider_msgs/srv/set_pose.hpp
-- Up-to-date: /home/loki/ros2_ws/install/spider_msgs/include/spider_msgs/spider_msgs/srv/detail
-- Up-to-date: /home/loki/ros2_ws/install/spider_msgs/include/spider_msgs/spider_msgs/srv/detail/execute_behavior__type_support.hpp
-- Up-to-date: /home/loki/ros2_ws/install/spider_msgs/include/spider_msgs/spider_msgs/srv/detail/execute_behavior__struct.hpp
-- Up-to-date: /home/loki/ros2_ws/install/spider_msgs/include/spider_msgs/spider_msgs/srv/detail/execute_behavior__builder.hpp
-- Up-to-date: /home/loki/ros2_ws/install/spider_msgs/include/spider_msgs/spider_msgs/srv/detail/set_pose__traits.hpp
-- Up-to-date: /home/loki/ros2_ws/install/spider_msgs/include/spider_msgs/spider_msgs/srv/detail/set_pose__struct.hpp
-- Up-to-date: /home/loki/ros2_ws/install/spider_msgs/include/spider_msgs/spider_msgs/srv/detail/execute_behavior__traits.hpp
-- Up-to-date: /home/loki/ros2_ws/install/spider_msgs/include/spider_msgs/spider_msgs/srv/detail/set_pose__type_support.hpp
-- Up-to-date: /home/loki/ros2_ws/install/spider_msgs/include/spider_msgs/spider_msgs/srv/detail/set_pose__builder.hpp
-- Up-to-date: /home/loki/ros2_ws/install/spider_msgs/include/spider_msgs/spider_msgs/srv/execute_behavior.hpp
-- Up-to-date: /home/loki/ros2_ws/install/spider_msgs/include/spider_msgs/spider_msgs/msg
-- Up-to-date: /home/loki/ros2_ws/install/spider_msgs/include/spider_msgs/spider_msgs/msg/servo_array.hpp
-- Up-to-date: /home/loki/ros2_ws/install/spider_msgs/include/spider_msgs/spider_msgs/msg/robot_state.hpp
-- Up-to-date: /home/loki/ros2_ws/install/spider_msgs/include/spider_msgs/spider_msgs/msg/rosidl_generator_cpp__visibility_control.hpp
-- Up-to-date: /home/loki/ros2_ws/install/spider_msgs/include/spider_msgs/spider_msgs/msg/leg_positions.hpp
-- Up-to-date: /home/loki/ros2_ws/install/spider_msgs/include/spider_msgs/spider_msgs/msg/leg_position.hpp
-- Up-to-date: /home/loki/ros2_ws/install/spider_msgs/include/spider_msgs/spider_msgs/msg/detail
-- Up-to-date: /home/loki/ros2_ws/install/spider_msgs/include/spider_msgs/spider_msgs/msg/detail/leg_positions__builder.hpp
-- Up-to-date: /home/loki/ros2_ws/install/spider_msgs/include/spider_msgs/spider_msgs/msg/detail/servo_array__traits.hpp
-- Up-to-date: /home/loki/ros2_ws/install/spider_msgs/include/spider_msgs/spider_msgs/msg/detail/leg_position__builder.hpp
-- Up-to-date: /home/loki/ros2_ws/install/spider_msgs/include/spider_msgs/spider_msgs/msg/detail/servo_position__type_support.hpp
-- Up-to-date: /home/loki/ros2_ws/install/spider_msgs/include/spider_msgs/spider_msgs/msg/detail/leg_position__traits.hpp
-- Up-to-date: /home/loki/ros2_ws/install/spider_msgs/include/spider_msgs/spider_msgs/msg/detail/leg_position__type_support.hpp
-- Up-to-date: /home/loki/ros2_ws/install/spider_msgs/include/spider_msgs/spider_msgs/msg/detail/servo_position__traits.hpp
-- Up-to-date: /home/loki/ros2_ws/install/spider_msgs/include/spider_msgs/spider_msgs/msg/detail/robot_state__traits.hpp
-- Up-to-date: /home/loki/ros2_ws/install/spider_msgs/include/spider_msgs/spider_msgs/msg/detail/servo_array__type_support.hpp
-- Up-to-date: /home/loki/ros2_ws/install/spider_msgs/include/spider_msgs/spider_msgs/msg/detail/leg_positions__traits.hpp
-- Up-to-date: /home/loki/ros2_ws/install/spider_msgs/include/spider_msgs/spider_msgs/msg/detail/servo_array__struct.hpp
-- Up-to-date: /home/loki/ros2_ws/install/spider_msgs/include/spider_msgs/spider_msgs/msg/detail/servo_position__struct.hpp
-- Up-to-date: /home/loki/ros2_ws/install/spider_msgs/include/spider_msgs/spider_msgs/msg/detail/servo_array__builder.hpp
-- Up-to-date: /home/loki/ros2_ws/install/spider_msgs/include/spider_msgs/spider_msgs/msg/detail/leg_position__struct.hpp
-- Up-to-date: /home/loki/ros2_ws/install/spider_msgs/include/spider_msgs/spider_msgs/msg/detail/leg_positions__type_support.hpp
-- Up-to-date: /home/loki/ros2_ws/install/spider_msgs/include/spider_msgs/spider_msgs/msg/detail/robot_state__struct.hpp
-- Up-to-date: /home/loki/ros2_ws/install/spider_msgs/include/spider_msgs/spider_msgs/msg/detail/leg_positions__struct.hpp
-- Up-to-date: /home/loki/ros2_ws/install/spider_msgs/include/spider_msgs/spider_msgs/msg/detail/robot_state__builder.hpp
-- Up-to-date: /home/loki/ros2_ws/install/spider_msgs/include/spider_msgs/spider_msgs/msg/detail/robot_state__type_support.hpp
-- Up-to-date: /home/loki/ros2_ws/install/spider_msgs/include/spider_msgs/spider_msgs/msg/detail/servo_position__builder.hpp
-- Up-to-date: /home/loki/ros2_ws/install/spider_msgs/include/spider_msgs/spider_msgs/msg/servo_position.hpp
-- Up-to-date: /home/loki/ros2_ws/install/spider_msgs/include/spider_msgs/spider_msgs
-- Up-to-date: /home/loki/ros2_ws/install/spider_msgs/include/spider_msgs/spider_msgs/srv
-- Up-to-date: /home/loki/ros2_ws/install/spider_msgs/include/spider_msgs/spider_msgs/srv/detail
-- Up-to-date: /home/loki/ros2_ws/install/spider_msgs/include/spider_msgs/spider_msgs/srv/detail/execute_behavior__rosidl_typesupport_fastrtps_cpp.hpp
-- Up-to-date: /home/loki/ros2_ws/install/spider_msgs/include/spider_msgs/spider_msgs/srv/detail/dds_fastrtps
-- Up-to-date: /home/loki/ros2_ws/install/spider_msgs/include/spider_msgs/spider_msgs/srv/detail/set_pose__rosidl_typesupport_fastrtps_cpp.hpp
-- Up-to-date: /home/loki/ros2_ws/install/spider_msgs/include/spider_msgs/spider_msgs/msg
-- Up-to-date: /home/loki/ros2_ws/install/spider_msgs/include/spider_msgs/spider_msgs/msg/rosidl_typesupport_fastrtps_cpp__visibility_control.h
-- Up-to-date: /home/loki/ros2_ws/install/spider_msgs/include/spider_msgs/spider_msgs/msg/detail
-- Up-to-date: /home/loki/ros2_ws/install/spider_msgs/include/spider_msgs/spider_msgs/msg/detail/robot_state__rosidl_typesupport_fastrtps_cpp.hpp
-- Up-to-date: /home/loki/ros2_ws/install/spider_msgs/include/spider_msgs/spider_msgs/msg/detail/dds_fastrtps
-- Up-to-date: /home/loki/ros2_ws/install/spider_msgs/include/spider_msgs/spider_msgs/msg/detail/leg_position__rosidl_typesupport_fastrtps_cpp.hpp
-- Up-to-date: /home/loki/ros2_ws/install/spider_msgs/include/spider_msgs/spider_msgs/msg/detail/servo_position__rosidl_typesupport_fastrtps_cpp.hpp
-- Up-to-date: /home/loki/ros2_ws/install/spider_msgs/include/spider_msgs/spider_msgs/msg/detail/servo_array__rosidl_typesupport_fastrtps_cpp.hpp
-- Up-to-date: /home/loki/ros2_ws/install/spider_msgs/include/spider_msgs/spider_msgs/msg/detail/leg_positions__rosidl_typesupport_fastrtps_cpp.hpp
-- Up-to-date: /home/loki/ros2_ws/install/spider_msgs/lib/libspider_msgs__rosidl_typesupport_fastrtps_cpp.so
-- Up-to-date: /home/loki/ros2_ws/install/spider_msgs/include/spider_msgs/spider_msgs
-- Up-to-date: /home/loki/ros2_ws/install/spider_msgs/include/spider_msgs/spider_msgs/srv
-- Up-to-date: /home/loki/ros2_ws/install/spider_msgs/include/spider_msgs/spider_msgs/srv/detail
-- Up-to-date: /home/loki/ros2_ws/install/spider_msgs/include/spider_msgs/spider_msgs/srv/detail/set_pose__type_support.c
-- Up-to-date: /home/loki/ros2_ws/install/spider_msgs/include/spider_msgs/spider_msgs/srv/detail/execute_behavior__type_support.c
-- Up-to-date: /home/loki/ros2_ws/install/spider_msgs/include/spider_msgs/spider_msgs/srv/detail/execute_behavior__rosidl_typesupport_introspection_c.h
-- Up-to-date: /home/loki/ros2_ws/install/spider_msgs/include/spider_msgs/spider_msgs/srv/detail/set_pose__rosidl_typesupport_introspection_c.h
-- Up-to-date: /home/loki/ros2_ws/install/spider_msgs/include/spider_msgs/spider_msgs/msg
-- Up-to-date: /home/loki/ros2_ws/install/spider_msgs/include/spider_msgs/spider_msgs/msg/rosidl_typesupport_introspection_c__visibility_control.h
-- Up-to-date: /home/loki/ros2_ws/install/spider_msgs/include/spider_msgs/spider_msgs/msg/detail
-- Up-to-date: /home/loki/ros2_ws/install/spider_msgs/include/spider_msgs/spider_msgs/msg/detail/robot_state__rosidl_typesupport_introspection_c.h
-- Up-to-date: /home/loki/ros2_ws/install/spider_msgs/include/spider_msgs/spider_msgs/msg/detail/leg_position__rosidl_typesupport_introspection_c.h
-- Up-to-date: /home/loki/ros2_ws/install/spider_msgs/include/spider_msgs/spider_msgs/msg/detail/servo_position__type_support.c
-- Up-to-date: /home/loki/ros2_ws/install/spider_msgs/include/spider_msgs/spider_msgs/msg/detail/leg_position__type_support.c
-- Up-to-date: /home/loki/ros2_ws/install/spider_msgs/include/spider_msgs/spider_msgs/msg/detail/servo_position__rosidl_typesupport_introspection_c.h
-- Up-to-date: /home/loki/ros2_ws/install/spider_msgs/include/spider_msgs/spider_msgs/msg/detail/servo_array__type_support.c
-- Up-to-date: /home/loki/ros2_ws/install/spider_msgs/include/spider_msgs/spider_msgs/msg/detail/servo_array__rosidl_typesupport_introspection_c.h
-- Up-to-date: /home/loki/ros2_ws/install/spider_msgs/include/spider_msgs/spider_msgs/msg/detail/leg_positions__rosidl_typesupport_introspection_c.h
-- Up-to-date: /home/loki/ros2_ws/install/spider_msgs/include/spider_msgs/spider_msgs/msg/detail/leg_positions__type_support.c
-- Up-to-date: /home/loki/ros2_ws/install/spider_msgs/include/spider_msgs/spider_msgs/msg/detail/robot_state__type_support.c
-- Up-to-date: /home/loki/ros2_ws/install/spider_msgs/lib/libspider_msgs__rosidl_typesupport_introspection_c.so
-- Up-to-date: /home/loki/ros2_ws/install/spider_msgs/lib/libspider_msgs__rosidl_typesupport_c.so
-- Up-to-date: /home/loki/ros2_ws/install/spider_msgs/include/spider_msgs/spider_msgs
-- Up-to-date: /home/loki/ros2_ws/install/spider_msgs/include/spider_msgs/spider_msgs/srv
-- Up-to-date: /home/loki/ros2_ws/install/spider_msgs/include/spider_msgs/spider_msgs/srv/detail
-- Up-to-date: /home/loki/ros2_ws/install/spider_msgs/include/spider_msgs/spider_msgs/srv/detail/set_pose__type_support.cpp
-- Up-to-date: /home/loki/ros2_ws/install/spider_msgs/include/spider_msgs/spider_msgs/srv/detail/set_pose__rosidl_typesupport_introspection_cpp.hpp
-- Up-to-date: /home/loki/ros2_ws/install/spider_msgs/include/spider_msgs/spider_msgs/srv/detail/execute_behavior__rosidl_typesupport_introspection_cpp.hpp
-- Up-to-date: /home/loki/ros2_ws/install/spider_msgs/include/spider_msgs/spider_msgs/srv/detail/execute_behavior__type_support.cpp
-- Up-to-date: /home/loki/ros2_ws/install/spider_msgs/include/spider_msgs/spider_msgs/msg
-- Up-to-date: /home/loki/ros2_ws/install/spider_msgs/include/spider_msgs/spider_msgs/msg/detail
-- Up-to-date: /home/loki/ros2_ws/install/spider_msgs/include/spider_msgs/spider_msgs/msg/detail/leg_position__type_support.cpp
-- Up-to-date: /home/loki/ros2_ws/install/spider_msgs/include/spider_msgs/spider_msgs/msg/detail/robot_state__type_support.cpp
-- Up-to-date: /home/loki/ros2_ws/install/spider_msgs/include/spider_msgs/spider_msgs/msg/detail/servo_array__type_support.cpp
-- Up-to-date: /home/loki/ros2_ws/install/spider_msgs/include/spider_msgs/spider_msgs/msg/detail/servo_position__type_support.cpp
-- Up-to-date: /home/loki/ros2_ws/install/spider_msgs/include/spider_msgs/spider_msgs/msg/detail/leg_positions__rosidl_typesupport_introspection_cpp.hpp
-- Up-to-date: /home/loki/ros2_ws/install/spider_msgs/include/spider_msgs/spider_msgs/msg/detail/robot_state__rosidl_typesupport_introspection_cpp.hpp
-- Up-to-date: /home/loki/ros2_ws/install/spider_msgs/include/spider_msgs/spider_msgs/msg/detail/leg_positions__type_support.cpp
-- Up-to-date: /home/loki/ros2_ws/install/spider_msgs/include/spider_msgs/spider_msgs/msg/detail/leg_position__rosidl_typesupport_introspection_cpp.hpp
-- Up-to-date: /home/loki/ros2_ws/install/spider_msgs/include/spider_msgs/spider_msgs/msg/detail/servo_position__rosidl_typesupport_introspection_cpp.hpp
-- Up-to-date: /home/loki/ros2_ws/install/spider_msgs/include/spider_msgs/spider_msgs/msg/detail/servo_array__rosidl_typesupport_introspection_cpp.hpp
-- Up-to-date: /home/loki/ros2_ws/install/spider_msgs/lib/libspider_msgs__rosidl_typesupport_introspection_cpp.so
-- Up-to-date: /home/loki/ros2_ws/install/spider_msgs/lib/libspider_msgs__rosidl_typesupport_cpp.so
-- Up-to-date: /home/loki/ros2_ws/install/spider_msgs/share/spider_msgs/environment/pythonpath.sh
-- Up-to-date: /home/loki/ros2_ws/install/spider_msgs/share/spider_msgs/environment/pythonpath.dsv
-- Up-to-date: /home/loki/ros2_ws/install/spider_msgs/lib/python3.12/site-packages/spider_msgs-0.0.0-py3.12.egg-info
-- Installing: /home/loki/ros2_ws/install/spider_msgs/lib/python3.12/site-packages/spider_msgs-0.0.0-py3.12.egg-info/dependency_links.txt
-- Installing: /home/loki/ros2_ws/install/spider_msgs/lib/python3.12/site-packages/spider_msgs-0.0.0-py3.12.egg-info/top_level.txt
-- Installing: /home/loki/ros2_ws/install/spider_msgs/lib/python3.12/site-packages/spider_msgs-0.0.0-py3.12.egg-info/PKG-INFO
-- Installing: /home/loki/ros2_ws/install/spider_msgs/lib/python3.12/site-packages/spider_msgs-0.0.0-py3.12.egg-info/SOURCES.txt
-- Up-to-date: /home/loki/ros2_ws/install/spider_msgs/lib/python3.12/site-packages/spider_msgs
-- Up-to-date: /home/loki/ros2_ws/install/spider_msgs/lib/python3.12/site-packages/spider_msgs/__init__.py
-- Up-to-date: /home/loki/ros2_ws/install/spider_msgs/lib/python3.12/site-packages/spider_msgs/spider_msgs_s__rosidl_typesupport_fastrtps_c.so
-- Up-to-date: /home/loki/ros2_ws/install/spider_msgs/lib/python3.12/site-packages/spider_msgs/_spider_msgs_s.ep.rosidl_typesupport_fastrtps_c.c
-- Up-to-date: /home/loki/ros2_ws/install/spider_msgs/lib/python3.12/site-packages/spider_msgs/srv
-- Up-to-date: /home/loki/ros2_ws/install/spider_msgs/lib/python3.12/site-packages/spider_msgs/srv/__init__.py
-- Up-to-date: /home/loki/ros2_ws/install/spider_msgs/lib/python3.12/site-packages/spider_msgs/srv/_execute_behavior.py
-- Up-to-date: /home/loki/ros2_ws/install/spider_msgs/lib/python3.12/site-packages/spider_msgs/srv/_set_pose_s.c
-- Up-to-date: /home/loki/ros2_ws/install/spider_msgs/lib/python3.12/site-packages/spider_msgs/srv/_execute_behavior_s.c
-- Up-to-date: /home/loki/ros2_ws/install/spider_msgs/lib/python3.12/site-packages/spider_msgs/srv/_set_pose.py
-- Up-to-date: /home/loki/ros2_ws/install/spider_msgs/lib/python3.12/site-packages/spider_msgs/spider_msgs_s__rosidl_typesupport_c.so
-- Up-to-date: /home/loki/ros2_ws/install/spider_msgs/lib/python3.12/site-packages/spider_msgs/_spider_msgs_s.ep.rosidl_typesupport_introspection_c.c
-- Up-to-date: /home/loki/ros2_ws/install/spider_msgs/lib/python3.12/site-packages/spider_msgs/msg
-- Up-to-date: /home/loki/ros2_ws/install/spider_msgs/lib/python3.12/site-packages/spider_msgs/msg/_servo_position.py
-- Up-to-date: /home/loki/ros2_ws/install/spider_msgs/lib/python3.12/site-packages/spider_msgs/msg/__init__.py
-- Up-to-date: /home/loki/ros2_ws/install/spider_msgs/lib/python3.12/site-packages/spider_msgs/msg/_servo_position_s.c
-- Up-to-date: /home/loki/ros2_ws/install/spider_msgs/lib/python3.12/site-packages/spider_msgs/msg/_leg_position_s.c
-- Up-to-date: /home/loki/ros2_ws/install/spider_msgs/lib/python3.12/site-packages/spider_msgs/msg/_leg_position.py
-- Up-to-date: /home/loki/ros2_ws/install/spider_msgs/lib/python3.12/site-packages/spider_msgs/msg/_leg_positions_s.c
-- Up-to-date: /home/loki/ros2_ws/install/spider_msgs/lib/python3.12/site-packages/spider_msgs/msg/_robot_state_s.c
-- Up-to-date: /home/loki/ros2_ws/install/spider_msgs/lib/python3.12/site-packages/spider_msgs/msg/_leg_positions.py
-- Up-to-date: /home/loki/ros2_ws/install/spider_msgs/lib/python3.12/site-packages/spider_msgs/msg/_servo_array.py
-- Up-to-date: /home/loki/ros2_ws/install/spider_msgs/lib/python3.12/site-packages/spider_msgs/msg/_servo_array_s.c
-- Up-to-date: /home/loki/ros2_ws/install/spider_msgs/lib/python3.12/site-packages/spider_msgs/msg/_robot_state.py
-- Up-to-date: /home/loki/ros2_ws/install/spider_msgs/lib/python3.12/site-packages/spider_msgs/_spider_msgs_s.ep.rosidl_typesupport_c.c
-- Up-to-date: /home/loki/ros2_ws/install/spider_msgs/lib/python3.12/site-packages/spider_msgs/spider_msgs_s__rosidl_typesupport_introspection_c.so
Listing '/home/loki/ros2_ws/install/spider_msgs/lib/python3.12/site-packages/spider_msgs'...
Listing '/home/loki/ros2_ws/install/spider_msgs/lib/python3.12/site-packages/spider_msgs/msg'...
Listing '/home/loki/ros2_ws/install/spider_msgs/lib/python3.12/site-packages/spider_msgs/srv'...
-- Up-to-date: /home/loki/ros2_ws/install/spider_msgs/lib/python3.12/site-packages/spider_msgs/spider_msgs_s__rosidl_typesupport_fastrtps_c.so
-- Up-to-date: /home/loki/ros2_ws/install/spider_msgs/lib/python3.12/site-packages/spider_msgs/spider_msgs_s__rosidl_typesupport_introspection_c.so
-- Up-to-date: /home/loki/ros2_ws/install/spider_msgs/lib/python3.12/site-packages/spider_msgs/spider_msgs_s__rosidl_typesupport_c.so
-- Up-to-date: /home/loki/ros2_ws/install/spider_msgs/lib/libspider_msgs__rosidl_generator_py.so
-- Up-to-date: /home/loki/ros2_ws/install/spider_msgs/share/spider_msgs/msg/ServoPosition.idl
-- Up-to-date: /home/loki/ros2_ws/install/spider_msgs/share/spider_msgs/msg/ServoArray.idl
-- Up-to-date: /home/loki/ros2_ws/install/spider_msgs/share/spider_msgs/msg/LegPosition.idl
-- Up-to-date: /home/loki/ros2_ws/install/spider_msgs/share/spider_msgs/msg/LegPositions.idl
-- Up-to-date: /home/loki/ros2_ws/install/spider_msgs/share/spider_msgs/msg/RobotState.idl
-- Up-to-date: /home/loki/ros2_ws/install/spider_msgs/share/spider_msgs/srv/ExecuteBehavior.idl
-- Up-to-date: /home/loki/ros2_ws/install/spider_msgs/share/spider_msgs/srv/SetPose.idl
-- Up-to-date: /home/loki/ros2_ws/install/spider_msgs/share/spider_msgs/msg/ServoPosition.msg
-- Up-to-date: /home/loki/ros2_ws/install/spider_msgs/share/spider_msgs/msg/ServoArray.msg
-- Up-to-date: /home/loki/ros2_ws/install/spider_msgs/share/spider_msgs/msg/LegPosition.msg
-- Up-to-date: /home/loki/ros2_ws/install/spider_msgs/share/spider_msgs/msg/LegPositions.msg
-- Up-to-date: /home/loki/ros2_ws/install/spider_msgs/share/spider_msgs/msg/RobotState.msg
-- Up-to-date: /home/loki/ros2_ws/install/spider_msgs/share/spider_msgs/srv/ExecuteBehavior.srv
-- Up-to-date: /home/loki/ros2_ws/install/spider_msgs/share/spider_msgs/srv/SetPose.srv
-- Up-to-date: /home/loki/ros2_ws/install/spider_msgs/share/ament_index/resource_index/package_run_dependencies/spider_msgs
-- Up-to-date: /home/loki/ros2_ws/install/spider_msgs/share/ament_index/resource_index/parent_prefix_path/spider_msgs
-- Up-to-date: /home/loki/ros2_ws/install/spider_msgs/share/spider_msgs/environment/ament_prefix_path.sh
-- Up-to-date: /home/loki/ros2_ws/install/spider_msgs/share/spider_msgs/environment/ament_prefix_path.dsv
-- Up-to-date: /home/loki/ros2_ws/install/spider_msgs/share/spider_msgs/environment/path.sh
-- Up-to-date: /home/loki/ros2_ws/install/spider_msgs/share/spider_msgs/environment/path.dsv
-- Up-to-date: /home/loki/ros2_ws/install/spider_msgs/share/spider_msgs/local_setup.bash
-- Up-to-date: /home/loki/ros2_ws/install/spider_msgs/share/spider_msgs/local_setup.sh
-- Up-to-date: /home/loki/ros2_ws/install/spider_msgs/share/spider_msgs/local_setup.zsh
-- Up-to-date: /home/loki/ros2_ws/install/spider_msgs/share/spider_msgs/local_setup.dsv
-- Installing: /home/loki/ros2_ws/install/spider_msgs/share/spider_msgs/package.dsv
-- Up-to-date: /home/loki/ros2_ws/install/spider_msgs/share/ament_index/resource_index/packages/spider_msgs
-- Up-to-date: /home/loki/ros2_ws/install/spider_msgs/share/spider_msgs/cmake/export_spider_msgs__rosidl_generator_cExport.cmake
-- Up-to-date: /home/loki/ros2_ws/install/spider_msgs/share/spider_msgs/cmake/export_spider_msgs__rosidl_generator_cExport-noconfig.cmake
-- Up-to-date: /home/loki/ros2_ws/install/spider_msgs/share/spider_msgs/cmake/export_spider_msgs__rosidl_typesupport_fastrtps_cExport.cmake
-- Up-to-date: /home/loki/ros2_ws/install/spider_msgs/share/spider_msgs/cmake/export_spider_msgs__rosidl_typesupport_fastrtps_cExport-noconfig.cmake
-- Up-to-date: /home/loki/ros2_ws/install/spider_msgs/share/spider_msgs/cmake/export_spider_msgs__rosidl_generator_cppExport.cmake
-- Up-to-date: /home/loki/ros2_ws/install/spider_msgs/share/spider_msgs/cmake/export_spider_msgs__rosidl_typesupport_fastrtps_cppExport.cmake
-- Up-to-date: /home/loki/ros2_ws/install/spider_msgs/share/spider_msgs/cmake/export_spider_msgs__rosidl_typesupport_fastrtps_cppExport-noconfig.cmake
-- Up-to-date: /home/loki/ros2_ws/install/spider_msgs/share/spider_msgs/cmake/spider_msgs__rosidl_typesupport_introspection_cExport.cmake
-- Up-to-date: /home/loki/ros2_ws/install/spider_msgs/share/spider_msgs/cmake/spider_msgs__rosidl_typesupport_introspection_cExport-noconfig.cmake
-- Up-to-date: /home/loki/ros2_ws/install/spider_msgs/share/spider_msgs/cmake/spider_msgs__rosidl_typesupport_cExport.cmake
-- Up-to-date: /home/loki/ros2_ws/install/spider_msgs/share/spider_msgs/cmake/spider_msgs__rosidl_typesupport_cExport-noconfig.cmake
-- Up-to-date: /home/loki/ros2_ws/install/spider_msgs/share/spider_msgs/cmake/spider_msgs__rosidl_typesupport_introspection_cppExport.cmake
-- Up-to-date: /home/loki/ros2_ws/install/spider_msgs/share/spider_msgs/cmake/spider_msgs__rosidl_typesupport_introspection_cppExport-noconfig.cmake
-- Up-to-date: /home/loki/ros2_ws/install/spider_msgs/share/spider_msgs/cmake/spider_msgs__rosidl_typesupport_cppExport.cmake
-- Up-to-date: /home/loki/ros2_ws/install/spider_msgs/share/spider_msgs/cmake/spider_msgs__rosidl_typesupport_cppExport-noconfig.cmake
-- Up-to-date: /home/loki/ros2_ws/install/spider_msgs/share/spider_msgs/cmake/export_spider_msgs__rosidl_generator_pyExport.cmake
-- Up-to-date: /home/loki/ros2_ws/install/spider_msgs/share/spider_msgs/cmake/export_spider_msgs__rosidl_generator_pyExport-noconfig.cmake
-- Up-to-date: /home/loki/ros2_ws/install/spider_msgs/share/spider_msgs/cmake/rosidl_cmake-extras.cmake
-- Up-to-date: /home/loki/ros2_ws/install/spider_msgs/share/spider_msgs/cmake/ament_cmake_export_dependencies-extras.cmake
-- Up-to-date: /home/loki/ros2_ws/install/spider_msgs/share/spider_msgs/cmake/ament_cmake_export_include_directories-extras.cmake
-- Up-to-date: /home/loki/ros2_ws/install/spider_msgs/share/spider_msgs/cmake/ament_cmake_export_libraries-extras.cmake
-- Up-to-date: /home/loki/ros2_ws/install/spider_msgs/share/spider_msgs/cmake/ament_cmake_export_targets-extras.cmake
-- Up-to-date: /home/loki/ros2_ws/install/spider_msgs/share/spider_msgs/cmake/rosidl_cmake_export_typesupport_targets-extras.cmake
-- Up-to-date: /home/loki/ros2_ws/install/spider_msgs/share/spider_msgs/cmake/rosidl_cmake_export_typesupport_libraries-extras.cmake
-- Up-to-date: /home/loki/ros2_ws/install/spider_msgs/share/spider_msgs/cmake/spider_msgsConfig.cmake
-- Up-to-date: /home/loki/ros2_ws/install/spider_msgs/share/spider_msgs/cmake/spider_msgsConfig-version.cmake
-- Up-to-date: /home/loki/ros2_ws/install/spider_msgs/share/spider_msgs/package.xml
