[0.012s] Invoking command in '/home/loki/ros2_ws/build/spider_msgs': CMAKE_PREFIX_PATH=${CMAKE_PREFIX_PATH}:/opt/ros/kilted /usr/bin/cmake --build /home/loki/ros2_ws/build/spider_msgs -- -j16 -l16
[0.086s] [  1%] Built target spider_msgs__rosidl_generator_type_description
[0.101s] [  1%] Built target ament_cmake_python_copy_spider_msgs
[0.116s] [  2%] Built target spider_msgs__cpp
[0.124s] [ 26%] Built target spider_msgs__rosidl_generator_c
[0.161s] [ 78%] Built target spider_msgs__rosidl_typesupport_fastrtps_cpp
[0.161s] [ 78%] Built target spider_msgs__rosidl_typesupport_cpp
[0.161s] [ 78%] Built target spider_msgs__rosidl_typesupport_fastrtps_c
[0.161s] [ 80%] Built target spider_msgs__rosidl_typesupport_c
[0.161s] [ 80%] Built target spider_msgs__rosidl_typesupport_introspection_c
[0.162s] [ 84%] Built target spider_msgs__rosidl_typesupport_introspection_cpp
[0.195s] [ 84%] Built target spider_msgs
[0.229s] [ 85%] Built target spider_msgs__py
[0.270s] [ 93%] Built target spider_msgs__rosidl_generator_py
[0.299s] [100%] Built target spider_msgs_s__rosidl_typesupport_fastrtps_c
[0.299s] [100%] Built target spider_msgs_s__rosidl_typesupport_c
[0.299s] [100%] Built target spider_msgs_s__rosidl_typesupport_introspection_c
[0.356s] running egg_info
[0.373s] writing spider_msgs.egg-info/PKG-INFO
[0.373s] writing dependency_links to spider_msgs.egg-info/dependency_links.txt
[0.373s] writing top-level names to spider_msgs.egg-info/top_level.txt
[0.421s] reading manifest file 'spider_msgs.egg-info/SOURCES.txt'
[0.421s] writing manifest file 'spider_msgs.egg-info/SOURCES.txt'
[0.455s] [100%] Built target ament_cmake_python_build_spider_msgs_egg
[0.470s] Invoked command in '/home/loki/ros2_ws/build/spider_msgs' returned '0': CMAKE_PREFIX_PATH=${CMAKE_PREFIX_PATH}:/opt/ros/kilted /usr/bin/cmake --build /home/loki/ros2_ws/build/spider_msgs -- -j16 -l16
[0.481s] Invoking command in '/home/loki/ros2_ws/build/spider_msgs': CMAKE_PREFIX_PATH=${CMAKE_PREFIX_PATH}:/opt/ros/kilted /usr/bin/cmake --install /home/loki/ros2_ws/build/spider_msgs
[0.490s] -- Install configuration: ""
[0.490s] -- Up-to-date: /home/loki/ros2_ws/install/spider_msgs/share/ament_index/resource_index/rosidl_interfaces/spider_msgs
[0.490s] -- Up-to-date: /home/loki/ros2_ws/install/spider_msgs/share/spider_msgs/msg/ServoPosition.json
[0.490s] -- Up-to-date: /home/loki/ros2_ws/install/spider_msgs/share/spider_msgs/msg/ServoArray.json
[0.490s] -- Up-to-date: /home/loki/ros2_ws/install/spider_msgs/share/spider_msgs/msg/LegPosition.json
[0.490s] -- Up-to-date: /home/loki/ros2_ws/install/spider_msgs/share/spider_msgs/msg/LegPositions.json
[0.491s] -- Up-to-date: /home/loki/ros2_ws/install/spider_msgs/share/spider_msgs/msg/RobotState.json
[0.491s] -- Up-to-date: /home/loki/ros2_ws/install/spider_msgs/share/spider_msgs/srv/ExecuteBehavior.json
[0.491s] -- Up-to-date: /home/loki/ros2_ws/install/spider_msgs/share/spider_msgs/srv/SetPose.json
[0.491s] -- Up-to-date: /home/loki/ros2_ws/install/spider_msgs/include/spider_msgs/spider_msgs
[0.491s] -- Up-to-date: /home/loki/ros2_ws/install/spider_msgs/include/spider_msgs/spider_msgs/srv
[0.491s] -- Up-to-date: /home/loki/ros2_ws/install/spider_msgs/include/spider_msgs/spider_msgs/srv/detail
[0.491s] -- Up-to-date: /home/loki/ros2_ws/install/spider_msgs/include/spider_msgs/spider_msgs/srv/detail/execute_behavior__functions.h
[0.491s] -- Up-to-date: /home/loki/ros2_ws/install/spider_msgs/include/spider_msgs/spider_msgs/srv/detail/set_pose__struct.h
[0.491s] -- Up-to-date: /home/loki/ros2_ws/install/spider_msgs/include/spider_msgs/spider_msgs/srv/detail/set_pose__type_support.h
[0.491s] -- Up-to-date: /home/loki/ros2_ws/install/spider_msgs/include/spider_msgs/spider_msgs/srv/detail/set_pose__functions.h
[0.491s] -- Up-to-date: /home/loki/ros2_ws/install/spider_msgs/include/spider_msgs/spider_msgs/srv/detail/set_pose__type_support.c
[0.491s] -- Up-to-date: /home/loki/ros2_ws/install/spider_msgs/include/spider_msgs/spider_msgs/srv/detail/execute_behavior__struct.h
[0.492s] -- Up-to-date: /home/loki/ros2_ws/install/spider_msgs/include/spider_msgs/spider_msgs/srv/detail/execute_behavior__description.c
[0.492s] -- Up-to-date: /home/loki/ros2_ws/install/spider_msgs/include/spider_msgs/spider_msgs/srv/detail/execute_behavior__type_support.h
[0.492s] -- Up-to-date: /home/loki/ros2_ws/install/spider_msgs/include/spider_msgs/spider_msgs/srv/detail/execute_behavior__type_support.c
[0.492s] -- Up-to-date: /home/loki/ros2_ws/install/spider_msgs/include/spider_msgs/spider_msgs/srv/detail/set_pose__functions.c
[0.492s] -- Up-to-date: /home/loki/ros2_ws/install/spider_msgs/include/spider_msgs/spider_msgs/srv/detail/execute_behavior__functions.c
[0.492s] -- Up-to-date: /home/loki/ros2_ws/install/spider_msgs/include/spider_msgs/spider_msgs/srv/detail/set_pose__description.c
[0.492s] -- Up-to-date: /home/loki/ros2_ws/install/spider_msgs/include/spider_msgs/spider_msgs/srv/execute_behavior.h
[0.492s] -- Up-to-date: /home/loki/ros2_ws/install/spider_msgs/include/spider_msgs/spider_msgs/srv/set_pose.h
[0.492s] -- Up-to-date: /home/loki/ros2_ws/install/spider_msgs/include/spider_msgs/spider_msgs/msg
[0.492s] -- Up-to-date: /home/loki/ros2_ws/install/spider_msgs/include/spider_msgs/spider_msgs/msg/rosidl_generator_c__visibility_control.h
[0.492s] -- Up-to-date: /home/loki/ros2_ws/install/spider_msgs/include/spider_msgs/spider_msgs/msg/robot_state.h
[0.492s] -- Up-to-date: /home/loki/ros2_ws/install/spider_msgs/include/spider_msgs/spider_msgs/msg/servo_array.h
[0.492s] -- Up-to-date: /home/loki/ros2_ws/install/spider_msgs/include/spider_msgs/spider_msgs/msg/servo_position.h
[0.492s] -- Up-to-date: /home/loki/ros2_ws/install/spider_msgs/include/spider_msgs/spider_msgs/msg/leg_positions.h
[0.492s] -- Up-to-date: /home/loki/ros2_ws/install/spider_msgs/include/spider_msgs/spider_msgs/msg/leg_position.h
[0.492s] -- Up-to-date: /home/loki/ros2_ws/install/spider_msgs/include/spider_msgs/spider_msgs/msg/detail
[0.492s] -- Up-to-date: /home/loki/ros2_ws/install/spider_msgs/include/spider_msgs/spider_msgs/msg/detail/servo_position__type_support.c
[0.493s] -- Up-to-date: /home/loki/ros2_ws/install/spider_msgs/include/spider_msgs/spider_msgs/msg/detail/robot_state__struct.h
[0.493s] -- Up-to-date: /home/loki/ros2_ws/install/spider_msgs/include/spider_msgs/spider_msgs/msg/detail/leg_position__struct.h
[0.493s] -- Up-to-date: /home/loki/ros2_ws/install/spider_msgs/include/spider_msgs/spider_msgs/msg/detail/servo_position__struct.h
[0.493s] -- Up-to-date: /home/loki/ros2_ws/install/spider_msgs/include/spider_msgs/spider_msgs/msg/detail/servo_array__functions.c
[0.493s] -- Up-to-date: /home/loki/ros2_ws/install/spider_msgs/include/spider_msgs/spider_msgs/msg/detail/leg_position__type_support.c
[0.493s] -- Up-to-date: /home/loki/ros2_ws/install/spider_msgs/include/spider_msgs/spider_msgs/msg/detail/leg_positions__functions.c
[0.493s] -- Up-to-date: /home/loki/ros2_ws/install/spider_msgs/include/spider_msgs/spider_msgs/msg/detail/leg_positions__description.c
[0.493s] -- Up-to-date: /home/loki/ros2_ws/install/spider_msgs/include/spider_msgs/spider_msgs/msg/detail/servo_position__functions.h
[0.493s] -- Up-to-date: /home/loki/ros2_ws/install/spider_msgs/include/spider_msgs/spider_msgs/msg/detail/servo_array__type_support.c
[0.493s] -- Up-to-date: /home/loki/ros2_ws/install/spider_msgs/include/spider_msgs/spider_msgs/msg/detail/leg_positions__type_support.h
[0.493s] -- Up-to-date: /home/loki/ros2_ws/install/spider_msgs/include/spider_msgs/spider_msgs/msg/detail/servo_array__struct.h
[0.493s] -- Up-to-date: /home/loki/ros2_ws/install/spider_msgs/include/spider_msgs/spider_msgs/msg/detail/servo_array__functions.h
[0.493s] -- Up-to-date: /home/loki/ros2_ws/install/spider_msgs/include/spider_msgs/spider_msgs/msg/detail/robot_state__description.c
[0.493s] -- Up-to-date: /home/loki/ros2_ws/install/spider_msgs/include/spider_msgs/spider_msgs/msg/detail/robot_state__functions.h
[0.493s] -- Up-to-date: /home/loki/ros2_ws/install/spider_msgs/include/spider_msgs/spider_msgs/msg/detail/leg_position__description.c
[0.493s] -- Up-to-date: /home/loki/ros2_ws/install/spider_msgs/include/spider_msgs/spider_msgs/msg/detail/leg_positions__functions.h
[0.493s] -- Up-to-date: /home/loki/ros2_ws/install/spider_msgs/include/spider_msgs/spider_msgs/msg/detail/robot_state__type_support.h
[0.493s] -- Up-to-date: /home/loki/ros2_ws/install/spider_msgs/include/spider_msgs/spider_msgs/msg/detail/leg_position__functions.c
[0.494s] -- Up-to-date: /home/loki/ros2_ws/install/spider_msgs/include/spider_msgs/spider_msgs/msg/detail/leg_position__type_support.h
[0.494s] -- Up-to-date: /home/loki/ros2_ws/install/spider_msgs/include/spider_msgs/spider_msgs/msg/detail/leg_positions__type_support.c
[0.494s] -- Up-to-date: /home/loki/ros2_ws/install/spider_msgs/include/spider_msgs/spider_msgs/msg/detail/leg_positions__struct.h
[0.494s] -- Up-to-date: /home/loki/ros2_ws/install/spider_msgs/include/spider_msgs/spider_msgs/msg/detail/servo_position__type_support.h
[0.494s] -- Up-to-date: /home/loki/ros2_ws/install/spider_msgs/include/spider_msgs/spider_msgs/msg/detail/servo_array__type_support.h
[0.494s] -- Up-to-date: /home/loki/ros2_ws/install/spider_msgs/include/spider_msgs/spider_msgs/msg/detail/robot_state__functions.c
[0.494s] -- Up-to-date: /home/loki/ros2_ws/install/spider_msgs/include/spider_msgs/spider_msgs/msg/detail/servo_array__description.c
[0.494s] -- Up-to-date: /home/loki/ros2_ws/install/spider_msgs/include/spider_msgs/spider_msgs/msg/detail/leg_position__functions.h
[0.494s] -- Up-to-date: /home/loki/ros2_ws/install/spider_msgs/include/spider_msgs/spider_msgs/msg/detail/servo_position__description.c
[0.494s] -- Up-to-date: /home/loki/ros2_ws/install/spider_msgs/include/spider_msgs/spider_msgs/msg/detail/robot_state__type_support.c
[0.494s] -- Up-to-date: /home/loki/ros2_ws/install/spider_msgs/include/spider_msgs/spider_msgs/msg/detail/servo_position__functions.c
[0.494s] -- Up-to-date: /home/loki/ros2_ws/install/spider_msgs/share/spider_msgs/environment/library_path.sh
[0.494s] -- Up-to-date: /home/loki/ros2_ws/install/spider_msgs/share/spider_msgs/environment/library_path.dsv
[0.494s] -- Up-to-date: /home/loki/ros2_ws/install/spider_msgs/lib/libspider_msgs__rosidl_generator_c.so
[0.494s] -- Up-to-date: /home/loki/ros2_ws/install/spider_msgs/include/spider_msgs/spider_msgs
[0.494s] -- Up-to-date: /home/loki/ros2_ws/install/spider_msgs/include/spider_msgs/spider_msgs/srv
[0.494s] -- Up-to-date: /home/loki/ros2_ws/install/spider_msgs/include/spider_msgs/spider_msgs/srv/detail
[0.494s] -- Up-to-date: /home/loki/ros2_ws/install/spider_msgs/include/spider_msgs/spider_msgs/srv/detail/set_pose__rosidl_typesupport_fastrtps_c.h
[0.495s] -- Up-to-date: /home/loki/ros2_ws/install/spider_msgs/include/spider_msgs/spider_msgs/srv/detail/execute_behavior__rosidl_typesupport_fastrtps_c.h
[0.495s] -- Up-to-date: /home/loki/ros2_ws/install/spider_msgs/include/spider_msgs/spider_msgs/msg
[0.495s] -- Up-to-date: /home/loki/ros2_ws/install/spider_msgs/include/spider_msgs/spider_msgs/msg/rosidl_typesupport_fastrtps_c__visibility_control.h
[0.495s] -- Up-to-date: /home/loki/ros2_ws/install/spider_msgs/include/spider_msgs/spider_msgs/msg/detail
[0.495s] -- Up-to-date: /home/loki/ros2_ws/install/spider_msgs/include/spider_msgs/spider_msgs/msg/detail/leg_positions__rosidl_typesupport_fastrtps_c.h
[0.495s] -- Up-to-date: /home/loki/ros2_ws/install/spider_msgs/include/spider_msgs/spider_msgs/msg/detail/servo_position__rosidl_typesupport_fastrtps_c.h
[0.495s] -- Up-to-date: /home/loki/ros2_ws/install/spider_msgs/include/spider_msgs/spider_msgs/msg/detail/servo_array__rosidl_typesupport_fastrtps_c.h
[0.495s] -- Up-to-date: /home/loki/ros2_ws/install/spider_msgs/include/spider_msgs/spider_msgs/msg/detail/robot_state__rosidl_typesupport_fastrtps_c.h
[0.495s] -- Up-to-date: /home/loki/ros2_ws/install/spider_msgs/include/spider_msgs/spider_msgs/msg/detail/leg_position__rosidl_typesupport_fastrtps_c.h
[0.495s] -- Up-to-date: /home/loki/ros2_ws/install/spider_msgs/lib/libspider_msgs__rosidl_typesupport_fastrtps_c.so
[0.495s] -- Up-to-date: /home/loki/ros2_ws/install/spider_msgs/include/spider_msgs/spider_msgs
[0.495s] -- Up-to-date: /home/loki/ros2_ws/install/spider_msgs/include/spider_msgs/spider_msgs/srv
[0.495s] -- Up-to-date: /home/loki/ros2_ws/install/spider_msgs/include/spider_msgs/spider_msgs/srv/set_pose.hpp
[0.495s] -- Up-to-date: /home/loki/ros2_ws/install/spider_msgs/include/spider_msgs/spider_msgs/srv/detail
[0.495s] -- Up-to-date: /home/loki/ros2_ws/install/spider_msgs/include/spider_msgs/spider_msgs/srv/detail/execute_behavior__type_support.hpp
[0.495s] -- Up-to-date: /home/loki/ros2_ws/install/spider_msgs/include/spider_msgs/spider_msgs/srv/detail/execute_behavior__struct.hpp
[0.495s] -- Up-to-date: /home/loki/ros2_ws/install/spider_msgs/include/spider_msgs/spider_msgs/srv/detail/execute_behavior__builder.hpp
[0.495s] -- Up-to-date: /home/loki/ros2_ws/install/spider_msgs/include/spider_msgs/spider_msgs/srv/detail/set_pose__traits.hpp
[0.495s] -- Up-to-date: /home/loki/ros2_ws/install/spider_msgs/include/spider_msgs/spider_msgs/srv/detail/set_pose__struct.hpp
[0.496s] -- Up-to-date: /home/loki/ros2_ws/install/spider_msgs/include/spider_msgs/spider_msgs/srv/detail/execute_behavior__traits.hpp
[0.496s] -- Up-to-date: /home/loki/ros2_ws/install/spider_msgs/include/spider_msgs/spider_msgs/srv/detail/set_pose__type_support.hpp
[0.496s] -- Up-to-date: /home/loki/ros2_ws/install/spider_msgs/include/spider_msgs/spider_msgs/srv/detail/set_pose__builder.hpp
[0.496s] -- Up-to-date: /home/loki/ros2_ws/install/spider_msgs/include/spider_msgs/spider_msgs/srv/execute_behavior.hpp
[0.496s] -- Up-to-date: /home/loki/ros2_ws/install/spider_msgs/include/spider_msgs/spider_msgs/msg
[0.496s] -- Up-to-date: /home/loki/ros2_ws/install/spider_msgs/include/spider_msgs/spider_msgs/msg/servo_array.hpp
[0.496s] -- Up-to-date: /home/loki/ros2_ws/install/spider_msgs/include/spider_msgs/spider_msgs/msg/robot_state.hpp
[0.496s] -- Up-to-date: /home/loki/ros2_ws/install/spider_msgs/include/spider_msgs/spider_msgs/msg/rosidl_generator_cpp__visibility_control.hpp
[0.496s] -- Up-to-date: /home/loki/ros2_ws/install/spider_msgs/include/spider_msgs/spider_msgs/msg/leg_positions.hpp
[0.496s] -- Up-to-date: /home/loki/ros2_ws/install/spider_msgs/include/spider_msgs/spider_msgs/msg/leg_position.hpp
[0.496s] -- Up-to-date: /home/loki/ros2_ws/install/spider_msgs/include/spider_msgs/spider_msgs/msg/detail
[0.496s] -- Up-to-date: /home/loki/ros2_ws/install/spider_msgs/include/spider_msgs/spider_msgs/msg/detail/leg_positions__builder.hpp
[0.496s] -- Up-to-date: /home/loki/ros2_ws/install/spider_msgs/include/spider_msgs/spider_msgs/msg/detail/servo_array__traits.hpp
[0.496s] -- Up-to-date: /home/loki/ros2_ws/install/spider_msgs/include/spider_msgs/spider_msgs/msg/detail/leg_position__builder.hpp
[0.496s] -- Up-to-date: /home/loki/ros2_ws/install/spider_msgs/include/spider_msgs/spider_msgs/msg/detail/servo_position__type_support.hpp
[0.496s] -- Up-to-date: /home/loki/ros2_ws/install/spider_msgs/include/spider_msgs/spider_msgs/msg/detail/leg_position__traits.hpp
[0.496s] -- Up-to-date: /home/loki/ros2_ws/install/spider_msgs/include/spider_msgs/spider_msgs/msg/detail/leg_position__type_support.hpp
[0.496s] -- Up-to-date: /home/loki/ros2_ws/install/spider_msgs/include/spider_msgs/spider_msgs/msg/detail/servo_position__traits.hpp
[0.496s] -- Up-to-date: /home/loki/ros2_ws/install/spider_msgs/include/spider_msgs/spider_msgs/msg/detail/robot_state__traits.hpp
[0.497s] -- Up-to-date: /home/loki/ros2_ws/install/spider_msgs/include/spider_msgs/spider_msgs/msg/detail/servo_array__type_support.hpp
[0.497s] -- Up-to-date: /home/loki/ros2_ws/install/spider_msgs/include/spider_msgs/spider_msgs/msg/detail/leg_positions__traits.hpp
[0.497s] -- Up-to-date: /home/loki/ros2_ws/install/spider_msgs/include/spider_msgs/spider_msgs/msg/detail/servo_array__struct.hpp
[0.497s] -- Up-to-date: /home/loki/ros2_ws/install/spider_msgs/include/spider_msgs/spider_msgs/msg/detail/servo_position__struct.hpp
[0.497s] -- Up-to-date: /home/loki/ros2_ws/install/spider_msgs/include/spider_msgs/spider_msgs/msg/detail/servo_array__builder.hpp
[0.497s] -- Up-to-date: /home/loki/ros2_ws/install/spider_msgs/include/spider_msgs/spider_msgs/msg/detail/leg_position__struct.hpp
[0.497s] -- Up-to-date: /home/loki/ros2_ws/install/spider_msgs/include/spider_msgs/spider_msgs/msg/detail/leg_positions__type_support.hpp
[0.497s] -- Up-to-date: /home/loki/ros2_ws/install/spider_msgs/include/spider_msgs/spider_msgs/msg/detail/robot_state__struct.hpp
[0.497s] -- Up-to-date: /home/loki/ros2_ws/install/spider_msgs/include/spider_msgs/spider_msgs/msg/detail/leg_positions__struct.hpp
[0.497s] -- Up-to-date: /home/loki/ros2_ws/install/spider_msgs/include/spider_msgs/spider_msgs/msg/detail/robot_state__builder.hpp
[0.497s] -- Up-to-date: /home/loki/ros2_ws/install/spider_msgs/include/spider_msgs/spider_msgs/msg/detail/robot_state__type_support.hpp
[0.497s] -- Up-to-date: /home/loki/ros2_ws/install/spider_msgs/include/spider_msgs/spider_msgs/msg/detail/servo_position__builder.hpp
[0.497s] -- Up-to-date: /home/loki/ros2_ws/install/spider_msgs/include/spider_msgs/spider_msgs/msg/servo_position.hpp
[0.497s] -- Up-to-date: /home/loki/ros2_ws/install/spider_msgs/include/spider_msgs/spider_msgs
[0.497s] -- Up-to-date: /home/loki/ros2_ws/install/spider_msgs/include/spider_msgs/spider_msgs/srv
[0.497s] -- Up-to-date: /home/loki/ros2_ws/install/spider_msgs/include/spider_msgs/spider_msgs/srv/detail
[0.498s] -- Up-to-date: /home/loki/ros2_ws/install/spider_msgs/include/spider_msgs/spider_msgs/srv/detail/execute_behavior__rosidl_typesupport_fastrtps_cpp.hpp
[0.498s] -- Up-to-date: /home/loki/ros2_ws/install/spider_msgs/include/spider_msgs/spider_msgs/srv/detail/dds_fastrtps
[0.498s] -- Up-to-date: /home/loki/ros2_ws/install/spider_msgs/include/spider_msgs/spider_msgs/srv/detail/set_pose__rosidl_typesupport_fastrtps_cpp.hpp
[0.498s] -- Up-to-date: /home/loki/ros2_ws/install/spider_msgs/include/spider_msgs/spider_msgs/msg
[0.498s] -- Up-to-date: /home/loki/ros2_ws/install/spider_msgs/include/spider_msgs/spider_msgs/msg/rosidl_typesupport_fastrtps_cpp__visibility_control.h
[0.498s] -- Up-to-date: /home/loki/ros2_ws/install/spider_msgs/include/spider_msgs/spider_msgs/msg/detail
[0.498s] -- Up-to-date: /home/loki/ros2_ws/install/spider_msgs/include/spider_msgs/spider_msgs/msg/detail/robot_state__rosidl_typesupport_fastrtps_cpp.hpp
[0.498s] -- Up-to-date: /home/loki/ros2_ws/install/spider_msgs/include/spider_msgs/spider_msgs/msg/detail/dds_fastrtps
[0.498s] -- Up-to-date: /home/loki/ros2_ws/install/spider_msgs/include/spider_msgs/spider_msgs/msg/detail/leg_position__rosidl_typesupport_fastrtps_cpp.hpp
[0.498s] -- Up-to-date: /home/loki/ros2_ws/install/spider_msgs/include/spider_msgs/spider_msgs/msg/detail/servo_position__rosidl_typesupport_fastrtps_cpp.hpp
[0.498s] -- Up-to-date: /home/loki/ros2_ws/install/spider_msgs/include/spider_msgs/spider_msgs/msg/detail/servo_array__rosidl_typesupport_fastrtps_cpp.hpp
[0.498s] -- Up-to-date: /home/loki/ros2_ws/install/spider_msgs/include/spider_msgs/spider_msgs/msg/detail/leg_positions__rosidl_typesupport_fastrtps_cpp.hpp
[0.498s] -- Up-to-date: /home/loki/ros2_ws/install/spider_msgs/lib/libspider_msgs__rosidl_typesupport_fastrtps_cpp.so
[0.498s] -- Up-to-date: /home/loki/ros2_ws/install/spider_msgs/include/spider_msgs/spider_msgs
[0.498s] -- Up-to-date: /home/loki/ros2_ws/install/spider_msgs/include/spider_msgs/spider_msgs/srv
[0.498s] -- Up-to-date: /home/loki/ros2_ws/install/spider_msgs/include/spider_msgs/spider_msgs/srv/detail
[0.498s] -- Up-to-date: /home/loki/ros2_ws/install/spider_msgs/include/spider_msgs/spider_msgs/srv/detail/set_pose__type_support.c
[0.498s] -- Up-to-date: /home/loki/ros2_ws/install/spider_msgs/include/spider_msgs/spider_msgs/srv/detail/execute_behavior__type_support.c
[0.498s] -- Up-to-date: /home/loki/ros2_ws/install/spider_msgs/include/spider_msgs/spider_msgs/srv/detail/execute_behavior__rosidl_typesupport_introspection_c.h
[0.498s] -- Up-to-date: /home/loki/ros2_ws/install/spider_msgs/include/spider_msgs/spider_msgs/srv/detail/set_pose__rosidl_typesupport_introspection_c.h
[0.498s] -- Up-to-date: /home/loki/ros2_ws/install/spider_msgs/include/spider_msgs/spider_msgs/msg
[0.499s] -- Up-to-date: /home/loki/ros2_ws/install/spider_msgs/include/spider_msgs/spider_msgs/msg/rosidl_typesupport_introspection_c__visibility_control.h
[0.499s] -- Up-to-date: /home/loki/ros2_ws/install/spider_msgs/include/spider_msgs/spider_msgs/msg/detail
[0.499s] -- Up-to-date: /home/loki/ros2_ws/install/spider_msgs/include/spider_msgs/spider_msgs/msg/detail/robot_state__rosidl_typesupport_introspection_c.h
[0.499s] -- Up-to-date: /home/loki/ros2_ws/install/spider_msgs/include/spider_msgs/spider_msgs/msg/detail/leg_position__rosidl_typesupport_introspection_c.h
[0.499s] -- Up-to-date: /home/loki/ros2_ws/install/spider_msgs/include/spider_msgs/spider_msgs/msg/detail/servo_position__type_support.c
[0.499s] -- Up-to-date: /home/loki/ros2_ws/install/spider_msgs/include/spider_msgs/spider_msgs/msg/detail/leg_position__type_support.c
[0.499s] -- Up-to-date: /home/loki/ros2_ws/install/spider_msgs/include/spider_msgs/spider_msgs/msg/detail/servo_position__rosidl_typesupport_introspection_c.h
[0.499s] -- Up-to-date: /home/loki/ros2_ws/install/spider_msgs/include/spider_msgs/spider_msgs/msg/detail/servo_array__type_support.c
[0.499s] -- Up-to-date: /home/loki/ros2_ws/install/spider_msgs/include/spider_msgs/spider_msgs/msg/detail/servo_array__rosidl_typesupport_introspection_c.h
[0.499s] -- Up-to-date: /home/loki/ros2_ws/install/spider_msgs/include/spider_msgs/spider_msgs/msg/detail/leg_positions__rosidl_typesupport_introspection_c.h
[0.499s] -- Up-to-date: /home/loki/ros2_ws/install/spider_msgs/include/spider_msgs/spider_msgs/msg/detail/leg_positions__type_support.c
[0.499s] -- Up-to-date: /home/loki/ros2_ws/install/spider_msgs/include/spider_msgs/spider_msgs/msg/detail/robot_state__type_support.c
[0.499s] -- Up-to-date: /home/loki/ros2_ws/install/spider_msgs/lib/libspider_msgs__rosidl_typesupport_introspection_c.so
[0.499s] -- Up-to-date: /home/loki/ros2_ws/install/spider_msgs/lib/libspider_msgs__rosidl_typesupport_c.so
[0.499s] -- Up-to-date: /home/loki/ros2_ws/install/spider_msgs/include/spider_msgs/spider_msgs
[0.499s] -- Up-to-date: /home/loki/ros2_ws/install/spider_msgs/include/spider_msgs/spider_msgs/srv
[0.499s] -- Up-to-date: /home/loki/ros2_ws/install/spider_msgs/include/spider_msgs/spider_msgs/srv/detail
[0.500s] -- Up-to-date: /home/loki/ros2_ws/install/spider_msgs/include/spider_msgs/spider_msgs/srv/detail/set_pose__type_support.cpp
[0.500s] -- Up-to-date: /home/loki/ros2_ws/install/spider_msgs/include/spider_msgs/spider_msgs/srv/detail/set_pose__rosidl_typesupport_introspection_cpp.hpp
[0.500s] -- Up-to-date: /home/loki/ros2_ws/install/spider_msgs/include/spider_msgs/spider_msgs/srv/detail/execute_behavior__rosidl_typesupport_introspection_cpp.hpp
[0.500s] -- Up-to-date: /home/loki/ros2_ws/install/spider_msgs/include/spider_msgs/spider_msgs/srv/detail/execute_behavior__type_support.cpp
[0.500s] -- Up-to-date: /home/loki/ros2_ws/install/spider_msgs/include/spider_msgs/spider_msgs/msg
[0.500s] -- Up-to-date: /home/loki/ros2_ws/install/spider_msgs/include/spider_msgs/spider_msgs/msg/detail
[0.500s] -- Up-to-date: /home/loki/ros2_ws/install/spider_msgs/include/spider_msgs/spider_msgs/msg/detail/leg_position__type_support.cpp
[0.500s] -- Up-to-date: /home/loki/ros2_ws/install/spider_msgs/include/spider_msgs/spider_msgs/msg/detail/robot_state__type_support.cpp
[0.500s] -- Up-to-date: /home/loki/ros2_ws/install/spider_msgs/include/spider_msgs/spider_msgs/msg/detail/servo_array__type_support.cpp
[0.500s] -- Up-to-date: /home/loki/ros2_ws/install/spider_msgs/include/spider_msgs/spider_msgs/msg/detail/servo_position__type_support.cpp
[0.500s] -- Up-to-date: /home/loki/ros2_ws/install/spider_msgs/include/spider_msgs/spider_msgs/msg/detail/leg_positions__rosidl_typesupport_introspection_cpp.hpp
[0.500s] -- Up-to-date: /home/loki/ros2_ws/install/spider_msgs/include/spider_msgs/spider_msgs/msg/detail/robot_state__rosidl_typesupport_introspection_cpp.hpp
[0.500s] -- Up-to-date: /home/loki/ros2_ws/install/spider_msgs/include/spider_msgs/spider_msgs/msg/detail/leg_positions__type_support.cpp
[0.500s] -- Up-to-date: /home/loki/ros2_ws/install/spider_msgs/include/spider_msgs/spider_msgs/msg/detail/leg_position__rosidl_typesupport_introspection_cpp.hpp
[0.500s] -- Up-to-date: /home/loki/ros2_ws/install/spider_msgs/include/spider_msgs/spider_msgs/msg/detail/servo_position__rosidl_typesupport_introspection_cpp.hpp
[0.500s] -- Up-to-date: /home/loki/ros2_ws/install/spider_msgs/include/spider_msgs/spider_msgs/msg/detail/servo_array__rosidl_typesupport_introspection_cpp.hpp
[0.500s] -- Up-to-date: /home/loki/ros2_ws/install/spider_msgs/lib/libspider_msgs__rosidl_typesupport_introspection_cpp.so
[0.500s] -- Up-to-date: /home/loki/ros2_ws/install/spider_msgs/lib/libspider_msgs__rosidl_typesupport_cpp.so
[0.500s] -- Up-to-date: /home/loki/ros2_ws/install/spider_msgs/share/spider_msgs/environment/pythonpath.sh
[0.500s] -- Up-to-date: /home/loki/ros2_ws/install/spider_msgs/share/spider_msgs/environment/pythonpath.dsv
[0.501s] -- Up-to-date: /home/loki/ros2_ws/install/spider_msgs/lib/python3.12/site-packages/spider_msgs-0.0.0-py3.12.egg-info
[0.501s] -- Installing: /home/loki/ros2_ws/install/spider_msgs/lib/python3.12/site-packages/spider_msgs-0.0.0-py3.12.egg-info/dependency_links.txt
[0.501s] -- Installing: /home/loki/ros2_ws/install/spider_msgs/lib/python3.12/site-packages/spider_msgs-0.0.0-py3.12.egg-info/top_level.txt
[0.501s] -- Installing: /home/loki/ros2_ws/install/spider_msgs/lib/python3.12/site-packages/spider_msgs-0.0.0-py3.12.egg-info/PKG-INFO
[0.501s] -- Installing: /home/loki/ros2_ws/install/spider_msgs/lib/python3.12/site-packages/spider_msgs-0.0.0-py3.12.egg-info/SOURCES.txt
[0.501s] -- Up-to-date: /home/loki/ros2_ws/install/spider_msgs/lib/python3.12/site-packages/spider_msgs
[0.501s] -- Up-to-date: /home/loki/ros2_ws/install/spider_msgs/lib/python3.12/site-packages/spider_msgs/__init__.py
[0.501s] -- Up-to-date: /home/loki/ros2_ws/install/spider_msgs/lib/python3.12/site-packages/spider_msgs/spider_msgs_s__rosidl_typesupport_fastrtps_c.so
[0.501s] -- Up-to-date: /home/loki/ros2_ws/install/spider_msgs/lib/python3.12/site-packages/spider_msgs/_spider_msgs_s.ep.rosidl_typesupport_fastrtps_c.c
[0.501s] -- Up-to-date: /home/loki/ros2_ws/install/spider_msgs/lib/python3.12/site-packages/spider_msgs/srv
[0.501s] -- Up-to-date: /home/loki/ros2_ws/install/spider_msgs/lib/python3.12/site-packages/spider_msgs/srv/__init__.py
[0.501s] -- Up-to-date: /home/loki/ros2_ws/install/spider_msgs/lib/python3.12/site-packages/spider_msgs/srv/_execute_behavior.py
[0.501s] -- Up-to-date: /home/loki/ros2_ws/install/spider_msgs/lib/python3.12/site-packages/spider_msgs/srv/_set_pose_s.c
[0.501s] -- Up-to-date: /home/loki/ros2_ws/install/spider_msgs/lib/python3.12/site-packages/spider_msgs/srv/_execute_behavior_s.c
[0.501s] -- Up-to-date: /home/loki/ros2_ws/install/spider_msgs/lib/python3.12/site-packages/spider_msgs/srv/_set_pose.py
[0.501s] -- Up-to-date: /home/loki/ros2_ws/install/spider_msgs/lib/python3.12/site-packages/spider_msgs/spider_msgs_s__rosidl_typesupport_c.so
[0.501s] -- Up-to-date: /home/loki/ros2_ws/install/spider_msgs/lib/python3.12/site-packages/spider_msgs/_spider_msgs_s.ep.rosidl_typesupport_introspection_c.c
[0.501s] -- Up-to-date: /home/loki/ros2_ws/install/spider_msgs/lib/python3.12/site-packages/spider_msgs/msg
[0.501s] -- Up-to-date: /home/loki/ros2_ws/install/spider_msgs/lib/python3.12/site-packages/spider_msgs/msg/_servo_position.py
[0.501s] -- Up-to-date: /home/loki/ros2_ws/install/spider_msgs/lib/python3.12/site-packages/spider_msgs/msg/__init__.py
[0.502s] -- Up-to-date: /home/loki/ros2_ws/install/spider_msgs/lib/python3.12/site-packages/spider_msgs/msg/_servo_position_s.c
[0.502s] -- Up-to-date: /home/loki/ros2_ws/install/spider_msgs/lib/python3.12/site-packages/spider_msgs/msg/_leg_position_s.c
[0.502s] -- Up-to-date: /home/loki/ros2_ws/install/spider_msgs/lib/python3.12/site-packages/spider_msgs/msg/_leg_position.py
[0.502s] -- Up-to-date: /home/loki/ros2_ws/install/spider_msgs/lib/python3.12/site-packages/spider_msgs/msg/_leg_positions_s.c
[0.502s] -- Up-to-date: /home/loki/ros2_ws/install/spider_msgs/lib/python3.12/site-packages/spider_msgs/msg/_robot_state_s.c
[0.502s] -- Up-to-date: /home/loki/ros2_ws/install/spider_msgs/lib/python3.12/site-packages/spider_msgs/msg/_leg_positions.py
[0.502s] -- Up-to-date: /home/loki/ros2_ws/install/spider_msgs/lib/python3.12/site-packages/spider_msgs/msg/_servo_array.py
[0.502s] -- Up-to-date: /home/loki/ros2_ws/install/spider_msgs/lib/python3.12/site-packages/spider_msgs/msg/_servo_array_s.c
[0.502s] -- Up-to-date: /home/loki/ros2_ws/install/spider_msgs/lib/python3.12/site-packages/spider_msgs/msg/_robot_state.py
[0.502s] -- Up-to-date: /home/loki/ros2_ws/install/spider_msgs/lib/python3.12/site-packages/spider_msgs/_spider_msgs_s.ep.rosidl_typesupport_c.c
[0.502s] -- Up-to-date: /home/loki/ros2_ws/install/spider_msgs/lib/python3.12/site-packages/spider_msgs/spider_msgs_s__rosidl_typesupport_introspection_c.so
[0.525s] Listing '/home/loki/ros2_ws/install/spider_msgs/lib/python3.12/site-packages/spider_msgs'...
[0.525s] Listing '/home/loki/ros2_ws/install/spider_msgs/lib/python3.12/site-packages/spider_msgs/msg'...
[0.525s] Listing '/home/loki/ros2_ws/install/spider_msgs/lib/python3.12/site-packages/spider_msgs/srv'...
[0.530s] -- Up-to-date: /home/loki/ros2_ws/install/spider_msgs/lib/python3.12/site-packages/spider_msgs/spider_msgs_s__rosidl_typesupport_fastrtps_c.so
[0.530s] -- Up-to-date: /home/loki/ros2_ws/install/spider_msgs/lib/python3.12/site-packages/spider_msgs/spider_msgs_s__rosidl_typesupport_introspection_c.so
[0.530s] -- Up-to-date: /home/loki/ros2_ws/install/spider_msgs/lib/python3.12/site-packages/spider_msgs/spider_msgs_s__rosidl_typesupport_c.so
[0.530s] -- Up-to-date: /home/loki/ros2_ws/install/spider_msgs/lib/libspider_msgs__rosidl_generator_py.so
[0.530s] -- Up-to-date: /home/loki/ros2_ws/install/spider_msgs/share/spider_msgs/msg/ServoPosition.idl
[0.530s] -- Up-to-date: /home/loki/ros2_ws/install/spider_msgs/share/spider_msgs/msg/ServoArray.idl
[0.531s] -- Up-to-date: /home/loki/ros2_ws/install/spider_msgs/share/spider_msgs/msg/LegPosition.idl
[0.531s] -- Up-to-date: /home/loki/ros2_ws/install/spider_msgs/share/spider_msgs/msg/LegPositions.idl
[0.531s] -- Up-to-date: /home/loki/ros2_ws/install/spider_msgs/share/spider_msgs/msg/RobotState.idl
[0.531s] -- Up-to-date: /home/loki/ros2_ws/install/spider_msgs/share/spider_msgs/srv/ExecuteBehavior.idl
[0.531s] -- Up-to-date: /home/loki/ros2_ws/install/spider_msgs/share/spider_msgs/srv/SetPose.idl
[0.531s] -- Up-to-date: /home/loki/ros2_ws/install/spider_msgs/share/spider_msgs/msg/ServoPosition.msg
[0.531s] -- Up-to-date: /home/loki/ros2_ws/install/spider_msgs/share/spider_msgs/msg/ServoArray.msg
[0.531s] -- Up-to-date: /home/loki/ros2_ws/install/spider_msgs/share/spider_msgs/msg/LegPosition.msg
[0.531s] -- Up-to-date: /home/loki/ros2_ws/install/spider_msgs/share/spider_msgs/msg/LegPositions.msg
[0.531s] -- Up-to-date: /home/loki/ros2_ws/install/spider_msgs/share/spider_msgs/msg/RobotState.msg
[0.531s] -- Up-to-date: /home/loki/ros2_ws/install/spider_msgs/share/spider_msgs/srv/ExecuteBehavior.srv
[0.531s] -- Up-to-date: /home/loki/ros2_ws/install/spider_msgs/share/spider_msgs/srv/SetPose.srv
[0.531s] -- Up-to-date: /home/loki/ros2_ws/install/spider_msgs/share/ament_index/resource_index/package_run_dependencies/spider_msgs
[0.531s] -- Up-to-date: /home/loki/ros2_ws/install/spider_msgs/share/ament_index/resource_index/parent_prefix_path/spider_msgs
[0.532s] -- Up-to-date: /home/loki/ros2_ws/install/spider_msgs/share/spider_msgs/environment/ament_prefix_path.sh
[0.532s] -- Up-to-date: /home/loki/ros2_ws/install/spider_msgs/share/spider_msgs/environment/ament_prefix_path.dsv
[0.532s] -- Up-to-date: /home/loki/ros2_ws/install/spider_msgs/share/spider_msgs/environment/path.sh
[0.532s] -- Up-to-date: /home/loki/ros2_ws/install/spider_msgs/share/spider_msgs/environment/path.dsv
[0.532s] -- Up-to-date: /home/loki/ros2_ws/install/spider_msgs/share/spider_msgs/local_setup.bash
[0.532s] -- Up-to-date: /home/loki/ros2_ws/install/spider_msgs/share/spider_msgs/local_setup.sh
[0.532s] -- Up-to-date: /home/loki/ros2_ws/install/spider_msgs/share/spider_msgs/local_setup.zsh
[0.532s] -- Up-to-date: /home/loki/ros2_ws/install/spider_msgs/share/spider_msgs/local_setup.dsv
[0.532s] -- Installing: /home/loki/ros2_ws/install/spider_msgs/share/spider_msgs/package.dsv
[0.532s] -- Up-to-date: /home/loki/ros2_ws/install/spider_msgs/share/ament_index/resource_index/packages/spider_msgs
[0.532s] -- Up-to-date: /home/loki/ros2_ws/install/spider_msgs/share/spider_msgs/cmake/export_spider_msgs__rosidl_generator_cExport.cmake
[0.532s] -- Up-to-date: /home/loki/ros2_ws/install/spider_msgs/share/spider_msgs/cmake/export_spider_msgs__rosidl_generator_cExport-noconfig.cmake
[0.533s] -- Up-to-date: /home/loki/ros2_ws/install/spider_msgs/share/spider_msgs/cmake/export_spider_msgs__rosidl_typesupport_fastrtps_cExport.cmake
[0.533s] -- Up-to-date: /home/loki/ros2_ws/install/spider_msgs/share/spider_msgs/cmake/export_spider_msgs__rosidl_typesupport_fastrtps_cExport-noconfig.cmake
[0.533s] -- Up-to-date: /home/loki/ros2_ws/install/spider_msgs/share/spider_msgs/cmake/export_spider_msgs__rosidl_generator_cppExport.cmake
[0.533s] -- Up-to-date: /home/loki/ros2_ws/install/spider_msgs/share/spider_msgs/cmake/export_spider_msgs__rosidl_typesupport_fastrtps_cppExport.cmake
[0.533s] -- Up-to-date: /home/loki/ros2_ws/install/spider_msgs/share/spider_msgs/cmake/export_spider_msgs__rosidl_typesupport_fastrtps_cppExport-noconfig.cmake
[0.533s] -- Up-to-date: /home/loki/ros2_ws/install/spider_msgs/share/spider_msgs/cmake/spider_msgs__rosidl_typesupport_introspection_cExport.cmake
[0.533s] -- Up-to-date: /home/loki/ros2_ws/install/spider_msgs/share/spider_msgs/cmake/spider_msgs__rosidl_typesupport_introspection_cExport-noconfig.cmake
[0.533s] -- Up-to-date: /home/loki/ros2_ws/install/spider_msgs/share/spider_msgs/cmake/spider_msgs__rosidl_typesupport_cExport.cmake
[0.533s] -- Up-to-date: /home/loki/ros2_ws/install/spider_msgs/share/spider_msgs/cmake/spider_msgs__rosidl_typesupport_cExport-noconfig.cmake
[0.533s] -- Up-to-date: /home/loki/ros2_ws/install/spider_msgs/share/spider_msgs/cmake/spider_msgs__rosidl_typesupport_introspection_cppExport.cmake
[0.533s] -- Up-to-date: /home/loki/ros2_ws/install/spider_msgs/share/spider_msgs/cmake/spider_msgs__rosidl_typesupport_introspection_cppExport-noconfig.cmake
[0.533s] -- Up-to-date: /home/loki/ros2_ws/install/spider_msgs/share/spider_msgs/cmake/spider_msgs__rosidl_typesupport_cppExport.cmake
[0.533s] -- Up-to-date: /home/loki/ros2_ws/install/spider_msgs/share/spider_msgs/cmake/spider_msgs__rosidl_typesupport_cppExport-noconfig.cmake
[0.533s] -- Up-to-date: /home/loki/ros2_ws/install/spider_msgs/share/spider_msgs/cmake/export_spider_msgs__rosidl_generator_pyExport.cmake
[0.534s] -- Up-to-date: /home/loki/ros2_ws/install/spider_msgs/share/spider_msgs/cmake/export_spider_msgs__rosidl_generator_pyExport-noconfig.cmake
[0.534s] -- Up-to-date: /home/loki/ros2_ws/install/spider_msgs/share/spider_msgs/cmake/rosidl_cmake-extras.cmake
[0.534s] -- Up-to-date: /home/loki/ros2_ws/install/spider_msgs/share/spider_msgs/cmake/ament_cmake_export_dependencies-extras.cmake
[0.534s] -- Up-to-date: /home/loki/ros2_ws/install/spider_msgs/share/spider_msgs/cmake/ament_cmake_export_include_directories-extras.cmake
[0.534s] -- Up-to-date: /home/loki/ros2_ws/install/spider_msgs/share/spider_msgs/cmake/ament_cmake_export_libraries-extras.cmake
[0.534s] -- Up-to-date: /home/loki/ros2_ws/install/spider_msgs/share/spider_msgs/cmake/ament_cmake_export_targets-extras.cmake
[0.534s] -- Up-to-date: /home/loki/ros2_ws/install/spider_msgs/share/spider_msgs/cmake/rosidl_cmake_export_typesupport_targets-extras.cmake
[0.534s] -- Up-to-date: /home/loki/ros2_ws/install/spider_msgs/share/spider_msgs/cmake/rosidl_cmake_export_typesupport_libraries-extras.cmake
[0.534s] -- Up-to-date: /home/loki/ros2_ws/install/spider_msgs/share/spider_msgs/cmake/spider_msgsConfig.cmake
[0.534s] -- Up-to-date: /home/loki/ros2_ws/install/spider_msgs/share/spider_msgs/cmake/spider_msgsConfig-version.cmake
[0.534s] -- Up-to-date: /home/loki/ros2_ws/install/spider_msgs/share/spider_msgs/package.xml
[0.535s] Invoked command in '/home/loki/ros2_ws/build/spider_msgs' returned '0': CMAKE_PREFIX_PATH=${CMAKE_PREFIX_PATH}:/opt/ros/kilted /usr/bin/cmake --install /home/loki/ros2_ws/build/spider_msgs
