running egg_info
creating ../../build/spider_kinematics/spider_kinematics.egg-info
writing ../../build/spider_kinematics/spider_kinematics.egg-info/PKG-INFO
writing dependency_links to ../../build/spider_kinematics/spider_kinematics.egg-info/dependency_links.txt
writing entry points to ../../build/spider_kinematics/spider_kinematics.egg-info/entry_points.txt
writing requirements to ../../build/spider_kinematics/spider_kinematics.egg-info/requires.txt
writing top-level names to ../../build/spider_kinematics/spider_kinematics.egg-info/top_level.txt
writing manifest file '../../build/spider_kinematics/spider_kinematics.egg-info/SOURCES.txt'
reading manifest file '../../build/spider_kinematics/spider_kinematics.egg-info/SOURCES.txt'
writing manifest file '../../build/spider_kinematics/spider_kinematics.egg-info/SOURCES.txt'
running build
running build_py
creating /home/loki/ros2_ws/build/spider_kinematics/build
creating /home/loki/ros2_ws/build/spider_kinematics/build/lib
creating /home/loki/ros2_ws/build/spider_kinematics/build/lib/spider_kinematics
copying spider_kinematics/__init__.py -> /home/loki/ros2_ws/build/spider_kinematics/build/lib/spider_kinematics
copying spider_kinematics/kinematics_node.py -> /home/loki/ros2_ws/build/spider_kinematics/build/lib/spider_kinematics
running install
running install_lib
creating /home/loki/ros2_ws/install/spider_kinematics/lib/python3.12/site-packages/spider_kinematics
copying /home/loki/ros2_ws/build/spider_kinematics/build/lib/spider_kinematics/__init__.py -> /home/loki/ros2_ws/install/spider_kinematics/lib/python3.12/site-packages/spider_kinematics
copying /home/loki/ros2_ws/build/spider_kinematics/build/lib/spider_kinematics/kinematics_node.py -> /home/loki/ros2_ws/install/spider_kinematics/lib/python3.12/site-packages/spider_kinematics
byte-compiling /home/loki/ros2_ws/install/spider_kinematics/lib/python3.12/site-packages/spider_kinematics/__init__.py to __init__.cpython-312.pyc
byte-compiling /home/loki/ros2_ws/install/spider_kinematics/lib/python3.12/site-packages/spider_kinematics/kinematics_node.py to kinematics_node.cpython-312.pyc
running install_data
creating /home/loki/ros2_ws/install/spider_kinematics/share/ament_index
creating /home/loki/ros2_ws/install/spider_kinematics/share/ament_index/resource_index
creating /home/loki/ros2_ws/install/spider_kinematics/share/ament_index/resource_index/packages
copying resource/spider_kinematics -> /home/loki/ros2_ws/install/spider_kinematics/share/ament_index/resource_index/packages
copying package.xml -> /home/loki/ros2_ws/install/spider_kinematics/share/spider_kinematics
running install_egg_info
Copying ../../build/spider_kinematics/spider_kinematics.egg-info to /home/loki/ros2_ws/install/spider_kinematics/lib/python3.12/site-packages/spider_kinematics-0.0.0-py3.12.egg-info
running install_scripts
Installing kinematics_node script to /home/loki/ros2_ws/install/spider_kinematics/lib/spider_kinematics
writing list of installed files to '/home/loki/ros2_ws/build/spider_kinematics/install.log'
