[1.286s] Invoking command in '/home/loki/ros2_ws/src/spider_kinematics': AMENT_PREFIX_PATH=/home/loki/ros2_ws/install/spider_msgs:${AMENT_PREFIX_PATH} CMAKE_PREFIX_PATH=/home/loki/ros2_ws/install/spider_msgs:${CMAKE_PREFIX_PATH} LD_LIBRARY_PATH=/home/loki/ros2_ws/install/spider_msgs/lib:${LD_LIBRARY_PATH} PYTHONPATH=/home/loki/ros2_ws/build/spider_kinematics/prefix_override:/usr/lib/python3/dist-packages/colcon_core/task/python/colcon_distutils_commands:/home/loki/ros2_ws/install/spider_kinematics/lib/python3.12/site-packages:/home/loki/ros2_ws/install/spider_msgs/lib/python3.12/site-packages:${PYTHONPATH} /usr/bin/python3 -W ignore:setup.py install is deprecated -W ignore:easy_install command is deprecated setup.py egg_info --egg-base ../../build/spider_kinematics build --build-base /home/loki/ros2_ws/build/spider_kinematics/build install --record /home/loki/ros2_ws/build/spider_kinematics/install.log --single-version-externally-managed install_data
[1.516s] running egg_info
[1.516s] creating ../../build/spider_kinematics/spider_kinematics.egg-info
[1.534s] writing ../../build/spider_kinematics/spider_kinematics.egg-info/PKG-INFO
[1.534s] writing dependency_links to ../../build/spider_kinematics/spider_kinematics.egg-info/dependency_links.txt
[1.534s] writing entry points to ../../build/spider_kinematics/spider_kinematics.egg-info/entry_points.txt
[1.534s] writing requirements to ../../build/spider_kinematics/spider_kinematics.egg-info/requires.txt
[1.535s] writing top-level names to ../../build/spider_kinematics/spider_kinematics.egg-info/top_level.txt
[1.535s] writing manifest file '../../build/spider_kinematics/spider_kinematics.egg-info/SOURCES.txt'
[1.571s] reading manifest file '../../build/spider_kinematics/spider_kinematics.egg-info/SOURCES.txt'
[1.571s] writing manifest file '../../build/spider_kinematics/spider_kinematics.egg-info/SOURCES.txt'
[1.572s] running build
[1.572s] running build_py
[1.572s] creating /home/loki/ros2_ws/build/spider_kinematics/build
[1.572s] creating /home/loki/ros2_ws/build/spider_kinematics/build/lib
[1.572s] creating /home/loki/ros2_ws/build/spider_kinematics/build/lib/spider_kinematics
[1.572s] copying spider_kinematics/__init__.py -> /home/loki/ros2_ws/build/spider_kinematics/build/lib/spider_kinematics
[1.572s] copying spider_kinematics/kinematics_node.py -> /home/loki/ros2_ws/build/spider_kinematics/build/lib/spider_kinematics
[1.573s] running install
[1.577s] running install_lib
[1.595s] creating /home/loki/ros2_ws/install/spider_kinematics/lib/python3.12/site-packages/spider_kinematics
[1.595s] copying /home/loki/ros2_ws/build/spider_kinematics/build/lib/spider_kinematics/__init__.py -> /home/loki/ros2_ws/install/spider_kinematics/lib/python3.12/site-packages/spider_kinematics
[1.596s] copying /home/loki/ros2_ws/build/spider_kinematics/build/lib/spider_kinematics/kinematics_node.py -> /home/loki/ros2_ws/install/spider_kinematics/lib/python3.12/site-packages/spider_kinematics
[1.596s] byte-compiling /home/loki/ros2_ws/install/spider_kinematics/lib/python3.12/site-packages/spider_kinematics/__init__.py to __init__.cpython-312.pyc
[1.596s] byte-compiling /home/loki/ros2_ws/install/spider_kinematics/lib/python3.12/site-packages/spider_kinematics/kinematics_node.py to kinematics_node.cpython-312.pyc
[1.597s] running install_data
[1.598s] creating /home/loki/ros2_ws/install/spider_kinematics/share/ament_index
[1.598s] creating /home/loki/ros2_ws/install/spider_kinematics/share/ament_index/resource_index
[1.598s] creating /home/loki/ros2_ws/install/spider_kinematics/share/ament_index/resource_index/packages
[1.598s] copying resource/spider_kinematics -> /home/loki/ros2_ws/install/spider_kinematics/share/ament_index/resource_index/packages
[1.598s] copying package.xml -> /home/loki/ros2_ws/install/spider_kinematics/share/spider_kinematics
[1.598s] running install_egg_info
[1.618s] Copying ../../build/spider_kinematics/spider_kinematics.egg-info to /home/loki/ros2_ws/install/spider_kinematics/lib/python3.12/site-packages/spider_kinematics-0.0.0-py3.12.egg-info
[1.618s] running install_scripts
[1.738s] Installing kinematics_node script to /home/loki/ros2_ws/install/spider_kinematics/lib/spider_kinematics
[1.738s] writing list of installed files to '/home/loki/ros2_ws/build/spider_kinematics/install.log'
[1.790s] Invoked command in '/home/loki/ros2_ws/src/spider_kinematics' returned '0': AMENT_PREFIX_PATH=/home/loki/ros2_ws/install/spider_msgs:${AMENT_PREFIX_PATH} CMAKE_PREFIX_PATH=/home/loki/ros2_ws/install/spider_msgs:${CMAKE_PREFIX_PATH} LD_LIBRARY_PATH=/home/loki/ros2_ws/install/spider_msgs/lib:${LD_LIBRARY_PATH} PYTHONPATH=/home/loki/ros2_ws/build/spider_kinematics/prefix_override:/usr/lib/python3/dist-packages/colcon_core/task/python/colcon_distutils_commands:/home/loki/ros2_ws/install/spider_kinematics/lib/python3.12/site-packages:/home/loki/ros2_ws/install/spider_msgs/lib/python3.12/site-packages:${PYTHONPATH} /usr/bin/python3 -W ignore:setup.py install is deprecated -W ignore:easy_install command is deprecated setup.py egg_info --egg-base ../../build/spider_kinematics build --build-base /home/loki/ros2_ws/build/spider_kinematics/build install --record /home/loki/ros2_ws/build/spider_kinematics/install.log --single-version-externally-managed install_data
