running egg_info
writing ../../build/spider_bringup/spider_bringup.egg-info/PKG-INFO
writing dependency_links to ../../build/spider_bringup/spider_bringup.egg-info/dependency_links.txt
writing entry points to ../../build/spider_bringup/spider_bringup.egg-info/entry_points.txt
writing requirements to ../../build/spider_bringup/spider_bringup.egg-info/requires.txt
writing top-level names to ../../build/spider_bringup/spider_bringup.egg-info/top_level.txt
reading manifest file '../../build/spider_bringup/spider_bringup.egg-info/SOURCES.txt'
writing manifest file '../../build/spider_bringup/spider_bringup.egg-info/SOURCES.txt'
running build
running build_py
running install
running install_lib
running install_data
copying launch/spider_robot.launch.py -> /home/loki/ros2_ws/install/spider_bringup/share/spider_bringup/launch
running install_egg_info
removing '/home/loki/ros2_ws/install/spider_bringup/lib/python3.12/site-packages/spider_bringup-0.0.0-py3.12.egg-info' (and everything under it)
Copying ../../build/spider_bringup/spider_bringup.egg-info to /home/loki/ros2_ws/install/spider_bringup/lib/python3.12/site-packages/spider_bringup-0.0.0-py3.12.egg-info
running install_scripts
Installing demo_behaviors_node script to /home/loki/ros2_ws/install/spider_bringup/lib/spider_bringup
writing list of installed files to '/home/loki/ros2_ws/build/spider_bringup/install.log'
